780465900
1168783300
1383792000
1650423700
1926398900
2262121300
2555340300
2847851700
3024480400
3355060000
3657026300
3751906500
3822466000
3899666000
4197723700
4555644100
4679508400
5176854000
5646076500
5971883700
6140110900
6314660900
10748202900
11262731200
12003981100
12484666100
12446418000
12499176700
13734685300
14098058600
14261326900
635551600
1269161300
1407911600
3351485500
4088987200
4632885700
5392243900
5884153100
6782985300
7584828000
7923366700
8163178600
8412778400
8849177100
9306437800
10504829900
11299058200
11423839500
11576160100
11898256100
12071555300
12658881300
16950763900
17196779200
21553647300
828571800
908719000
1417861300
2013366700
3059649700
3324090400
3456302100
3897579200
4248292700
4418243900
4647118800
4922254400
5084681200
5638033900
6136596100
6271018200
6224082200
7110020400
7480848800
10615009500
10502991000
10739587500
11330280800
12089633100
12200458300
12482826400
12944755900
12988199700
13519326500
13672342600
13658690400
14646281500
14581476500
19311692700
21001279300
404620300
682429300
806632400
1020426900
1326007500
2069421100
2928020900
3501550200
6448165800
9767649300
10099756600
10639601800
10976423300
13358067400
13955337700
14198190400
14586291600
15457374200
16093736800
16288557700
16472743200
17007890100
17530594200
17688920400
17692360000
23628700000
24034029500
24660731100
24914216500
25155336300
25472632000
26582734600
26609420200
26915605000
28014463100
28735549200
28989991200
29730137400
30339973500
30710183000
31360907100
31614973000
31757638200
31992444900
576674800
733054500
1210825100
7000589200
7412719600
7605821800
7799030700
8222139400
8039755900
8067491100
9116220500
9111741200
9468652200
9807233000
10799728700
11332201700
11353106300
11752486500
16241086100
16771258300
17017986500
17675333200
18287267000
18713304000
19022385000
20038726900
20370656900
20689283000
24866079900
25343524100
26039763300
28278857800
32683132500
33121584900
33341002600
33516089800
33501967800
33776388200
550297100
793435100
959229700
1658311900
2537093300
2608357600
3358661100
3982722700
4493070500
4479498300
4617831800
5335870600
5856798900
5922885300
5633115800
7124470900
8345249100
8735628200
9248987600
9380565300
9237943000
9622078700
9827173600
10364970900
10653411200
11158749900
12049405000
12149342900
12590741200
12847277900
13017434600
13071345600
13684605200
14005820000
14052210000
16448853600
17237214300
18470891900
18529781700
18826108100
19638381800
20199099400
20607487700
20844609500
21567389300
21807815800
22172908500
22482532300
23397554000
23501251100
23676723400
23651252700
24192961600
24610249800
25228730100
33202558300
33460148400
35709907200
36527401100
36974025000
37790008900
38134037400
38565757400
38696564300
38873675700
39531426000
39786242700
382712600
521928900
925950700
1700910800
2211369700
2659740400
3167728100
3816186300
3668248000
3984281400
4700235400
5691178000
6045337100
6416957900
6510448600
7021471400
7508689500
7767559400
8621937700
8927332600
9781123400
9856760900
10481135100
11141476900
11358631400
11567420000
11645733600
12290129400
12622858200
12759234100
13320357400
13423696500
13565745900
13742364500
17939198700
18013552500
18693190300
19109486800
19222115500
19200373100
19581252300
20476954000
21079436700
21175938000
21526649100
21786211100
22154794700
22389629600
22798084100
23219370500
24557248400
24778479800
25437317400
25467090600
25797302500
26181984600
26541151000
26856252600
27508144200
27516643400
27623520700
28011081200
28518790800
28624857500
29140909400
29458341800
29788959500
30405036900
30962612400
31367503600
31869550500
32305718800
32179680100
32879029500
33499211500
34394769600
35182045600
35806642400
36595935600
36948369800
37281854400
37638870500
37829136800
38803201300
39593481700
661609400
1249502700
1807648700
2508209600
2908979100
3388251700
3606057800
3871802700
4284848600
4468468300
4729589700
5389267100
5434198800
5494571900
5687680100
6192610500
6470664000
7512041200
8432131100
8366781900
12942775800
13699344500
13667561100
13973151200
14272850600
14078689800
14332763200
14327914800
14766930700
15926408600
16219709400
16168520500
16790508000
17183894600
17648180900
17559493500
17268104800
17632279700
17630971300
18320237500
18473019600
18735021300
18652350100
19436366400
19586797900
20311392700
21313219000
21689485300
22472307400
23825302600
25881329300
26583941300
27011643900
27118536300
28213821500
29330540900
31042307300
31478992900
31684020400
32471839400
32774656500
33357716900
39533163900
40701982900
40685345000
41466861700
41872230000
42047496800
42180238400
42648920700
26398800200
26942582700
27481237200
27450978300
27623336600
27807485900
29026717000
29550129800
29568617400
29782915800
30152737900
30522303900
30974421000
31623720500
32629355000
32732095300
33061256500
33012803900
32964843800
33622235200
33935681900
34102335100
34233372400
34454191900
35123375300
38396382400
38622498900
39033234500
39643402200
40826240200
41022654800
40984280900
40619251800
41208367200
41820854000
43365379300
43578632900
44033764800
44744036800
45739442600
46166542900
47613196300
48268924600
49110262200
49811169500
51938255100
52601408400
52796054000
53097850200
53780563900
54159809300
54999452500
55271391400
55836717000
58575400400
58738737200
58926444200
59298610300
41384946100
41586609300
41629979000
49172424400
49392854800
49825889300
49839853100
50427503500
50842075000
50883064200
50882281900
51484870400
51974127500
52340773800
52460870000
52933041700
53294379100
53919437300
53612506800
58206726100
58368911100
58186417700
67352350500
67563284300
67593389500
67647227700
69834641700
70623295600
71089940500
71246291300
71396942700
71520099100
72441413500
73270649300
73633244700
73875338900
74120868700
75225542300
75476253400
75869261300
76352903900
77043561900
444308300
980982800
1234648200
1940551900
2094307900
2499704200
3124053300
3297945200
4020052100
5698157200
5791126600
6291920900
6696212100
9526290600
9956865000
10015613100
10084526300
10502708000
10488979400
10563595300
10946448500
11074656200
11343548900
11563163300
11410643000
11451768100
11953751100
12723950400
13819701900
14416975000
15012745300
15274780000
17274568800
17251490800
17588379200
18135593000
18257458300
18613174800
18960609000
19181304900
19481466700
20012893300
20210502800
22119440200
22491318600
23378151600
23964556300
24389914100
24717042100
25409161300
26066064100
28339083100
28985214600
29383855000
30118388900
30789734000
31152157300
31618768100
31831625500
31746333500
32095239900
32362893300
33188597500
33273587500
33691567300
33955442100
65659215600
66481905900
67471268500
68780081700
69005957900
69605305800
69989359500
70394743200
71387695600
71921606800
72340459900
72827445000
74185633900
53307820200
53691838300
53841133000
54123948500
54211776500
54517868800
54880053300
54869226900
55096156300
55512742900
57361993800
58154067800
58174775900
58921059000
59033397000
59420810100
59505565200
59920620400
59935376400
60664788100
61185054800
61150708800
61614082900
62033159200
62492888600
67949709300
68407126600
68337004200
68353945900
68365264900
68546522100
69362401000
69325354100
69801746400
70520487500
70618282300
70858805000
71354218300
74640994900
75125786500
75670362600
76417687000
76744065400
77064786800
77611978300
77933896300
78427647100
79559455900
80295078100
80619258200
81301667000
82048672700
56213475100
57128872600
57279455800
57632796800
57703915600
58203661900
58666354300
78942514800
79161483400
80614068100
81125754300
81934555400
82570068100
82985751100
83983922300
84128729400
84105279700
84149617400
84846195800
85262451800
85526047700
87331553500
87534095900
87718379600
87573025500
88107073700
89068232100
89295791100
89787917000
89953428700
89894791900
90062167500
91110290500
91443863100
91999378300
90826856100
9077624600
9378344000
9498575100
10186702800
10575829200
10675365000
10916065300
11180237200
11276667500
13212466700
13404839100
13619363900
14600515400
15105232700
15756139000
15879339900
15995976200
16574764000
19793877300
19920247700
20416666700
20799356700
21210780200
21198701800
21717848900
22266668400
22858768900
37567441200
38076728000
38393956400
38815833700
44696016600
44943167600
45258592700
45837052900
46215431600
46798958400
47432189300
47645176600
48093111300
48776905200
49006115800
49617149200
55345649200
55758515300
56404089400
61939567600
63002136900
63161909200
63480201000
63872642200
64314372200
64192214000
64438053400
65393561700
66148734600
66401294600
67116292400
67304975900
68840046900
75709996600
76542084400
76943953700
78003885700
78658496300
79006049700
80565330100
80449235300
80718184200
81419473100
82243096200
83012490300
83709922000
84126336800
85279178200
86005751600
86648858600
87076296600
72020234200
72061896700
72720494400
74858759700
75256308100
75464780900
75848345900
76261041000
77083734300
77001710100
77962667900
78881829100
78940533300
79410246500
79838826100
80563249400
80814249000
81091503000
81475668700
81656684000
82585381600
82905732500
83116733800
83210761200
83929731600
84678167500
85003710000
85073380200
85358925900
85819750000
87207244400
87928075500
88515694800
88767870900
92315612300
92222081500
92476258000
93470021600
94284532400
94542258900
95229784000
95422831300
96223720700
96541743600
97487940000
20716440800
21122706700
21488740600
21615981400
22194836400
23161194400
23128593100
23940228400
24045795200
24420271300
24882807600
25256109600
25702590300
26129444000
26421478000
27113593200
27478044900
31023012900
31205231100
31590040500
31871624000
31964105000
32666657100
33162375700
33108791000
33374529100
33549993400
34145227700
34352923000
35131297400
35310481200
35597313200
37708835400
37855838100
42961573600
43437485700
44064531800
53505808500
54221128000
57696639000
58139099700
59959813700
61666091000
61989605800
62603754700
63417108700
64286258100
64917389700
71282413400
72220605500
72455795200
73006133400
73767817500
73982525300
74781921900
86131616400
86663376700
87204313900
88157757100
90730009400
91263748900
91628456100
91591406000
91629080200
92648227100
93081839700
93374484200
93892534600
94549964200
97873969500
98413987300
99583904500
99765657000
100201489700
100516812100
101283701800
101565485100
102018818100
102347337600
54754396600
55929487500
56310806900
56717435700
57255437500
57462722800
57890917400
58796539300
59259826800
59585001000
59752665100
59882978400
60155185400
60181553200
60803177100
61222041200
62039950700
62059174700
62320035600
62665483700
62772909400
63403027900
64295797100
64495571000
65019467500
65447936100
65928386700
65862736700
65980221900
66192448500
66391106300
67471172400
67819858400
68170559500
68146929700
68816752500
68940529900
69567022000
69407636500
69729602600
70709114400
71206479400
71524630800
72194848200
72780971500
73041510400
73932242500
74426412200
75278659700
76566640600
77323113000
77740171300
78758745100
82633693000
83399442200
83712901100
83851431000
84889674800
85506725400
85971120000
86742554100
87315137300
88532179200
89042991900
89739866900
92449413900
92404683400
92667786800
93084932400
93627787700
95063301200
95463675900
95957534000
96770230500
97100170700
97596882200
98062878900
98348062600
98781546900
99031541300
98960404900
99550635700
100233054200
100699642200
100717461400
100834125200
101610659500
101761600000
101872509500
102627071100
102861961300
103373689900
104059066700
101278822600
101489634100
102086431600
102067785700
102469121900
102743462400
103777626500
104090381500
103909493700
104291682500
104701295600
104954129000
105377074100
105655125300
106076904100
106562425000
107071877900
107585455800
108473555400
108862840100
108927195500
109143952400
109740334900
110425470000
110776619800
110630421100
111710746800
113390252300
113749702700
114854945300
115267038000
115711224500
117728160200
117643815800
117425617600
117836692200
118785868700
119077716000
120091314800
122507628800
122896596100
123271542900
88908430000
89002391700
89124050200
89554563400
90538049900
91278482200
92609823700
93161740600
93368190500
93902047100
96811806700
97388836900
97805628800
98065075200
98185436700
98206713800
99791281300
100190922000
100834046500
101495292300
101900066900
102500621800
103117413000
102999957800
103722630400
104583638900
104552559000
105431546300
105912325900
105886449000
106698524600
107074037000
107460952300
107613068400
107988146500
108736598700
109203712600
109376815000
109385220300
109522923900
110235211700
110213077500
110398037600
111294003300
111662276100
111892813500
112311224700
113259492200
113570256700
113812511100
114147299100
114321388600
114758693900
114991190500
115998653200
116640561100
117327589800
119494116000
42629770800
42778021800
43169398800
43666684600
44476766400
44651436300
45509923400
45612346800
45820077700
46333176300
47086438300
47467655000
47570681800
53694243600
54587834300
55400449300
55444526600
55414204100
55633165900
56132849800
56141335300
56810444000
57006833000
57111478800
57494060900
58466497400
58742783800
59235834900
59362656500
59671359300
59972537500
60454752600
60894775600
61556563500
61892590100
62696481000
64453123900
64810227700
65101252600
65380720900
65459894100
65942137100
66499976400
67130589300
67437728600
68138020000
68128727100
68581859200
68954843200
69484407400
70241187900
70583997800
70912586000
71336613900
71973628000
72615322100
72866332000
73454452500
73560291100
74125153800
74664339400
80966680500
81766815000
82387067700
82890215200
83370062100
93776432800
93838227300
94069860000
94535783200
95044790900
95402993700
96049661100
96780845100
97335363800
97811127200
97591968200
102126627200
102267717900
102387188100
110962318800
111675482700
112086736700
112445131600
113364853900
113742633200
114495478800
115991228800
117134730100
118010003100
118390690600
119558372500
120074330400
120551695200
28459656300
31889921700
32854971000
33011230300
33316925200
34243532800
35341429000
35711373700
36481803100
40029069800
42842790900
43150126400
43033222200
43421599900
43996923600
44545239300
45035984600
45127468700
45282640200
46282116100
46904454900
47221518400
47176149300
47103095900
47371684500
47531865100
47964295100
48377572200
50858421000
53702026700
53891742800
54410268800
54474261200
54648093500
55313247300
55582919900
56052240400
56462735500
56877954800
63878965500
64624477400
64970290000
65566065000
66231386700
67393071700
70474575100
71083448800
71739636900
73435386300
74141762300
74733128000
75297880300
82240882000
82930978100
83117522900
83540811600
83692709000
84335903500
84459607300
84913098200
85739213000
86035712700
86211224600
86709829600
86864115600
87296663800
87303876500
87791727100
88734129100
88839148000
89731253400
89878979700
90570821200
91033845900
91319533500
91479223200
121823749400
122576585000
122886061600
123750982200
123928522800
124065649000
124520650300
124737530200
125100416900
125766662500
126497489900
126954226800
127821713000
135285922000
135767785200
136186536500
136777629000
136917270700
136930101000
137021699900
138062179400
138251468200
138543126800
139019633400
139143789400
139912496800
140812255300
141357057100
141775271700
141499323700
142414995900
142569718000
142513051900
142707616200
142650355400
142772761400
143321731800
143533220200
143832527700
144203501200
144195635500
144927462100
145082061700
145027382500
145462081800
145813377700
93598648000
94111732700
94489880400
94680470200
95328302500
95466852500
95872804200
96869290000
97718295900
98059249200
98395541100
98507227800
98641361300
98906402700
99513462900
100106974300
101171984100
101852344900
102200619600
103662367600
104638603600
104750250300
105293273400
105890085200
106002549800
106822983800
107040543600
113192620200
113617458100
114123275300
114414641900
114759456000
115286061700
115217951600
115540885200
115962646300
116471299900
117070678700
117655429200
118144575900
119214517500
120194745200
121164037200
121584114300
122060495000
122275260500
122758154600
123409889900
123572705800
124470058800
125021025700
125672928200
126827377700
127819637600
128707217500
129538475100
130217724300
130908561300
131099424200
131889532700
132608629400
133425338000
133595083700
133759639900
134176016300
135151315300
135505989000
135628317200
136069916700
136432324300
136921221400
137282139200
138003825500
138447088300
138669313100
140165396700
141358070500
102846058200
103140906500
103201528400
103437263600
104000009900
104523788000
104877504100
105498469300
105961218000
106168587700
106264415100
107115213400
107195908600
107563653500
108352584500
109070373600
109349124200
110052696000
111129669000
111527863800
111924368400
112133513300
111984498800
111970191700
112123779900
112459567700
112833418600
113370142400
113951301600
114088237100
114620486200
115176750400
115984233300
119127165900
119663588300
120356154600
120861796900
121003896900
121527344300
121713118300
122171448600
122810392300
122975893900
124047975900
124323795300
124804571300
125073581500
125771590800
126433636000
126559589300
127914770900
128186483400
128773318700
129115659900
129325163900
129895703300
131167887600
131659932900
135461051900
138177297000
138587410600
139420353300
140118933200
140774734000
143327718900
143280373900
143814773200
144079326500
144978847400
146079460400
146470553700
146887336600
122093359500
122905918200
123075698100
123602857000
123652815100
123695249100
123860968600
124426527100
124887001000
125752702100
125874283100
126208321100
132134328000
132881042100
132911345100
132960253500
133292703500
133827422600
134376481900
134394526400
138489957900
138860552200
139643466900
139673982000
140521962400
141160179300
141731808300
142377255500
142997047100
143635506000
143718545900
144003567700
144504323400
145289995400
146683942300
146918011200
147184180700
147873976000
148478936800
149000423800
149247599800
150471749300
150889965000
152016355300
153126979300
153562893300
107567909700
108551535700
109044307200
109686176500
110175635600
111218492000
111614317400
112626698900
113052553200
113652220300
113655701000
113343268000
114275232800
116070499600
116830848100
116972756100
116939489800
117445016100
117511828100
117578042100
118165745600
118432439700
118796007300
119056043300
119778871200
119951547600
120647824600
120812098100
121575210300
123006733800
123398940600
124264851500
124539652000
124635805500
125635202400
125648240500
126409514700
127164621000
127451015000
127834642300
128156168600
128420461800
128967263200
128990762700
128902952400
128934434600
129363197500
129720012200
129937417300
130606726300
130939711900
131591917700
141751302100
142410632600
142997569500
143483801700
143987806800
144331315100
144654728800
145722133200
145761693000
146279170400
146857413700
147006834600
147821503400
148107983500
148298651500
148505219800
148787999400
148943037100
149057681600
150330099900
150248779000
150694607300
150927300200
151875310400
152000508800
152325159900
153184645300
153926633400
154796314000
155412098700
156753836800
158040037200
158845296100
159011744800
173159295100
173258597900
174566667600
87157359300
87654867700
87793709800
88321467500
88903153900
89041239100
90892106300
96776581400
97294692500
97607767500
98473864800
101201317000
101514851500
101909493700
101974215500
102348154400
102575694200
102765323400
108839455600
109371641500
116629132300
116921353600
118741545000
119455294500
119517019500
119512346300
121100715000
121318947700
122148091900
122544229600
123001094700
122949142600
123523294500
123803462100
124464800000
124607627400
125696495500
126526827500
126962298800
127067229400
127393934700
128802886700
129142254700
129698962000
130417835300
131428230000
131573167400
132403565300
133134134100
133364434900
134005198400
134434745500
135401332400
135530187200
135862000900
136176723200
136564489400
136919816200
137147123900
137580990700
141664035400
142315391900
142547657100
143788157100
144152274800
144648413500
147397171400
147601016600
148155595900
149518601600
149966115700
150042045800
150529668200
150839910800
151294315900
151891178100
152209152800
152454034200
152752762600
153767215000
154228251300
154852050900
155391046300
155556830500
155907234700
156457979900
157115204900
158131859600
158417149300
158932471900
159513911000
159814279800
160217892500
160869366400
161497629800
161404431400
161426985800
161992971800
163062728800
120803444100
121043007400
121593083700
121880720100
121818863900
122586197500
123146733400
123911343000
124455189200
124683250400
125073424700
125355261800
126136202500
126667173800
126894107200
127938215100
128722699600
129481719400
130100682200
130957865000
130762372100
130631639700
131012689700
131245146700
131453847600
132014398600
132274439800
136402990700
136820395600
136971079500
137427422100
137726071800
138127995900
138156174500
138252849400
139294348400
139916593500
140619984900
141665027700
142221210800
142746394300
143165312600
143908211200
144834672400
144814530900
145581243000
146176814200
147305174100
147197788800
148005126300
148291212700
148255188500
148444937100
148692797000
148770440500
149623468300
150292256700
150595242300
151268422800
151731369700
152323582300
152715957600
153793285900
154236831000
154788171300
155212249600
157173147300
157729048600
157984127800
159293341200
164565060300
164812975800
164961842500
165857652000
166291506800
155030413600
155586889100
155807631500
156356687700
156062605500
157108281300
157401691700
157541849200
158468240900
158643172100
159008117600
159223637800
159642276700
160018623900
160524616600
160568755000
161019537900
161647365600
162065067800
164665347000
166125733600
166307248500
167051721700
167536345100
167843985500
168002985200
167903219500
168126116600
168873756000
169104778100
169102796600
170390702000
170762024400
171369759200
172106110800
172182766100
172215679000
172622893800
172968174100
176068894700
179378781600
179882666600
154749823900
155528320200
157517260100
159516131200
159916402000
160462726200
160663378500
160900949800
161397223700
163759820000
164225467400
164652090300
164676420300
164856372800
164805497600
164833023900
165651070500
165850202600
169782033100
170920953300
171158664300
172228866100
172609218900
173068059300
176144989700
176827160900
179307462100
179684096600
180036705800
180824784700
181369041700
184841644600
185422845400
185684666000
186434360000
186276280700
186592267200
187100033200
187474715700
187724737400
188584648100
188631360500
189151951300
189400427100
128816689900
128685603800
129214598100
129576417500
130153376100
130070441800
130810927100
131331646700
132193292000
132291928000
132395444000
133187190900
133696227200
134462108600
136831507900
137245840100
137778250700
138134218600
138538275800
138906301400
139785440700
139640828800
140533390000
140392674800
141152750000
142331466100
142948776600
143204902800
143612649400
143979602200
144803061900
149987729000
150993241600
154423003100
154448722800
154921444100
159296743600
159706311400
159706671900
160174030700
160457395600
160549317600
160824201800
161159914100
161708428100
162062100900
162381408200
162905209800
163389623400
163695162100
164017685500
164565271600
164774895900
165509779000
165900279600
166947459400
167382762700
167680965400
167902750200
168116767900
168374381800
168583742600
169147433500
169614376500
169965263700
170495084700
170982119700
171417906800
171853210800
172011978900
172429348300
173207877400
173358969600
174209799800
174950598500
175474767400
175798907900
176065887300
178032269200
178298981600
179087139100
179619383800
180355803800
183231939600
183557615600
184413699800
185057140100
185670534400
186034178700
186612961000
187056387900
187231458000
190307753800
191259064000
191578744300
191870860500
192606490400
193344462700
193797681200
195602633600
196220799100
197688233700
197714824300
198449873500
199129271800
200052789800
200480178200
200742379600
201667304200
202495455800
203018931400
203529976300
204051025700
205114864000
205139656600
205654345700
205935838300
206558199100
213853090000
214877536300
215392769200
215712915100
215981477000
216509397500
216673833500
175189996300
176123960300
176737757800
176977812700
177877667800
178015685100
178669825800
178726823600
179153313700
179399750100
180403557300
180558240200
181124395100
181807971600
182105978600
182501225500
182767353100
182927650400
183448880700
183623082400
183461096100
184172891400
184125601800
184826309500
184769068600
184950828800
185067427700
186005594100
186112253800
187033574900
187149240000
187927563200
188386155200
188692099600
189077159300
189268872800
189648907800
190094181900
190656451000
190889068600
191705732000
192167753900
192184659100
192335754800
192702871300
192704704900
193012220200
193242364800
194019565100
194205435400
194813399700
195406558400
195689331900
196279500400
196548472300
196749438100
197059175400
197519094500
198172861900
198590783500
199065636900
199256162000
199297228400
199679491000
200085826800
200916787400
201034817700
201737026200
201893139200
202619465400
202859365100
203206010900
204472078600
204974226400
205260626600
205818357800
206375492900
206608547700
206823121500
206949474500
207349639000
207813144400
208664927200
209012962300
209188635300
209524640500
210078219000
211026961400
211819489600
212278554900
212696667000
142902852200
143508012900
144185860400
144327482100
145190148700
151540547900
151515184900
151868758500
152720361400
155268208800
155846312000
156278481100
157013698800
157377538600
157879750200
158027516500
158578916200
158889716200
159100112600
159366366900
159931253200
160442843100
160404617700
161038134000
161916489400
162760493300
163440638200
165442464300
165403796900
165319008400
165632148300
165899764300
166247836100
166653091900
168080782600
171896510300
173499541200
177192864500
176835329500
181509645500
181827223500
181841493200
182081280800
182549596600
182995242600
183589373600
184218292500
185020653700
185394925200
186018462800
186770722200
187167180300
187473381900
187838324200
188249789200
189174457400
189623800000
190219649900
190563300500
191901777200
192449716300
192837989300
194647427300
194989488100
196681458800
197514996200
197966741600
198142400500
199123884200
199425018500
200018043800
200583321300
201050683800
202045024200
202630414500
202937825700
210034766700
211910091200
212580274000
214901423800
136210865800
136357794600
137566211300
138481516400
138927830500
139639269400
139966268400
140373841800
140452331300
140930919900
141681262800
146994678700
147489267500
147456915200
148067166700
148457029600
149221930100
149898188800
169375939900
169744987900
170222627300
170518420600
173408714700
175642132200
175983098500
176376049300
176824152700
177543815800
177834785300
178279957000
178641289700
179421577400
180145285000
180421043800
180621204600
181146217500
181830831800
182399514100
182256049300
192331380200
193171529400
193611459900
194132929300
194734658800
195175017200
195690617200
196230031800
196418618700
196605241600
197103430300
197701666500
197676388600
198000817600
198562677400
198834913200
199257644600
199649509300
203879362500
204137071700
204785217200
205590598900
207170647800
207407032100
208087770200
208576727000
209302825300
209905867700
210712536300
211530226100
212289743000
217298199200
218008277200
218574458000
219020490600
227117486200
236763352300
237278417400
237338969700
162500897500
162936394300
163505551400
164418304400
164974113000
165047960300
165124559100
166294738100
167203406000
168728477100
169345591800
169845967600
170724577000
171194617600
171705711100
172262455700
177723643800
178469864000
179441035800
180188844600
180772087300
181081557200
181466346600
182694115200
182785466500
183916446400
184528963100
184851639000
185339958700
185483693700
186289120400
187327059500
188477153400
189149215600
189817873500
190194053900
190790233100
191422069100
192064469500
193677379200
193562414800
194238858500
197929157200
206855518100
207102139700
207525852400
207942096400
208107028200
208544825700
208732412800
209295891000
210688623100
211164195600
211375845200
211612359300
212538051600
212988390200
213516684900
213910409100
214622201100
215477526000
216463700100
216587881900
216985091700
218012556800
218950195900
220016053900
220346737900
220558683900
220630638200
221628341200
222090483500
222463428600
222916046400
223166871700
226636535000
227825728300
228357914700
239596385100
240052560900
240314790700
189549494300
190033195000
191407360200
191923210500
192855072400
193145749000
193777599700
194002281500
194565717900
200416821900
200775255400
201342464200
201785138500
201462012000
201407703900
201406186000
201671005200
201685657200
201687972500
201697127800
201664681500
201679677000
202115277300
202720111100
203020049000
203179168800
203313882900
203275423000
203616486200
204126850400
204280196900
204381896500
204507887800
204491066300
204627456800
204918736900
205105254400
205171576600
205452623500
212857730300
212772392300
213467280200
214049974200
214177677000
214419556400
214701849900
214886859500
215239948100
215511554600
215995141300
216556171900
216915624900
217529181800
217726647900
218434704900
218595440400
218810691700
219220932500
219623174100
221685284500
222224792100
223257085500
223699836200
223800244900
224326188400
224424664400
224460431900
225256726000
225867481500
226315204300
226934209900
227628367600
227985827500
228851915200
230913631500
232247355300
232534776100
234154889900
234474104000
234664428000
235278268100
235761527600
235985286900
235945260200
236227844900
237371154600
237905989600
238289011600
238612333600
239046302700
239443890600
240358383000
179338609200
179723946900
179853977700
182288401900
183140149900
183761025800
184128666600
184435686500
185019963200
185678496200
186058702900
186210559800
186735910400
187078214200
188399178800
188553880100
188680473600
189631998300
189991243800
190104194600
190237971300
190690921000
191316645900
191303161600
191537267800
192198015400
192396368200
193307190300
194035379000
206395096800
206913631800
216313008000
216793183700
217273196700
217447295400
217916834300
217862883300
218514505400
219789543800
220358406900
220681922000
221213837700
232082022500
232304721900
232377741400
232727861600
232936500400
233816040100
235574107700
236366582500
236636253500
237103469700
240745857000
240699748600
241133985500
241915511000
242438302000
242847176200
243118338900
243363697500
243958912300
160696390800
160782760800
161108018200
161684862400
166252283600
166640140300
166841793200
167481890000
167902527500
169550084400
170013362800
170092289000
170188652300
170688259500
171273144900
171958229700
172268642200
172145190500
172341374600
172805039400
173580705600
174423906300
179199926900
179377303700
179550992100
179861117900
180706284400
180546298000
181224410000
181679442800
182217263700
182514262100
183166032700
183705838000
184159911100
184619436200
185192498900
189000373700
189531926900
189728201000
193320560600
193529414100
193895075700
196898222800
198176545100
198405772600
198934015700
202917346800
203559239400
204865142800
205109820300
206260874100
206236520800
206571621700
206888201300
207691598000
208485634900
209239330300
209594467800
223013362500
223684598400
229099499600
229465567500
230260842000
230271392100
230242044400
230760719100
231199025800
231958927600
232254314600
232712726400
233049301800
233385402200
233787295400
234482189400
235272989100
235781840000
239955527000
240833274500
243701489400
243930897200
244058980700
245374053300
245657200300
246021823600
246621533800
246746586300
201263807200
202059982000
202642741900
202793697800
203063106400
203276713000
203557878200
204454543800
205130083900
205364818700
228383938200
229431088400
229785236600
230347330700
230651398100
231350517500
231684666300
231792408600
231864970900
232139875100
232719863900
232682304100
233146456000
233213208800
233939693100
245427753000
245741078900
246557906600
247284548600
247607645200
248224996400
248678065300
248705915700
249743872600
249851205100
249928135700
251067749400
251437661900
251624231200
252074245700
252343453000
252502454800
253170431600
253332366100
223113739400
223519164800
224101142200
224415456500
226045002100
226402801000
226956316200
227600302400
227890106100
228036741600
228498386000
228897359000
230100613200
230491473700
231034475500
231710187300
232187905500
232796666400
233237204500
233950443800
234128613400
239492382400
239914548400
240234265800
240201908000
240018937900
241001313200
241450172800
241912604000
242526006700
242581457400
243017858900
243507272200
243840570900
244482237800
245513446600
246130321200
246599929200
246727587100
247259863000
247365294500
247859684800
248245462800
248749124300
248757175100
248957629000
249820571100
250090542100
250484315900
250680348200
251009782000
251038329300
251854614600
251776942200
251819008300
199000409100
199105661500
199206415700
199383196300
199829053000
200180638300
200496678100
200852864100
200883542700
201077318300
201076694500
201737125600
202150632100
207152598500
207239593500
207526104100
207668821900
207721467600
207939258700
208321772200
212747836500
212898563600
213117320600
213094099800
213191217200
213129716300
213486369200
214082597600
214643420400
218372404000
218537745400
218962085900
220215664700
220297166100
220542751600
221302954500
222651818600
222763706500
223396961100
223855762700
224112736300
224579875000
225235119400
227380522600
228205986200
228529796500
229094961000
229587213800
230592097600
231691902200
232150590000
232345806300
232346673500
232400117200
232851843300
233209500500
233386250700
237147412900
237579398600
237881317000
238565680100
239083686200
239049911200
239300237000
239952074000
240733691800
241140415700
241561021200
242365126300
243012642200
243230804000
243495932800
243448265200
247133560900
250354495200
250640984600
250884524000
251004218800
230100098100
230671853100
231765465700
235407534900
235969698800
236491980400
236690895700
238541549300
238568646700
238980212200
239957921600
240242106700
240316395100
240563723800
240673989300
240732098100
240803538500
241020603400
241619171800
242848692200
242906703200
243097814200
243416915300
243383948600
243456472000
243425882800
243792683100
243970411100
244670601100
245356701200
245685395800
245978976000
245913409600
245810223500
246019988200
246760507000
247187393600
247791809000
247989121400
250514632900
250715180000
251289151600
251688409400
254487146200
254841276200
255075384400
255143637800
255343394300
255152563800
255193590800
255346296400
255532333700
255951481700
256114616700
256211382100
256279487700
256876929000
257221976900
257203008300
257161155300
257222825500
257370293400
257276234000
257366913900
238536741000
238534813700
241769771500
242289660100
242813707200
243379463200
243685002100
243814958000
244432793800
244879360100
245136276700
246225921300
247150546100
247717187000
248616892000
248854016800
249510405600
250099315600
250967639300
256586195000
256662850000
256789239500
257035002100
257243825600
257749785500
259837919200
260319178400
260746322200
260640600000
262547866900
263082658500
263334172500
263122705400
263069574600
262660401500
262557467800
262835387800
263050078200
263176105500
263295322900
263762751800
264144219900
264161066900
264159902500
264343165600
264749773600
264948619700
265355720900
265530876500
253113511800
253609449200
254067310500
254269019900
254468599900
254359372800
254977017600
255281778200
255334826600
255408296800
255778334200
256066129700
257480115300
257977694700
257957382600
257949575100
258154298700
259606842100
259701038700
260305691900
260550544500
261251946700
261439485200
262888810900
263213004000
263303388800
263240423300
263317951500
263387161300
263282817300
263282390300
263397794500
263302028700
263155768900
262971831500
263424954200
263178399900
263147932600
263507040500
263600417300
263955022600
264231067800
264371529500
264290930900
264467155600
264425277400
264429269100
264450596000
264459197000
264620083700
264677041600
264482007800
264319856100
264411969900
264764653300
264782006800
264858075100
264935083900
265247832300
265355170300
265587702100
265450383300
231937218800
232062217200
233139227300
233147882200
233529738900
233781164700
234362894500
234778749500
234911103400
235094327900
235716462800
235837593500
236074463600
236509050600
237206437500
263333595500
263286419600
263406609100
263492286500
265598682000
265707046000
265775801300
265907084000
266602067700
266623876800
266829777200
266877488700
269113218400
268993966600
269484383000
269403203300
270723514800
271128472100
271323793600
271334458700
271400902100
271238266700
271183732700
271127429300
271183265000
271330611300
271388623000
271189878600
271215576300
271369523100
271377324200
272209674100
272334057900
272695557600
272750044200
272738850400
272820652100
274566124500
275930255900
276125786100
276064630700
276145613600
276198343600
276218924400
276288675000
276127597300
278831507100
278950756100
