174426100
734499000
93540500
179059600
334005900
52539900
30221500
637400
1136800
119039100
170963500
100142800
1146800
196926100
490524500
103400400
62291800
945900
6732600
87602000
122409000
138692300
46306400
845800
210659000
144670800
883600
153550600
33954100
930400
134310800
77278000
52506000
39125000
36731300
61447800
158336900
38127600
878200
138189400
92445700
129348000
923700
230443900
94034500
282891200
104866500
246406800
150433800
699400
233476100
117592700
141823700
877900
92896400
233089400
1500476100
45922400
49355300
68049600
64105900
1951900
95913900
1595700
258944700
91197500
119530500
101618800
1873100
1373500
174993300
17499700
2183800
241816800
307348300
170608000
926200
99609200
1086200
1854200
194985700
135951400
1405800
84746000
104889000
50048600
1818200
44504600
1786500
1878900
250558800
194708300
1831100
88139400
48769100
150747400
229620800
47056400
255660400
193193600
91070800
147812600
239895800
39377800
990100
805700
203495400
187647400
170189500
151854800
172656600
1029400
175885600
29160100
91295300
39353900
680500
1249900
932200
326341500
71110800
85370300
141864500
45928200
112412700
184478500
982200
48282900
767600
306290200
1953652900
350677100
178719900
77759400
230029200
787800
46163400
118311800
2879400
304811200
39515700
112960100
63618900
90372400
46095100
90625000
114693800
47473200
332340200
952300
179101600
245826100
807600
1199300
937600
87939900
930400
129924100
134299200
170058400
159575200
49640000
4027100
33604900
40080500
