314007700
146474900
247683200
859414300
989859700
489608100
563706800
760291100
955570500
1005649100
1347192300
1367380300
330818600
800700600
1290428300
1399439400
240563300
527042200
996287000
1304048200
1655596900
1734384100
2108304400
1562541100
1629176900
1671438100
1856164700
2109348800
659781200
837397200
2331841800
2122439600
2214021800
1932024000
2079292500
2317736800
2405634700
2419812500
2679612000
3103310300
2574217000
3099773400
2660604400
2805772900
3030091300
2734542700
2874017200
2963427800
3371384400
3302626900
3450254800
3523891300
3731308700
3886306700
4115949800
3698279200
3917577900
4379007100
4599132500
4724894700
4007726400
4263460600
4504361400
4834805800
4190186800
5351733500
5463517000
5564980900
5576253200
3287476700
6012897700
6598831600
6363845500
6590361600
6743414500
5853849000
6149708200
6293337900
6979601900
7007596400
7270154400
7559642400
6830552400
6968862600
7169009600
7345694600
7523419200
7421598300
7791071700
8005054100
8103419600
8416691700
7821236600
8096990100
8227470400
8493490100
8555484000
8552160500
8743321400
8849624500
7195005400
7363164800
7463515800
7815282600
8852172800
9396139200
9058952200
9410067600
9655408900
10038617500
10215381200
9588329100
10057110000
10176625300
10815901600
9403387400
9514240600
10559389300
10762190300
10614283200
11086565400
11315785000
11510032500
11708978800
8783667800
11870998900
11948531300
12066831300
11288020400
11593703800
11994309700
12201829400
12687326400
10938018400
12984326300
12887689900
12975166200
13105023500
12404369500
12967276500
13124776700
11249994100
15098015900
15252632500
15355858100
