368596700
770700400
441382800
957370400
383743900
1086893500
1196395400
1122088800
1299880600
1420663600
1649390100
704354600
815633500
1700711000
1779632300
2172444000
1590529200
1756775500
1839377100
2132317800
2558181900
1372675300
1679723100
1917542600
2350595000
2363187200
1931866600
2035670200
2212440400
2551165600
2975721100
2863054800
3037770800
2814579100
2968379400
3124514500
3157708000
3709065900
3850017500
4054096100
4172931800
3776104700
4093677800
4217277800
4367402100
4062812100
4075491600
4166602700
4378571700
4486021300
4692734800
4673391500
5198239900
4947367700
4982720500
5162888800
5281717800
5161654000
5520468300
5582653800
5825438900
6024869900
6342699100
6566374900
3222873600
6326301200
6411755300
6814041400
5834823200
6037935800
6228548800
6475926300
6852718500
6499959300
6715749600
6928010800
7721541700
7287297300
7426685300
7390772300
7843236100
7649132500
7782037600
7938744200
8046787800
8184052100
6315943800
6452282200
7748415700
7914009400
8248734300
7734494600
7724257900
7975235800
8403825400
8367906600
8982763500
9198602700
8429243400
8515800600
8771207200
8878919000
9115774000
9149174100
9153769500
9386858800
9545939300
9784393500
9815333000
8467684400
10029278100
10270735400
9088937500
9201612200
10063590100
10737156300
10443860700
10849007700
10919195300
11286730500
11196335100
11236546400
9741937900
9908127100
10555933400
11295051200
11816998600
11917487900
12099391600
11571668500
11419335300
11570398300
12063701700
11782329400
11782287800
12555898500
12611536200
12931180300
10590092300
10667459000
10946052800
13017894000
13210660100
12821054300
13139435000
13164937900
13310683900
13774030600
13860274200
13853386700
14034530800
13062543200
13270502900
13485959400
13661937800
13853507400
14261446200
14467309600
14541275800
14526003200
10042072100
11696133600
11775439100
12186654300
15485286100
