70781500
7714200
92880100
135019700
3604300
62106600
438077700
325487900
55140200
59524400
115330300
117137200
156208900
39382600
4343700
4883700
3339300
66743800
61850900
3267300
59496400
596007800
548068100
651708400
542669400
454006200
335983000
83581600
707928000
508606000
198653700
55118700
729373000
827195600
680304600
542098100
441283500
821198500
667932300
594797400
706005400
627304700
579199700
451408000
276514400
797573600
668321000
511570300
484727000
251977600
924363500
889501200
883864300
741708700
903194400
952591900
978825900
901704100
828290700
667547100
605111500
936939600
836235800
996325800
859822800
763451900
632938000
1013798300
860104000
814006100
568407100
501618700
985122600
943099400
671952800
1029677700
896000000
825752500
635645100
1067554000
909100500
857151000
641795500
912990900
965991700
735631500
488064400
884508500
728660600
856157100
718921400
1103345700
1053906400
980558700
800735000
755794300
1133089500
1124049500
1034348400
840692300
791154600
1170410000
1137067500
1046302300
873057700
817929900
567851900
1135407600
1042602200
945511700
1101484700
1005072300
986332500
1237018400
1098249300
962714100
868019000
989593000
766646400
1199862100
1058154200
945154400
871019700
1185336600
1038541200
942856500
909795900
670478800
1104141200
794559600
699034100
697659300
1058065700
1101510800
815757100
1052294300
823291800
823910900
708284600
1140055300
1160420500
1131698300
939158200
817914900
1132931400
1093257900
1152348600
1167404200
1225973000
1207662800
1252737300
1269483100
