106085300
178321600
354740200
86556100
2259733700
71002300
123264000
79528800
120213600
611207700
1025264100
274107000
67293800
180647900
2549434100
1727906900
1614991000
56027800
343946400
1521657700
1088323800
396920000
887456800
906049600
304030700
351796100
462653500
3890914200
3712482300
2434556200
1035420200
531456700
4564183100
2192113500
1623153600
1598073500
2337683200
177158900
74152200
8878800
90610300
16335400
5281200
1440378500
1979706800
5136366300
4029591900
3578719800
3178913800
4032297500
4561929400
4281251400
3526572800
2808550200
2867740500
2995139100
4673508600
3938355000
5175547300
4369841300
4012913800
3881308800
3673289500
3656107300
6411333400
5471072600
5594125100
4163940000
3840714200
6931879800
5618815300
7081309200
7135526300
4885944100
4734128800
6967097600
4781189800
3347239100
1885612200
4451773600
4106583600
1974221500
3825756000
7135212400
6273321600
6111679900
7665368600
5253271900
4277687900
3834867800
6457708500
6384573900
6178466000
2114945400
1503299700
8238772400
6147617300
5597620900
5365048900
5302370000
3522146000
976790600
300345800
311076900
8077643200
8056012700
7919904900
7817573700
8190487200
7462947600
7676636700
6874913600
6472008500
6437179100
8941923100
5014518100
4604064900
4562447800
8416731900
6766947500
5964821600
5557968100
7788338600
6339542700
6649660500
6441364200
5717910500
3124089000
2507092700
8681219700
8062059600
7229815200
6620267200
5627026400
8886903500
9352181700
8592915600
7188983000
7106157900
4636530600
8798955100
8378177100
7972518100
7210855300
6656673200
6695103600
6554700300
7631377600
7502725900
8924536700
7928574900
8532297000
8522182700
8268616600
8686207600
8777314700
11842784100
10501867900
10225504200
