270268200
325462500
467138700
245852200
500405100
941095200
1036576100
441686400
563162800
765980400
984813400
771228400
1019292900
1136832200
248763300
778187400
978227500
1164384800
1418726100
550810700
1093311900
1289984600
1546964200
1803104100
2083211100
1318071200
1467141400
1696963700
1908066200
2265153700
1543538100
1505607300
1903656700
2372743400
2077982100
2468677000
1956678400
2015513200
2562234900
2687222800
3296525300
2628841100
2802043700
3021400600
3115971600
3540669600
2906253600
2969884300
3296348000
3508765900
3746675600
2921161900
3334930000
3704155400
3914993400
3904715800
4104039400
3431513200
3803551000
3970259500
4059478800
2973474800
2915065400
3308434000
3416574600
4047374100
4521470300
4646290800
4706851800
4955128100
4727766800
5024221900
4875910600
5259295700
5739959700
5262652100
5511995200
5792195900
4351969400
4607351900
5056953200
5410593100
5733502100
5212800500
5590158500
5740667400
5880060700
5385767200
5588815800
6137547900
5910276200
6079915600
6325254800
6317125200
6796938400
7071295600
6958319000
6975148600
6982772400
7203691800
7403402200
6773675300
7235167300
7462854400
6430657700
6896447300
7389559700
7666140600
7772969400
7969270700
8093933100
8070145900
8596537300
7751537000
8066598600
8194309700
8751376900
8137380200
8217996800
8287807600
8544617100
8776450500
9311444300
8218774700
8366432700
8771879700
9157416500
9313366200
8499605000
8640419600
8883832700
9048380400
9454013900
9420767300
9679871300
9924530800
9919242500
9478441300
9650169600
9759653800
9937744300
10120273300
