53054000
133836300
71420600
374490400
48562500
4458800
6363600
4485300
65886800
11610900
68472400
2437055600
1226502200
2575455700
803640100
657152700
597297100
479442600
2586300000
1347945400
70496100
60156800
414698200
163967000
229101100
6529200
3137925100
2901633100
584116600
85208900
3880802300
3447193900
3462865400
1667967900
1419395600
4182219300
2022281100
1324054600
573185600
145780300
209016400
5615100
4126960500
4086506800
3635388400
3316592100
4689400
159804800
110774300
3617400
8099400
4900499700
4522740500
4452358700
1848152200
1789029400
1624946500
53508000
643096600
80864300
250948900
64373200
228440900
4626208000
4072865400
4049682200
3285981000
5037264500
5014948500
3676913800
2829575800
4110025500
3686002700
5127331000
4823614900
4174056400
4533234700
4580183400
4521200800
3750469600
4563473000
2380925600
3207078200
1871041100
3365699500
4122017000
2337426500
1597783400
4267910000
3780952700
1827747400
406095300
5088069400
4980499600
4745876400
4275400000
3355649600
1851815400
5626282600
3853090800
3716974900
4994088700
5194400
5090937300
3879780000
3205939800
2750524300
2741046900
6092551700
4880946000
1112853400
1073855200
5598752400
1146464800
707618000
748264000
3621238900
4675348400
3925009000
2810055900
2419273500
2415176100
6136503800
6128645800
5308607100
4880259500
4813568600
5955695100
4082969700
4061851400
3987832700
5980596500
6579504700
6147158100
6794182100
5723850500
4599636700
4273881100
6215643800
6321459400
6129086700
5652751900
5191323800
5894784100
5258531100
3622863400
3510376200
4412816300
1782718300
61664300
99452400
108238200
