24472000
8932600
69355600
507698100
471582100
27500100
45775700
157553200
114084400
162168600
11422100
68901800
54235600
20700600
173082800
130924600
273246500
460633000
393619400
182333500
94498500
568044900
583128600
619858200
533730200
440708900
639481900
558723100
581349600
554070300
399142500
401284900
684473900
556619400
306795800
660649700
687029400
673257500
475027200
722247000
709708300
650567100
359046600
346959400
722585300
665455400
723663400
788505500
712848000
563803500
839526600
773730100
817628200
795526500
642037200
559745900
766557700
789909800
605071500
307950800
849072600
777853900
682910600
939463700
873824500
921883200
952828700
844250700
820578900
801572400
649473700
568084300
432306800
879101200
843914200
839114200
558546700
1023540100
984333500
1032826700
1063290900
1016187300
978625100
1004041600
998442900
764185300
467097100
461506400
1000493400
958762400
934219200
803642600
1032678900
1024996200
815495100
773888600
508893500
1055008500
1083236000
1026172300
853950500
823187900
1068768000
1028263100
746021100
1086147600
1052039200
1095542100
1088022400
951705000
1142116500
1072358500
1122358500
1073707200
967704100
917557600
1206495700
1200442800
1061324700
1194819700
1140444800
1185937200
1276303600
1256118300
1059222800
952495100
1302080400
1305324400
1261980600
1303235100
1287810500
1162686200
1031657600
915022200
1380405700
1297472500
1237711900
1356899400
1305063000
1214559500
1010029200
949720000
1489982800
1419469300
1228690000
1489710400
1435797800
1259695600
1228366300
1600624400
1572072700
1421531200
1326031700
1168845600
