270314000
337363600
345669000
120568900
476024600
600626900
1271560400
396989900
358731800
713162400
1122337000
325762600
684427900
990483900
1167664000
2114788200
2317569600
1019598500
1493946900
1430947700
2322210700
1848188600
1685843000
2188432600
2435450800
2653178100
2693117400
2320309600
2425397300
2679386800
2980856200
2977201900
3078452300
3161389000
3118000800
3358190800
121388400
202089900
181823800
3147890900
3553110500
3516083000
3685595800
3945876300
4354678400
4494037600
3673782100
3587632200
4467370200
3747600900
3746998200
4121000900
4270815500
4461863400
3879753200
3970389900
4488576200
4992742900
4615736000
4708085100
4843097900
5094467800
5214078000
5150002600
5306679100
5699603400
4962181900
5100621300
5629923800
5294302600
5282893600
5686579500
5859768800
5932696700
5982059900
6219965400
6181722800
5749729800
5730607400
5861306800
6176915500
6422705400
6744120600
6710366200
6777894200
7152443000
6089590000
6207497600
6693318900
7057287800
7251409800
7121957300
7189898600
7199427900
7585687300
7932234700
7437217600
7950079000
8255344600
8615977100
8409445200
8570690300
8940538200
9275686400
9013022700
9179232800
9398021400
9969517600
6146837100
10516921100
10861691800
10033903300
10458598800
10725499700
10867569500
10943783600
8516656700
8924466800
9082152800
9134896200
11047376000
11615941700
11626961300
11775932300
11474036500
11739546800
11903385200
10262476000
10568401200
10692477200
11863810300
12386088500
11640067900
12172632400
12202087600
12411012600
17593767700
17651682600
