5498400
13118700
67620200
4424500
35618000
5608800
97160800
77741300
50784400
66191900
124906400
283283000
332955700
273690200
126298000
59893700
253584800
253335800
233928300
132534800
391185400
389698300
301496400
290342800
157518000
393940500
346022700
226411200
304408000
297666400
177977800
167114400
211819100
523384800
474924100
443232100
9565600
9612200
126585200
258972100
271353100
535701600
529320900
503165200
543492900
533271500
508339600
369070900
329554600
587979400
486962800
662801800
598828700
670779100
589889100
558566600
445405100
606378700
615833700
425283700
449777000
458584700
392036000
378015900
706900300
693393900
597946400
423139200
390588700
351955100
657932500
659731300
594946300
406913500
745651700
711965200
638755200
607923800
520716300
727274200
725657400
662893400
630214000
497733300
760159500
644230900
490483700
481320600
469871000
788644400
734692400
694082300
600788400
555670400
795530200
793838400
758485800
846697700
859715800
781125700
749162000
855289600
888885400
810692600
638091500
909738400
806430900
638358700
882323500
891678100
802909000
674587000
641578400
954796000
910026300
994117200
939190800
974725500
968101500
948407200
926193800
1015750900
1058778000
1195256200
1140553800
1104882200
935252500
1218911600
1163141100
1124134400
1032337000
1027045800
1070136500
1127890800
1091570000
1147613900
1150651900
1073387400
969170500
954481700
954221400
1163934300
1147715900
1178429800
1110576600
1099369100
1271630600
1255588900
1168480300
1157572700
1197508800
1060036000
1019250200
1275308600
1202251500
1317075300
1175143000
1155605300
1152533000
1148917400
1313638200
1341230700
1505924500
