148162900
865280100
931911000
931942000
1514002000
996930800
1296359300
1562042600
1945429000
1682647000
1938074300
2054515400
2827374100
136948900
844951800
1376207800
1918537700
2540926400
2308452700
2544013900
3036209300
3148136700
1652353300
2050902700
2342193000
3089683700
3680586100
3267188300
3510292900
3526477200
3621262700
4003388200
4052460900
3976466300
3935241200
4245343700
4890785800
5025076700
5141668400
4532238600
4843609100
5246210200
5589538300
4785102300
5402086200
5580041200
5290686700
5417160000
5517937600
5651419100
6015946900
6185428000
6532463900
6219639300
6320501200
6473755400
6577507000
6676118700
6949303000
7232763700
6572172700
6928584300
6887612200
6992515100
7047203200
7540629600
7946535900
7996827800
7487360700
8340770600
7389181500
7874931800
8130988000
8469343300
7019798300
7223461300
8236158700
8344527400
8369550600
9399425600
9614203900
9677225300
9900977500
9244013900
9271841600
9501888100
9918492500
9676627400
9719647600
9805817000
10119316600
10243733800
10528010600
9608304100
9773744800
9987111900
10257934900
10446868100
11086513300
11333352200
11130345400
11215816700
11411420200
11510551000
10839693800
11127738900
11040213700
11426947600
11887005900
12496615200
12828704800
11936575200
12164062500
12354706500
12526489500
12726945300
13035418400
13406893400
13650960100
11837463900
12651714100
13093632200
13640701600
14255427600
14440060600
14398432500
14083318600
14570470100
14815753300
14896561800
15178396700
14355560700
15315365700
15749749700
15942026100
11717862200
11738293100
11838780600
11654675500
16088161200
17597231500
17542634600
325347200
288788900
523435200
737067400
44918324100
