315869600
124007400
18773500
1465211000
481047100
55606900
1173390800
1088325700
1041304900
1086874300
2563986500
1449664800
1192223400
1823272800
173604700
2780815500
2482590500
303691500
95543900
52810600
6513500
1561387900
1160392500
3226990600
1666633500
1579887200
866139900
399895300
4424976000
54026700
7282900
4585800
66319700
4869378600
3974355900
3718478200
4424180700
4404630100
3739313600
2173192700
2094954000
2079010400
981706800
781701900
26836300
4695795600
2965376800
1458136300
1380448500
419132300
4814389200
2945423600
1575056800
339898100
50928500
3002125000
1050938500
39751600
45024200
13433100
5123349400
3533730300
3099558700
3553829900
3318576800
2406516000
1883426200
5198523300
5092977400
4891141500
5360094500
5307904200
4961200400
4535793200
2799896000
5761809800
4672134700
3434776400
6005302500
4647616600
5420466200
5065344500
4885017800
4646716900
4443376000
5058190300
4375216800
2771249200
4834578500
4048653500
3670964600
1687947200
6156987300
6097751400
5946176400
5914787700
3207368000
1442962100
5760903700
5183410600
4426281200
4527535000
5451200
5954600900
5782665200
3863834100
2962172000
2823730400
2469892800
5330639700
2938287600
1843323200
1174191300
1048519900
6504657900
4467270600
4091999800
5199757200
5568324900
4179410800
6859303800
4778005300
3203976400
6897756900
3624694500
6925140700
6540750700
6033484800
5873022400
5296744200
5438979300
5306420800
5544719800
5208115000
4796227700
4812017100
7110982300
7212635800
7088520700
6012105500
5568401900
4282645100
7091322500
6794808000
4686509800
1274096300
245330500
7343943800
6410697500
6324787700
6624484200
5105530300
2973180900
2415326100
7162421000
7015783100
6679943100
6462056600
4600448300
4827000
60995700
6298700
81215400
128405400
