221951700
544408100
799739600
267187300
570460500
599765300
494703400
621097300
426434300
530965900
1069387700
1058532900
970628900
562139300
521774700
991100000
1096452900
1073660700
1452471100
1692269100
1383068000
1370967000
1777375000
1767745500
1795437100
2080865700
2362889100
2620686100
2463856400
2601619700
3087810900
2327311200
2530193700
2838422700
3053861800
3450803800
2226472800
1928013300
2441937700
2852747200
3052684200
274048200
332815400
549835900
1089721800
3430338600
3481472100
3635863200
3512724700
3943622400
4301774400
3888089100
4250532400
4209546300
4159236100
4338928000
5209991500
5287259100
4568654600
4762300500
4810663100
5339640100
6138233900
6502520900
6050332600
6575924300
5036378700
5930788400
6037646400
6327784100
6328284600
6144429500
6836038200
6620630000
6704183800
6643892700
7181374800
7309257700
7272865300
7960619900
8073780800
8075494200
7500527800
7611587200
7570854500
7777187700
8055642500
7634974800
8208497600
8717866900
8682350100
8737437400
9083700600
7495337900
7867368300
8049580900
8281401700
8692679100
8290224900
8038075000
8427137300
8543752600
8495095400
9749415300
10222543400
9567205900
10016491800
10141853400
10212583900
10607628500
10809914300
11026637000
9836230700
10783374500
10894230800
11098621100
10681457900
10970887100
11210084900
11301859600
11457758100
11263022100
11434354500
11610847100
11785061700
11995752700
12037212400
12236249100
12493846700
12774741100
9559179700
9792834800
10615452000
10609673000
12317075900
13029455900
13144651300
13159920700
13295860200
13435192700
13718929500
13790323800
11728657800
12094694800
12009430500
13785524600
13405908900
13497653400
13452446000
13886608600
16248099400
