122820700
353482400
403924000
638077500
98131500
277581400
573076100
549525400
1112979600
668177100
618000700
855121000
954745900
1196150200
1316236600
620911500
923976600
1166425400
1224618800
1500207700
1500286200
1658689800
1374141200
1678512200
2006088600
312588400
763609400
1097510900
1577571800
1875947400
2197355200
1678970000
1795335500
1826153300
2066475000
2502361200
2102154700
2337009000
2400148700
2531659900
2893586700
2302113900
2613807300
2749875000
2871988000
3165650500
2607149100
2794260700
2867721800
2966023000
3396361900
2373591300
2895281500
3510200700
3646318100
3335079200
4057402300
2855334100
3092936200
3288601000
3798463500
4005852000
4288849900
4348239400
4177143300
4514809100
4737468000
3723835800
4000745300
4056573100
4451062000
4817924700
4598117500
4783954200
4988731800
5316772300
5510033300
5632366300
4343000500
4729664000
4876990600
5429776800
5506334900
4750537600
4892433800
5363742700
5536664000
5703866300
5278948400
5619098200
5900266100
5964297900
6362718700
5602931800
5936263800
6288495600
6045563800
6364461100
6523570400
6604971400
6979129900
6129648500
6277713200
6597426500
6844712000
6975135300
6360621200
6651704600
6945585100
7138485900
7238561400
7440690600
6957858400
7161407800
7524442300
6840903300
7329165100
7396803600
7479660500
7580279200
7704032600
8001848900
8000566500
8295632700
8338380800
8481747900
7776979800
7821030800
8020460700
8482934600
8147760100
8120806000
8129499200
8249897000
8594335400
9002048300
7866057500
8204517800
8540809700
8780978100
8882969500
8908488500
8978870400
9341310100
9572823900
8921847100
9125369000
9446123400
9136264500
9372453300
9662463100
9809951400
9444927600
9715300000
9761952100
10046953500
10217423200
9736680300
9771062000
9827949200
10257511100
10437024900
