228649300
766651900
855933500
389619900
729544300
824110900
923654900
1143426300
537480400
742142900
1016399400
1330553800
663996000
779453500
1144886500
1327832000
1627661900
1247432100
1680485600
2233814300
219518100
1391674300
1795950400
2040725000
2565871500
1577290900
1881068100
2198253600
2277962800
2476797400
1849449000
1948807100
2196338300
2238435000
2564389900
2039423600
2253239400
2571420400
2721173900
2993042400
3050514400
2471872600
2565663600
2932526000
3012333500
3610038900
3075648000
3161535200
3256292200
3524541600
3758618800
2959794000
3172594500
3197932600
3690647300
3583182200
3937040600
3178342700
3353572200
3875416000
4056549900
4317075000
4007620700
4168931500
4388437400
4607444500
4937026300
4295077700
4778618200
5143514800
4266272800
4477424900
4633116700
5219283000
4387897200
4793533800
5004234300
5096459200
5347095300
4990021900
5231119000
5406834300
5535399400
5697665200
5438159200
5953323500
6041653800
6187667300
5429564300
5741413200
5824980800
6221668700
6639994700
6734795300
5914565400
6121781400
6390998800
6404804500
6638052200
5783835400
5943463200
6297565100
6258841000
6728725500
5981963400
6060820700
6447342400
6709171000
7020408500
6743052800
7483585400
7154579200
7504297300
6986295400
7228558800
7450533600
7511907800
7668504500
7505446600
7684604100
7936905400
7692148500
7993930100
8222658100
7852730900
7945985000
7964772800
8208804300
7444293700
7686466500
7899827400
8216808300
8284895000
8230990300
8629818000
8437949100
8954748300
9046809500
9223012100
8816949900
8886215200
9298337800
9451900600
9563523500
9997240400
9222577900
9473793600
9657894900
10029501700
9468010800
9646805000
9796715400
10116937900
10150191700
8548031900
9687992000
9808021100
9951833800
10240787700
