585934300
291974900
439689700
387495000
704879900
323715300
511069200
431905200
843506700
1298294300
1421183700
1686641400
438247300
518886600
677866600
1256338600
976355300
1519960800
1878302500
1848775000
820778000
1093296200
1275580700
1526083400
1567561100
1904813900
2072123200
2210374100
2283922200
2007775300
2492777000
2704976400
3119169200
1772754500
2171754500
2413140900
2428958400
2663566000
2388911000
2569446800
2905350300
2899552200
2985281400
3048408100
3294371400
3204217500
2346579900
2651501600
2884473100
3130297500
3235623200
3438825000
3600747000
3922487200
3877982200
3824206100
4002324000
3955278600
3998269700
4149650800
4169147500
4326072400
4760237200
4464910500
4617896700
4452633400
4748805600
3443648600
4501408700
4699550500
4631622000
5007640900
4924630700
5141746600
5636061800
5054422100
5119716600
5554010200
4434593600
4726347400
4819475400
5139488500
5513080100
6199579200
6372890700
5897319600
5997639200
6036395300
6013005800
6317669800
5721736200
5866837700
6240880400
6783617800
7032684500
7152972000
6201331100
6156936000
6369543200
6529943600
6770936900
7404721200
7506231800
7681840000
6739825100
6679629300
7062086400
7211834600
7391123900
7026392000
7080057400
7427827600
7457241000
7738016100
8295895100
7998676500
8092230700
8303848800
7448163500
7645022300
7824990700
7934976900
8541415000
8727096500
8698582500
8876518500
8667637300
9064123600
9416147700
9415798000
9945778700
10162489900
8639677100
8970464900
9128773300
9292600400
9910429600
9299856500
9495043200
9585467000
9848495000
9980072200
9089504400
9336480600
9662927300
9790332800
10456436600
10602112100
10693959900
10796613300
10779096700
11011566600
9197189100
10515056500
10865801500
11207823100
11425552900
