6471900
5138000
117496900
65535200
79480400
68527800
58095700
81184000
70801200
70281800
4944200
5005000
53292500
23930700
176079400
219387200
115431100
113119500
283887800
296553500
276378800
287581400
160508900
144187800
57862200
339706100
355418300
315865900
235413600
249266200
372555500
323277700
229376400
251742400
168459700
327257300
315838400
250405600
216425100
180539100
404964500
463044700
425560800
479408600
349982200
324597400
486743100
478129000
339624700
329928300
423114800
368472200
345265200
265695800
459618000
382289200
347441600
256602600
247686500
525516900
492607300
400447700
383736100
303792500
489796100
403463600
376755300
307849500
291282700
559300300
447976700
577342100
575113000
439279900
552162500
583897700
609399600
515527400
627554900
501970800
556249200
477828000
421172400
555359500
442938000
413750500
561298400
454174400
408091500
399754100
367154500
578459200
487799400
475026600
402585100
521194000
534304700
452771500
425703400
410127800
576725900
522426100
525659900
459164900
443377400
627967900
542837000
632392700
668896000
673137500
622678100
522909000
676778700
634562400
566739200
685977000
655147500
699254400
594422500
745116000
713967400
713416800
610142900
757956300
654706100
591520100
575194600
535516500
772178300
694351700
646826800
642087300
774283800
