284081400
327547500
228949700
517986600
642132200
784451100
308001100
667752100
870350100
879324900
1132292300
450834600
731724600
1213467000
1556402300
1460530100
1724030600
620156400
977513400
1199220000
1577400400
1645001600
1875781000
2198864900
1341131800
1638624200
1772281500
2226855000
1951347200
2361438000
2745893600
1912129300
2220929200
2412154500
2823078500
2156680900
2428561700
2687805200
2931619500
2534314800
2830971600
2905933100
2995553700
3116757900
3200103700
3343975600
3243141700
3369699900
3376322300
3546209400
3027075700
3264590000
3491638300
3652583900
3576276700
3816248000
4031269400
3885494600
4155780500
4271985700
3917505100
4167556800
4306449400
4599739100
4024061400
4378963700
4693184700
4888845400
4775319700
5171018100
5397187600
4413753200
4829591100
4947916600
5279247600
5486926800
5854528200
5450651300
5545864100
5930199200
5100309600
5377567700
5686101100
5760662000
6108317300
4170714700
4405732900
4674108000
6238674100
6690114300
6761500500
6877163800
7066590700
6514589500
6838784700
7019463600
7073875500
6023599100
6536739200
6884402300
6981198900
7163470100
6263359600
6538397800
6709730500
6880462300
7220923300
7875460200
7585906500
7732108900
7904433700
8178738600
8372066100
7667511000
7910701000
7946650500
8176299200
8310250600
7306228000
7670242300
7825800800
8294328300
8411539100
8759937200
8276296500
8440969100
8627872800
9095560600
9104286700
9325575600
9390871900
8322300900
8652073900
8771100100
8925939900
9170701000
8933288400
9105881300
9301208300
9442407200
8968998600
9076618800
9310080800
9529566700
9685314700
9746063900
9932360900
10017541100
9621260700
9839106300
10104685300
10241928800
