60822400
116291600
7505400
80495800
153575800
8759400
54017700
251049100
121504000
128592700
524702500
428195500
72847300
9856900
167520700
300401000
626799500
509989400
426842900
393780800
385370700
410314400
470562400
393939300
404761000
167155800
526805600
414992000
707136300
670501300
782010700
794843700
854753900
725506400
532681900
579724200
560303400
620432800
551331300
600117500
627020200
605516500
768406500
675970100
707783700
624564400
924207200
933004500
913103900
815450900
762065600
951108700
876393500
997852500
969060700
872437300
761609100
932741800
899158600
974774100
873272400
830908200
1045122800
1064530100
960507400
920035200
1067204700
1011796100
1001826200
903239000
1198815000
1141033800
1063354900
948467800
1224794200
1192181100
1088499100
993510700
1222659800
1189248600
1260114700
1212155000
1131966500
1008921400
948919100
964413100
1082287100
1315222800
1046108000
1123122000
1202580500
1076601400
1308989600
1322219700
1290112100
1306022900
1253399100
1228116400
1053504600
1333553100
1246286400
1078316200
1063607400
1051357200
1403764500
1447941500
1298220300
1361232000
1336532100
1314130200
1165344500
1424752700
1339766300
1296763300
1143890800
1156176900
1427622600
1447620000
1307610700
1255586300
1184533400
1489756500
1526264400
1384802500
1564560400
1470394400
1430048100
1277484600
1257365000
1546082100
1448617700
1384497400
1265625000
1286967900
1513099200
1405413900
1314554000
1444960800
1407602400
1437518000
1398639100
1333295500
1658442000
1563150000
1512299800
1381555000
1664038100
1564703600
1687518500
1691453900
1557856600
1521955500
1686070000
1640803100
1583436200
1675877700
1592832300
1570492000
1461393400
1751221100
1665116900
1709436500
1516175400
1505857900
