3964700
170850000
55854600
158611600
179416200
94420400
48781400
46986300
14150200
86287100
194683700
398772200
449884900
334203300
337988000
233199600
553405400
532786000
472570800
250244900
210809300
304639100
293774200
320145800
702493900
609395200
698111500
573113200
482284500
214088700
187128600
119829900
459138500
453483100
917756300
726219300
735169400
579407900
633685700
675916600
642632600
653687200
636335100
661092000
754228300
818391000
723164000
881875600
888531000
895524800
919707200
986766600
982517100
690968700
654686600
609053200
830519000
979013000
1032857100
949829100
1001828200
990166700
1293301200
1143100200
1053852300
981625300
1037150400
1349131800
1368962300
1295317700
1205242200
1425412700
1455381000
1530161500
1446524900
1461581600
1453572500
1244882800
1226627700
1282124000
1586707400
1554815000
1405462200
1615842800
1627404700
1628983400
1573698300
1653560500
1555444400
1421230500
1378646700
1353317600
1399481100
1723794100
1636222900
1517353000
1744372900
1575159400
1555255800
1573861500
1845028300
1918385700
1746141700
1944267300
1992982200
2008483000
1910068000
1840186200
1796080100
1458646000
1499009700
1447231400
1846676900
2170174300
2180621300
2192696000
2177107700
2200045200
2096654700
2315400100
2186168100
2133332300
1261328100
1122295700
1106927800
1939667400
2049860500
1945386500
1939755000
1964239100
2115446400
2067641900
2315272200
2217263500
2248126700
2342349700
2289857500
2244265300
2626264500
2584333900
2471122500
2639347100
2581585500
