306491000
331479600
425806300
324331800
514532700
451139800
656025200
696944200
478826100
726185700
670089400
899276100
1010052000
637094400
886353300
895756500
1167886000
455196600
861861100
1025053700
1554818200
1111359400
1459547300
1748658900
2424987000
1185072900
1321918500
1234136300
1873408400
2154953300
1614732600
1762760000
1925442200
2255615000
2378675100
2843894100
2962263500
3073439800
2872127400
3283298000
3432969700
1300018900
2160159900
2734604100
2691903800
3223443100
2387715800
2821393000
3201826400
3341081600
2942710800
3208800700
3423690600
3709751100
3788503400
3705631000
3915285400
3934972400
4133825600
3594831200
3860600900
4190786900
3612436400
3786392600
3848637500
4034538900
4325209500
4651898700
5082255800
4692713900
4999088000
4017230100
4330366900
4863009100
5011958500
4537253200
4826313900
4959197500
5060880100
4742472300
4899647700
5156723800
5450257900
5640168500
5718275100
5847355900
5666685900
5768300500
6072890000
6464054600
5789665000
5842460500
6092246200
6383411900
5327290500
5852876100
6405316100
6209003900
6644451800
7115866200
7058288500
7481808800
6224727900
6411504900
6764388000
7142557300
7473607500
7254878200
7584720000
6679064100
7182380900
7704900900
7861459200
8108605700
7535647700
7969571100
8243695400
8073892000
8166051100
8649027800
8674484100
8011540600
8339762700
8840255300
8789521800
8837136000
8925745300
9104050800
8212387300
8367175200
8846415600
8919495700
9187662900
8865437600
9266230800
9481429300
