5730100
12080200
4665000
169836000
22399100
84052200
11136500
3831500
90183700
32071500
51900200
3967800
5742400
7311600
59447900
19121300
62479000
58878300
4117300
46328200
56054100
65460900
394091400
365231500
287171800
389966800
368109900
280534000
137096300
97869200
428883800
391532900
316566600
171268700
341957800
184496100
111304800
37258600
91152900
452464300
392923100
257976800
201503300
159224600
455717100
230637400
207459700
144368500
106740200
489107800
282507300
244302500
213903100
192678600
511270400
307144100
515017600
317543200
447854300
367874400
283628000
215613900
181156000
523427200
315136400
284762800
210324300
201528000
596393400
523757000
328620900
293222600
538293100
372727700
348726800
614553500
608717300
650979000
420877400
654368800
670665100
457932800
419425500
631399400
702647100
646290400
461551800
399118900
396792300
379363500
738444000
740731400
541914200
521905000
440903700
665896800
492267500
437625900
425173500
388190700
713065400
545462300
703808800
537389100
763899200
575277000
773588400
793511900
748737400
598796600
551272100
786120100
772315500
600712900
590919700
530172000
853361700
634703500
560159800
541893000
525438100
880355900
861571200
831952100
856743000
907066900
833784300
869145400
712599000
708497600
614524100
923863900
926996200
918463300
720882300
706571700
640093500
966974500
914830800
741536700
986273700
933820200
928880100
753695400
735198700
966945900
965133000
975350000
967698100
941506600
767542500
