50954100
59542500
56331900
75232300
59714400
142969200
117369400
122438200
113550900
180888700
161643200
347804600
241621600
345739100
390269400
299848900
252899300
179259700
67287800
129378300
178640500
73442600
199320500
475654500
346375000
340647200
52297400
62283100
280971100
344960300
483226200
407074100
499303100
507190100
428453600
375400100
559598400
361211100
280701400
298083000
339111100
333025600
549104700
546747400
655173300
596307700
540819300
464377100
661810000
660732300
526265900
681709200
700623200
674098000
601009100
742527700
707071600
627139800
684091900
725783900
630836200
580190400
539673400
852012000
790056700
722743200
653077900
638501200
905214100
837842000
908165400
873511900
945701500
1011442800
859766100
810044800
826091500
803817100
1017742500
941114200
882230300
813642600
956601600
963137100
874377600
627357100
663700500
597427700
855447400
1077427800
1013046200
1087427200
996297500
947217800
1109481400
974878200
1158190300
998694300
1003026000
1030371100
1092729500
1101419800
1043569900
1214440700
1169118200
1145014600
1048403700
1262651200
1235448200
1187548300
1126739500
1072674700
1167238500
1041634900
999592400
1342926500
1277699700
1181023600
1056662300
1015951000
1399715100
1283154200
1270680500
1157488900
1423930000
1329676200
1302678800
1295660600
1262894000
1167258600
1217643300
1467943600
1425171000
1363683700
1309451200
1333636200
1241830200
1256194200
1282720900
1316098100
1526021500
1479655500
1496250000
1392662400
1419055700
1368742300
1634921000
1593242300
1463811400
1465409400
1401718500
1365964300
1334949500
1542155600
1506390300
1459180800
1442957800
