230203700
423098700
298801500
568030700
936272400
1237847900
1499859100
1826775400
1622117100
111293300
229363300
1876845000
2133887800
884248600
898478400
986295400
1337443700
1654630600
2368926600
2483814100
2654542300
2779648500
1037490300
1069389100
2636307200
3111287200
2922189700
2976081300
3190217300
2667894400
2833360900
3184673600
2564097600
2735393200
2873497600
3031083800
3299078400
4256924500
3785959100
3970508500
4220647200
3663735100
4397726800
4630826100
4515096100
4631649600
4747481600
5119175400
3175064500
3308462300
3463597300
4506325600
4669612600
4280173200
4370537100
4342625100
4507875300
4959650600
4544601700
4618108300
5051622700
5179386100
5372559200
5186242200
5389334100
5609517700
6159857700
6090300100
6270040500
6319744700
5739596700
6062192900
6559673700
7091971400
7673459400
7724248400
6293044800
6405634300
6740098600
7550083500
6237018300
6975238000
7285463800
7709113500
8005013600
8485888100
8349329900
8869863500
8976529500
8100102700
8308652600
8818759100
9054391800
8114221100
8410075900
8565293300
8705780100
8978552400
7671518700
8030452700
8261973700
8827258200
8768654400
9590703700
9888364200
9378579300
9255110600
9316140000
9499522900
9620129700
9865223400
9787294800
10109208000
8989121500
9589879300
9900431900
10507205000
10813678800
11082885300
9957041500
10225531400
10675719100
10968966700
11579010100
10752033900
11203824500
11509946300
11918830400
11438782700
11777275200
11544811000
11780772800
11808384600
11970151600
12190447700
12253334900
12877075500
12761302800
13071006100
13295510900
14188875800
14336663100
13557329200
13667461700
14541924100
14636964400
