143221700
66563000
162633100
133347000
5258800
158653700
97444400
60073300
226410800
88759400
128443200
59183100
247810800
68387500
145090500
466246400
261064300
138661400
484148100
431300800
349666400
190076300
635588400
507359400
345841400
244257700
597728600
548763100
384791300
253673900
656223500
485648700
453753800
670821500
527861900
733712700
567170400
503464600
659261500
619302000
477595100
734149400
668327200
746242400
681234900
550422300
387099200
325914700
790708700
649567800
640083700
744853500
661567000
706635600
449547700
434128100
946923700
907767000
908491300
746780000
475964600
326277600
973332500
854338500
978125000
760860400
505411700
533912400
971745900
847172200
798969000
573278600
1092296400
1054885600
1034102000
737953800
723773800
1054581800
1009187300
1167039700
1116617500
1089222100
823221200
764554300
1172692500
1079450300
808983000
785778900
599719300
1011245300
958806600
918679600
793893600
834461000
1170350900
1161658900
1135343100
1186516500
1167220100
1228911700
1183668900
1128138800
856371500
639297400
1201119300
1149441100
1267306400
1210455600
1178290100
1225955600
1131282700
816664900
785379700
737441800
976977600
1296784400
1295333100
1288080700
979988700
785856700
1354336600
1207556600
1103154200
1394098500
1263137300
1309936700
1301473900
1120653600
989031300
1275485500
1250025700
1404322300
1151988400
1416254400
1409641800
1392870700
1474321500
1347984400
1208169300
1458938900
1403314700
1140951500
1106575500
1480209500
1303677500
1250986000
1039140300
970391900
1499025000
1421510700
1568988200
1549325700
1420791400
1448896200
1379208600
1144971500
1152384600
1033663300
