1328658400
1956404500
1227920500
2464266800
2656431100
2723605000
3285292600
3427528900
389675300
3685514200
4219290500
4551825200
2370614300
4561442200
4886925600
3222379200
3308279700
3406533500
5542390300
1618255600
3963224100
5184733300
5891516000
6375951600
4997178600
4948699700
6039182100
6707084100
7355629200
7901528600
7759917200
7755892600
4965338000
5040531300
5370774600
7773235700
8368289000
8759298400
11484864700
11771613900
9214887100
12329430300
8907518000
11055002400
12790098700
12980614900
8210023300
11084897300
11257310900
13005850700
12653682300
13812984000
7214910100
10518202700
11625462100
13312395300
13763029700
14303441800
14400199800
14960099500
15017720500
14557747000
15052211700
15161187300
15641970600
15321607500
15769981600
15971934200
16039281100
16173571000
15536280800
17417535000
13899999900
17345471900
17468462400
18091182400
18227119600
19001980400
16758828700
16883850700
16847006600
18816087200
19025463600
17720016000
17948087900
18058920200
20066732000
21061506600
21489493200
16898851700
19366455500
19490279000
21297580700
21873672200
19688766000
19976074200
21221632000
21568006500
21855271800
18641695300
22444429700
20778171300
21863974200
23700507100
23851784300
24511894400
22962347400
23078876900
23353170200
23676008700
25914050000
23826565500
24021594200
25221680500
25786538700
25959259100
26517741500
26716834000
26705611800
26802847900
25551888800
25685019800
27709996600
29032845000
27046768000
29327167900
28096981100
28227691400
29960148400
25144306900
26990213300
30371559200
30663908000
28732450500
31061098000
30090204700
30254808400
31348303400
30427123500
30632212800
31027148200
31040848800
32741787900
30239486600
31678159700
31810929100
33230860800
