318381900
518234300
1230493000
1783513500
2137751400
1053897600
1061495900
2288875200
2983049000
3068989700
3579219600
666592700
2039687600
3855860400
4114327600
1301892600
4436985600
3447921100
5233067000
5545449900
4860015900
5998408300
4103842900
6413077500
7582905400
8138879800
8052088200
8388808800
8963948700
9424753300
4963012000
6757347700
8628224700
8965706900
9357123600
9599720700
9826703900
9994636200
10596549100
10771420900
11437061100
5430918300
5453718000
6456835000
8703286400
11112344500
6354922800
6797758800
8218795200
11260873300
12031542900
8801020100
12583083800
10246171700
10533565400
12878002100
15371951600
17120470300
13953551200
13977045800
17528067800
14808888900
17959147300
14214629400
17601516700
17860513100
18155113900
18468827300
12227477100
15907652800
16404450300
18592908400
20550704600
17929350300
18011667100
19180498600
20661607300
20756723200
21275664400
23031350800
23284183800
23857529000
19813430900
20245768600
23454460700
23748174300
24782010500
21396248900
21449445700
25151042100
25601189900
25605450400
25444736900
27307873300
27420044500
22409689500
23613693100
26800770100
27079502600
27278450000
22830607600
24714675300
25457248000
28012492000
27939170000
27992043200
29676651300
30050326700
30232390900
26586633700
26865826200
30163229300
30397516400
28651529600
30403876600
30709342600
30747605100
25399964900
25949710900
27517461000
30011070400
31410419700
32157779200
32928760100
33093536700
33164819800
29333533700
29398502300
32267934700
34373919900
32558251800
34712439100
34787935600
36504533900
31627200000
32049232600
34503308900
34796916500
37085640200
37411376900
34600486600
35652986300
35837166000
37279961900
38537762100
34869634700
38083661100
38516996300
38780880200
38177910100
38204792300
39550099000
41867978000
41868150400
