274508400
608483000
1066385700
1277279400
351093600
533342800
773380900
1116156100
1362264600
3049744000
3261000100
4842296700
5333719300
5637868300
5554098100
1573165700
3673064200
4881186100
5213570200
6291314600
7307477400
538547700
4389794700
7998520200
8112097100
3026079300
3996575500
6326047000
8163778400
8414901500
1259185700
3041014200
3265376100
4941983900
8778422300
6044716900
7193199900
9606620200
10082828100
10538569400
9291533600
9412346000
10569635500
9720596900
10314259500
11538042600
11684997900
9947322500
12175663300
9024481700
9249141300
12748907100
12763108400
13291960100
11498982300
11782261100
12891460100
13204376800
13141770500
14331588800
14088805400
16732696600
12602128500
12796279200
16269668700
16446810700
11039821200
13150772700
16840451200
17258283800
18115793100
14781800400
16978007300
17911314500
18552781800
13678091700
15556578600
16026714600
18519301900
18682236000
18791143600
19404537200
19539099500
19601298200
17471951700
18515137500
20452531100
19659787100
19998851300
20608785800
20993770400
21281517700
21513847500
21149655600
21361380400
21752398700
17547155800
17818630900
18867713300
21230741200
21769197000
22716839300
22701426200
22958695100
23200218200
23475805800
24724862000
24912719700
25023048800
25153708000
25895736000
22224043500
23294466800
26387602500
22010193600
23663593600
24675895800
27996345800
28241915700
28331084500
27420703800
28456481900
29610959100
22455713800
22760483900
24807305500
28269380800
29604225500
29797639500
29458922600
30403250800
31886550200
32227822500
32447517900
32575308000
30048056500
30035694200
30186837100
32036756400
32964938100
32507943600
32584464600
33076886000
33493995800
29596542900
30521469400
31690255200
32698057800
34881360800
