775898000
836534700
1366948500
1658380200
1088837000
1310928700
1690420900
1312326600
1465718800
1768906800
671236500
1042462400
1531476100
1885706400
2026548600
948804700
1304898200
1340236300
1975161600
2268743200
2485752700
2520885700
2187733600
2437869900
2719422100
2933047300
3005656800
3243238600
3254707500
3243300300
3536898700
4029197700
2967080600
3246308600
4100744600
3920067800
4106728100
4377927400
2785723300
3033067800
3320807900
3796733800
4384233500
5052598300
4854850000
5267547800
5949500400
4938332600
5211926000
5613165900
6325083000
6476726000
5250981300
5475354300
5602633100
5921795700
6418222800
4438351100
6294265100
6744101300
7115495100
7229558900
6203466200
6232129700
6665069900
7521220100
4823977700
5332358700
7456816200
7694242500
7186660500
7446181900
7795715200
7997184600
7012805600
7692844500
7865512900
8015597400
8644284600
8673850100
8962964600
9019052900
9211484600
8432208200
8645199700
8998657800
9244025200
9395098100
8538547000
8672411700
8833875100
8952742200
9453339300
9993575800
10064741800
10304790000
8651925500
9075012600
9428394400
9606491000
10430514700
9024519100
10154898800
10412194800
10503166700
10583117900
11029505200
11258713900
11033977700
11563106200
10192958600
10885096100
11356347800
11486289000
11734666500
10756344600
10949785800
11250889500
11371440700
11811615500
11947197000
12114257700
12050460700
12230988100
12590991400
12165022900
12490706200
12619550900
12690167800
12817970200
13119696100
13395198100
12552495700
12715880000
12902557300
13181297000
13351268000
13962186100
13389347700
13846274100
13998794700
14365209600
14666785000
14429883700
14938619200
15099189400
14705257200
14779314500
15061512700
15359957500
15442334100
15893938800
16023894400
13454700300
19734753400
19850201600
19938872800
