286339500
592388500
366075200
472101500
521830900
1111028200
370656400
651109300
872216800
998950200
1288661200
505216000
2172443800
2202461000
1338119700
1436084000
1920778500
2205650900
1852777200
1946444100
2295314600
237766500
672496900
1521984800
1846721600
2335536900
2902537600
2941524400
2045775600
2392648300
2462508200
2877296100
2707711600
3187810400
3330328400
2676314900
3000384600
3283043400
3587882900
3990315600
3176310300
3508070600
3822003000
4032159800
3623564400
3669074300
4327024700
4480261900
5139615200
3924538700
4062024900
4190718400
5062921600
5492448300
4541203600
4959919000
5406020800
3491573800
4482297900
4965723700
5435625700
4664135700
5079811900
5626634600
5932482100
6242064900
5922326900
6141522700
6245546100
6121853800
6279974900
6563799500
6777108100
7008172200
6922681100
6922191400
7307451900
6029925200
6264566600
6489546900
6700711900
7330098600
7847623600
6595911800
7152491400
8052585100
6302553600
7454147900
7578427800
7965278400
7989964800
8335635300
8514038200
8073763700
7962854500
8194812100
8506542800
8731690300
8858934100
8041572800
8389951800
8720780600
9009951400
9423059000
9340632100
9547627300
9737024000
8138609000
8636484900
10504796100
10145760200
10651167800
9198702500
9255656300
9994468300
10176074900
10619717400
9037231700
9359609900
10147947600
10586074800
10764823700
11416101500
10859169700
11184701900
11537986500
11846464300
10532577200
11015153900
11320866700
11482589100
11834663900
11241971700
11537333300
12408303400
12245199400
12549969800
12646787700
12484998300
12676064300
12298547600
13013244500
13182490500
10672963500
13199593900
13340032400
