240176400
372860300
470171600
419288600
881108300
258531400
475371400
679760500
1048687700
871212600
1149833100
1412982900
1606151700
1048703600
1099239300
1540274500
1589539700
546130700
849305900
1374458100
1611302600
1973629500
2434066800
1587597300
1888812900
1973087900
2411215300
2985877600
3337113500
3565850300
3772298800
2950430500
3260066900
3378517500
4024793800
2591470800
2835239400
3095684300
3514717000
3850428200
4720995700
4124852000
4687541900
4978143500
4226472100
4468052600
4865109500
5181320300
5697633100
5882653200
4898837900
5282310700
5539939200
5823286300
5358836500
5706348800
5937734200
6272496600
6362540100
6372758200
4365570900
5395396600
5443960500
6019822700
6871075100
6924542400
6964874700
7197703100
6614633100
6855470800
6958327200
7146445200
7381955300
7307549100
7548948500
7893483800
7881903900
8296953400
5795847100
5921679100
8411615700
8937033000
6832136700
6878883900
7984122700
9130313800
9397555600
9127478000
9488408800
9629714800
9745948800
9704259100
7902272200
7887573200
7987149900
9438794400
10036663600
10506970600
10654140100
10682288400
10874694200
11054822300
11337384200
12361709200
10943008200
11058194000
11505296600
12381783800
10360236700
11092396800
11452019700
11611399200
12333351700
13003421700
13208967100
13401850700
13346221800
12622378600
12990554700
13321636600
13344397800
13636710700
14155606900
13404184700
13414224700
13395979800
13434133700
13626964200
14529450600
8199254000
8732371200
14500522300
13667989800
14065877600
9676857800
9707221700
14938561100
14645982200
14803297300
14983901900
15098491900
13863788500
14478218700
14401254400
14899829800
15210417700
14662567200
14759548500
15359842700
14833655300
15124690900
15401985200
