66084200
61610900
13767600
559858100
66986400
181550000
323554800
11813100
199421400
50920000
296622100
175659900
138911100
65261100
29044900
60623100
90435400
900614600
767594600
643881500
306312500
831151400
712730300
682415600
931331000
783356000
932327000
768675400
758539400
638820500
321488300
957560600
773677700
757295900
310688800
83229600
928646900
479397300
190137200
951695900
939825300
894163200
597628700
408143000
972739000
778233600
317314000
123101300
91707600
1001231200
853931000
958016300
815656100
355970700
969514300
644982000
968174600
677503800
494111000
343792600
227855600
982983500
628014700
531939200
308563100
262969500
1002035500
1008051800
1006883200
659816800
1021750200
658916000
1022678900
605250300
569539200
327960400
272434100
1038804100
1014048700
698438700
529018900
354740900
274853700
1071731000
991345800
743439800
1061527500
997735400
743833500
500883200
411888400
1095095000
955070700
803852300
1068369100
1106870800
1118296400
1082067600
731830100
613101500
429193100
1140471200
1062458000
1074568900
1036986300
791290200
589130500
1133173100
1112613800
742646100
642581800
426762700
1195384900
1184820700
1207631300
1106791200
891173400
649963400
1206733200
1128640200
893405200
1204694900
1140610900
1192969600
1178931900
811654000
1262779500
1251422700
1120275700
971983800
668208800
610893700
1284421700
1092935700
653000500
1268421200
1147870200
969720800
692251200
604340800
1279656100
1236358500
1202311400
1304488200
1118873300
1307221300
1238521100
943384200
784258200
1276760300
1167162900
1050234600
1308679000
1188068400
1005192100
736380900
665806400
