15695300
126941500
149588400
230937700
55919400
84060400
54804100
263194900
323328600
245565100
86071300
129984800
66856400
225554300
84770200
130478700
129797500
249928700
77468300
125231100
704636500
621293100
363030200
274201700
84856400
729037200
586009100
458439200
241486400
140186200
645425100
651848300
340144500
317480500
53582200
766060300
625564900
472824300
712967100
672156600
414080300
323857700
121384700
762327300
765262900
750993200
731550300
414486700
752429500
630583400
541764100
296798000
824582500
647670100
595627000
802475700
828437800
613652300
289546200
814313000
793071800
743951500
839776500
855183200
641119900
319033400
856955300
828331500
855238200
656793000
634302800
308635200
119772200
874013900
806314100
464472900
172552300
97112200
873908300
864558800
875016800
817697300
556360900
425296200
918430000
725697500
685317200
385101600
934437500
904456700
825591400
565851100
456872800
938976400
935600000
871399700
847876100
560748500
901098500
884485200
934567700
728834000
719933500
406943900
973755600
845098200
976392600
885424200
665250900
507726400
1000054200
988718600
859359900
989899400
908655400
622323800
927852100
923806300
640484800
567793400
1009556900
838956000
1009281200
851871800
735263100
510250000
1040368600
1030217900
943088800
696397800
564673700
1036830800
916837800
670200800
1047267600
1008125600
926823700
713408000
1063603800
1042646400
978270300
693798500
611582000
1046397900
998033600
688961200
1068691300
986314100
730304100
631639500
1036091000
962062700
1050142300
970981600
761624600
1110131400
1091983600
923979200
