54244200
67806800
65048200
13317900
58325100
16717000
177557200
124279100
101997300
506673500
450826400
394365700
333994000
376736400
131831200
88297200
407894200
484806800
401018600
314842900
373218600
195223300
141680100
549707000
492132400
582825100
297927100
125179200
600364800
488242500
480648700
193419500
57836100
625762700
497532400
203769400
89859800
576123100
514459000
469651200
227776800
599047900
363401200
310832000
619965300
595033600
537001100
246503400
647679800
562053500
517389300
253740700
245608300
644723000
644515700
597660200
504136100
271325500
645845200
405298400
373106100
201988800
647404500
665247800
467521900
365214700
254963500
689419300
681293700
693330600
429965500
408558900
713073000
685376200
525293000
724787500
645374600
596737000
723015000
653037100
577561100
721775500
488977200
425923300
743641100
716907400
693798700
697677400
748248500
692389900
610963600
751905200
552112000
457774700
736952100
693118900
661238200
393290500
716026600
571150900
797652400
756692400
769638400
770712700
671254400
821292200
779543600
643605500
827407300
829407500
556141600
351243000
270489300
847217000
835868400
636885700
526719600
405408800
855887300
808534700
685408700
508588800
437971000
859687300
595763400
857679900
583814300
402944700
310451100
281172700
864397900
632881300
563786500
882406300
846138600
863150900
684995200
555491000
884084000
835679000
716833700
540402800
870055100
632846200
571573200
427863700
391890200
