430859800
416733200
546502500
700136000
1493026300
1646008500
225235900
791975400
1326395300
1786068400
694285800
1392686100
2436956400
2482120500
446611800
1088157400
1486514800
1925955600
2558364200
2058043100
2378464800
3004947300
3631908200
3631719000
3886995000
3966044900
4681593900
2475226400
3030326400
3344868000
3611239200
4355872600
2384155800
5181189200
5149083300
5122892600
3052355600
3793461300
4354535600
4898174800
5898374500
6346160000
6585138100
6600399700
3679880900
4444450700
5817145900
6464474800
6499968700
5690453700
7206257500
6690248300
6846446300
7151710300
7397365400
8237258000
8844885600
9554573000
9730187100
5963769000
8036845200
8209366000
9327805100
9509830700
8511620400
10075273900
7703256100
8078620300
9383054500
9813122200
10355409300
9634026000
10025939900
10460705400
10572636400
10590465500
10895542900
11124605300
11507052800
12061544700
12121346900
12484102900
12994294600
13176332300
11411250800
11817809300
12330005600
12973603600
13366726300
11305174200
11497059500
12512203600
12914732700
13706689500
12502415700
13207818100
13406081500
13910384600
14590564400
14325407700
14611184600
14647884600
14968010100
15528277700
10653615700
11885354200
14616209900
15534940800
16451326900
16666389400
16795525000
16609087700
16654167800
16817751600
15269974300
15849599500
15946799400
16812136800
14719110100
15144993600
16930048700
17186652100
15410429200
17591817800
18011921000
17515912800
17901038900
18536634300
18768382700
18142712600
18476703600
18896655300
17318099700
17667003500
19024269700
19486932400
17843638900
18105495400
18625515100
19858469800
20615118900
20378555400
20523196300
19647355700
20717094400
20053976200
20372345300
21696181600
19592613000
20010960800
20576318900
21422672700
22196480100
21300379700
21311029600
21796189400
22687461700
22962981700
