77163900
124069500
112624700
178406100
485368900
602316300
132366000
90319100
489871300
786004400
171664700
403117100
1046624500
1152827800
744290400
920582200
1086962500
1206533600
422406800
817714400
956714400
1302277600
1500665300
1627603000
1720852000
1735530500
1906002700
2036372800
2068953800
1465911700
1489965400
1573058700
1857824900
1835800300
2142279100
2171642600
2304736700
2352417400
2327259200
1418327100
1473870400
1625066000
2255379400
2353669300
2379927200
2455686000
2445593400
2684970400
2848770000
3011815500
3197267700
2824042900
3203416000
3259269400
3673728500
3628618300
3651791100
2823751500
3187338000
3454309200
3842256700
3926382900
3860821600
4050100700
3995752100
3974288000
3435919400
3343170100
3624598500
4044358500
4275978900
4410803600
4406552800
4434972600
4618822600
4291130300
4422871800
4695248200
4745113800
2135343100
2290387600
2772871900
4752865100
4937874300
5067539700
5067356300
5058488400
5317019400
4984773900
5006755000
5297146200
4863958700
4849089300
4950411100
5423465500
5733152900
6134887300
6159308200
6331448300
6570730100
7422520000
7592997200
5825201500
5855399200
6107002000
7191349000
7443492400
7714752000
7811038300
6830188700
7630555500
7752040900
7826890800
7810924500
8089771000
8134603600
7826951600
7845456100
7982206600
8086048100
8284599900
8341735000
8421519000
8366948000
8477293000
8269648600
8651795600
8734201600
7744228800
7838821400
7875356100
7858937900
7840856900
8066899900
8091509700
8509655800
8616453800
8860922200
8928922400
9029360900
8337311400
8701452800
9435923700
9556018100
9685535700
10693231800
10755452800
10811939000
10874914000
