65858700
168403200
83756900
70909500
80000400
57367200
152314300
635523300
332380600
274806000
117942800
739845500
580893800
423388400
759626100
740383200
383006200
816994800
363158900
175476700
62486200
56013100
55399700
22695800
64045100
856643400
656954700
856273400
777215400
874646000
75539500
51583800
41641500
54394000
66478800
824730700
449362600
905824900
692047100
541991000
393001700
896106300
916690800
879857100
534746400
910283000
886067200
502643200
991131000
748805200
657153500
440542900
984689600
997768100
917530900
998439700
961663300
559148600
478410200
352861800
307676900
966502900
624841600
519371100
376993100
331467400
994050100
996077300
595134200
557750200
365478600
1029547200
992805700
633195500
551743900
1079484500
850633900
1084747100
1082609100
1095653300
1056724900
708063600
601296500
1104914600
1022387900
730727400
1125589900
879491400
1139849400
838862400
810396000
555046000
502210000
1154708400
878842500
817273300
592366600
1147682500
853450900
808741400
580312200
489561800
1184622100
947946500
826404500
1134742600
1207871100
903441900
1206013000
1220006700
928084400
872752200
645082300
1237196300
1004026700
1214035300
965747600
991564100
720975700
672933100
998612500
720867900
697263000
594702100
1059078600
762789100
735334700
1069895800
791008300
1097659800
842189000
1133722500
1146630600
847965500
1151014800
852688700
737442400
718864400
665595000
1330096100
