224083900
70366800
561202000
343968700
348558300
131847100
344766100
442439300
79494700
256973000
481617100
130473400
799825300
1218526900
1423054400
825475400
903897300
977817500
1618947800
1786953700
1769717100
1768746800
1692152700
1086643700
969983400
1914976200
2167484600
2081384000
2151351000
2345717900
2374227700
2381061400
2190855400
2475620200
2840411700
2949623200
2918501100
2263389400
2288943100
2341402700
2887975600
3713758200
3473714500
3755043700
3677708500
3493223500
3302833700
3589439400
3498444500
3594643000
4016651300
4124118700
1061010400
1499994100
4187864300
4368200900
4073032700
4121105400
4432369900
3956462100
4125781100
4341708600
4683639500
4705809400
4757824400
4499821500
2891325200
5014656300
4961050900
5238074400
5177106800
5257497800
5312632100
5170718000
5211130400
5561166800
5553142800
5593849700
6138212900
6057329800
5865877400
5697055400
5685370700
5801685900
6428542900
6413188000
6057468800
6831986700
6771095200
7004928900
6911375400
7026690100
7125353400
5378641700
7115749500
7122742400
7148922000
7406671400
7143838900
7779217500
7320631100
7731790300
7848141600
8061776000
7730354800
7668121400
8020212800
7871578000
7655938800
6553251100
7532430100
7481235900
7685982100
8356772600
8256938600
8649167000
8650671000
8530259000
9075196100
8719701300
8594231600
8742249700
8850069300
8898424500
8984953000
9329726600
9398449200
9352206400
9274225300
9205866400
9167820700
9890432900
10032859100
403659900
518827500
1111291500
10083951600
9990596100
8323740800
8156832800
12232568000
12369581400
12615443700
