65669800
41391500
95800400
54365500
88073700
76875200
76205000
72596300
60390800
288658700
275108600
46387100
95607500
58312900
82414200
58920700
324966700
347127300
178105600
333307400
320741700
194116100
138938800
399261500
404755500
219016300
126744100
111619600
80497200
413749800
253789200
430946000
409558200
275984500
416524500
281676700
246268300
332787400
323278800
249431000
176933100
469269500
447432000
292197100
254362300
232451300
329057100
270091800
228560900
359726900
273970100
372241600
276479800
228070900
169846200
147791500
408256800
363360900
297211000
225528500
212441000
181616900
403181100
464185700
479050600
463602200
470751900
320471500
260257200
243558900
469478700
337041100
315690000
238328700
203441500
474375100
355365700
310591800
261916800
491226500
350207300
508623700
477375100
371126600
529757700
402453400
390056800
538635200
408562800
366277800
331141300
523986100
541653300
568541200
517018700
455531400
379057300
360748200
509021000
424082400
396100100
326413700
310458300
628683000
632588100
597315800
502893400
453863300
642404800
649553100
640230600
620679100
480847300
472359700
718818400
632908900
565941600
690456500
624312700
552490400
507010100
748962800
745572900
791544900
622448400
768553400
782730700
751027800
698571900
619427000
835558100
832290500
706909600
686926000
867834500
750010900
685539700
639111000
