624079600
900906900
1253408100
1771805100
583061300
835927300
1779705500
2124803700
2538871700
619875800
1101890000
2558347800
1281296300
1675443400
1806451900
2489751400
2676797100
2843291900
3395481600
4152431400
3353323400
3709531300
3966471800
3573876000
4353484200
4669003200
3279967700
3912034100
5114555200
5595049300
5736459300
3135384300
5281768100
5640614700
6193431800
4780627000
5235977700
6298899200
5993941400
6015178200
6267108800
7104846000
6160010200
6559586400
7768608800
6890036600
8106187300
7539926700
9142285800
7930514000
8883455900
9476686700
6708212800
7272303500
7521716400
7764132300
9889056400
10467264700
9883989600
10679267400
10786868600
9576261500
11233193400
8536009900
9080474200
9566166500
11148766000
12666926900
12241854000
12776205100
13058726000
10834027800
11366083100
12033522800
13208104200
13438346000
13487110400
13985585900
8540278800
12847022900
13513123900
14233670800
13631741200
14015879500
14326034800
14130092100
14404596100
15157105900
14646051400
15059977800
15232200800
15157410100
15749090400
15954246300
16978144600
15747530400
18748002800
18322760400
18997669300
19051086900
19283763500
16112663000
17254123500
18164265600
18998078800
19654096600
19961008000
11419766700
14227170300
17062087900
17226255500
20125541000
19594536300
20168813400
20478146600
20462214900
20725868800
15913460200
17507732300
20290727400
20636883600
21220205000
21194993000
21388138300
21572565600
21790052400
21348285100
22257079400
20045268500
20857806200
21079674700
21515038700
22189567900
21686901700
22234095300
23387473400
23820681000
21517145700
21983708500
23716192900
24217667800
