79340800
78996500
137666800
95695500
91059100
52297300
131901600
478803900
193800300
380573200
411077700
293012000
241888500
266176300
340350100
428594100
527700000
1032727200
1074316600
630933300
911153300
1465250200
1206344400
1351291500
1457039300
498453300
907374600
1431430100
1376579400
1578396600
1663003800
1614004400
1690620000
2030946500
2079050900
2222934000
1759364600
2344733500
2505562900
2385912200
2425398400
2511058400
2053443300
2221876700
2638334700
2640424000
2900477000
2816436700
2971763500
2828486200
2838975300
2957146600
3166638200
3187716400
2924510900
3357473200
3406762000
3581928600
3617993400
3799540400
3160889600
3136124200
3274426200
3447717700
3694420200
4214507800
4876600000
4117679800
4355520500
4472247100
4524797300
4768373400
4154313600
4297753400
4294996300
4767090900
4992596900
5206792000
5371849600
5488539000
4922616000
5419090500
5393960600
3379431800
4622820100
5335017400
5462802600
5536886500
5576758200
5768758000
5748574000
5968054800
5948989600
5846755200
5861607300
5879601300
5947178200
6044360600
6013777100
6039386000
5656976400
6047511500
6107300800
6358496400
6326078500
6449653900
6500674900
6527701600
6256227700
6706017200
5700541600
5984338100
6589726400
6610859300
6619240200
6890799400
6969545500
6699413000
6721021600
6938670900
7153207000
6951430200
7021418700
7144612800
7202905800
6788034500
6897713600
7463871900
7562594000
6556667600
7540077300
7606212700
7568496300
7243727600
7517460400
7555207400
7635971900
7703513500
7679141200
7840606400
7898086200
