928609900
1145448800
843807600
1368292200
1657616100
1763001800
1937626200
2409669400
2223390000
2428211800
2780897200
3024628100
2074540000
2291854300
2561876000
3153259100
3538841100
327256200
3253470400
3616262400
2245925900
2699636700
3251190900
3412315600
3746709500
4162852900
4246141100
4607062600
4182474700
4751911800
4832164600
5049619200
4297793300
4590431900
4687849700
5341484200
2847976600
3074447100
4287079000
5356387200
5667617200
6417441100
6541352700
7040956100
6128852400
6524361000
6837125700
7189663800
5428348200
5554084900
6483817000
6845013500
7435334800
7067696100
7164333300
7751012600
7945730800
8243827000
8680575400
8759406300
8988480500
7365525800
7571807700
7922725400
8227245700
9045407300
8212799200
8902533000
9154432300
9747018600
7821356300
8236206700
8804869800
9626278400
9930982600
10305460700
4348098400
4686036400
8944873600
9449498600
10585687800
10605468200
11070719300
11687689500
9591747200
10094545500
10626058800
10848203400
12010527300
11163364500
13319325700
10996416700
13125361100
13364530900
12770914100
13485118400
13564827800
11421895600
12524625200
12978249700
13173699600
13476082700
14063834300
14092434300
14306520400
13677115000
14018288000
14600976100
14943840500
15237028000
14119066500
15254026700
14515720500
14689889500
15020069100
15813192500
14516868200
14676015500
16214151200
16550493000
16938328100
16948085300
17267779200
17180604100
17544664200
17729334900
16688511500
17111501400
17300142500
17371396800
18031374300
17927909400
19052952800
19299103400
18395832800
18924794200
19246089800
19504128600
