70873500
126713500
313462700
576492500
191688500
403950600
371641400
561180400
758918000
787205200
804598500
872761500
1043550400
980123800
938457100
974755500
766481700
810980500
820845000
787578800
1259436000
1238558500
1289068100
1072266600
1120560200
1293124300
983413200
763772800
895798500
1963401800
1492630900
1381932000
1737542500
1636214300
1856302200
1684165700
1807034100
1692402400
1499306000
1829256500
1348665600
2509869200
2075066000
2377957400
2246074900
2272070900
2728862700
2678463900
2830905200
2057098600
2855991000
3494438600
3325036200
2729115200
2621695400
3022995600
3042810500
3238164800
3163283400
3176152700
2958090500
3094754900
3457194400
3535370100
3733405900
3496063300
3761807000
3921668300
4033601600
3661140000
3701182100
3940923600
3629712000
3650677900
3505662400
3619166300
3710887900
4389880500
4288562700
4318363700
4148376700
4258446200
4685818300
4605431200
4700629600
4764861500
5135101100
5108543700
4997359700
5355079900
5590542900
4413798300
4852080500
4855278700
4951255100
5194764400
5746538200
5402538100
5487548600
5492291400
6235091000
6306154700
5554075600
5606572800
5860472800
5722760700
5804996700
2393145800
6315047900
6416614900
6623945700
6433293800
6389211200
6515380000
6569168400
5950292000
6261104700
6237032500
6436850500
6415545500
4083418400
7056707400
6780608200
6735963800
6616463200
6414912100
6682756100
7282029600
6866611800
7077509200
6859083900
6973980500
7315827300
7282641600
7500161600
7475441300
7331755000
7321087500
7562384600
7461685400
7050188600
7171023600
7321496500
7464928500
8105332100
7957010300
7938805900
7757475400
7680575200
8272406100
8453758000
7564260900
7998030500
8626205700
8894904800
7671813500
7712895600
10431624800
