181536300
393138200
608423700
689870300
877613100
499326000
1198119100
1042890200
1238723400
1484965700
1667836900
2079467300
2289436000
2535429200
1404948000
1660241800
2500331300
2030567000
2437054400
2661831900
468622000
650362800
3063608200
3497186000
3917130100
3011231000
3359061200
3793436700
4067918100
4261633400
546503700
965506000
1034396300
4354012100
4994464100
4650834600
5368683300
5525523500
5875938800
6039248400
4236067600
5060209400
5672322600
6096441400
3209922800
5896343700
6405477500
6713603300
6955804900
6259020700
7792838000
8191801500
6706326500
9127739300
8932084400
9436766800
9791643300
9976001100
10194766600
10832586900
11103450900
7486982100
10849746000
10964804900
11128391800
11493446500
11542646500
6377338100
11706621500
12450155800
11854891900
12175905600
12302291600
12951513500
12170480900
12246229000
12839400000
13184536300
13601692300
14270936900
14834618700
15037163400
14851102900
15182220500
15580407100
15893159700
15804484700
16068990400
16353812100
16836549300
16802254600
16341180000
16938816800
17172696200
9867502000
10059958200
12157107500
17156396600
17373805700
14683879700
15193136100
15646167200
17415677800
13204245400
18224047000
18444356600
17979387700
18223464200
18567632400
20237236000
20687544200
17567385100
20297202200
20642571600
20976012100
21336831200
21507926900
21706934700
23185448000
