59909000
21079000
152617400
110095000
64182900
68857400
359762500
62289300
61208300
51479600
68687400
60038300
173616500
59850100
32709200
13270100
178900200
62168100
67325000
58770600
439418600
318439300
236692500
148659100
108695600
512744300
306854700
517106500
295327300
529632000
471324300
372813700
524307500
358094700
552966100
551489300
333311600
303599600
189837900
159848300
552358600
320279900
148423600
109785600
585561700
586244100
569296600
381076000
245495400
639197300
592360800
475757000
333247100
644661000
659236100
650610900
432394900
407826400
680705300
629491900
494681400
373913800
712259900
722125600
721155700
712328700
516101600
446573000
741376000
628454500
589861800
413427500
358807200
721505500
757900600
745996500
543353700
501883200
376603700
809288900
808530500
713313800
661440000
758164500
686044300
468171700
758197300
780776400
835908000
815732400
831050300
728779400
683397500
881950100
757106400
527871700
425747100
883754700
770743200
732074300
893121500
820825200
716715600
598048700
874554700
783826100
564606700
925654300
790964200
575858000
462560800
403974800
933737800
843099600
779736800
947983500
945599400
848100200
911019800
881249100
790950300
637807800
593304100
971426500
923420400
932877100
982270400
953905900
798428500
696376800
993052900
999321300
819980500
15296400
13159700
14592400
63998000
3984600
30812500
60747100
9360100
55497300
