13827200
93335100
32785100
221796500
161419600
30873200
436131000
227422400
26573200
156792000
22473800
130109900
69142500
108766000
424815700
462290600
251610100
62145900
312716500
329238600
364727200
273021400
194678200
483927500
382767400
457251500
292090000
218879700
107875100
66075800
464795400
315842400
484609400
306060100
291384300
155377100
519016500
491988000
396400200
233982000
223806000
635233800
439876300
407144500
487452900
362369500
514824700
364988200
663586400
642952200
467571700
423256300
677934900
686672200
681211500
667604000
485463500
447191000
699908200
608681200
511382800
431105700
322689500
738536700
638066600
721465300
667595800
749984300
744700000
712076800
581140600
536834400
565046700
394416400
801523800
698034600
647527300
512855000
485235000
801108800
660738500
490298000
359654900
843540900
847403400
770236800
687119500
840471300
731349100
673409600
556582300
524015700
871954300
813525600
684107900
886459600
764749500
728090100
582804600
901138100
894612800
887157400
907459300
899067500
865095900
716661800
636747800
913695700
801051000
925427800
768376800
621814200
958103300
823533300
979449400
952097400
818159500
674111000
983249900
972217200
1007276800
993589100
933260100
810749600
1050604500
1016845200
1010351200
815485700
776657900
661601800
1053238400
891299800
1146100200
1110823300
1060551700
982478900
878360000
849438000
771929000
868947300
748836000
724766300
