353846400
309318100
308466300
428458900
510282000
513718200
1245434000
627470000
549203900
309842200
356337600
633236300
251980100
181755300
228314500
288314900
585983200
1559653600
1533860200
2163371500
2618425400
2119627100
2445478700
2243425600
1909284200
2154558200
2404154500
2456384600
3263775200
2894793900
3124915700
4309044400
4167205200
4235784200
3913507000
4019851600
3362142000
3013909700
4530054700
4221554900
5416712500
4858897300
4813709000
4972028100
4926538700
6092517300
6262551100
6915009400
4489343400
4599430500
4830878000
4688764500
6395751000
7448073400
3314026000
7352837900
6352812700
6327748900
6355145700
6635552700
6544163700
8085853300
7684950300
7776909800
7568994900
7610387800
7735928300
7912786600
8560029100
8416653300
9214785400
8230814000
8313559100
8551212100
8828679200
8532689700
8649898200
8794321000
8383101300
8296738600
8404215600
8635287500
8526459800
9568862200
10061798700
10238419700
9501538500
9756198100
9946040600
9920051200
9947837400
10266918400
10424227200
10718057500
11253366100
10139206100
10180500700
10398950300
10669384200
10593250500
11142950300
11203989600
11412261700
12444019000
11173856100
11427902500
11460993500
11370454600
11677442700
10491648100
10598560500
12104466100
12352109200
11763872600
12018623700
12118406100
12373512000
13157373600
13308346000
13420992100
12709808100
12440493900
12788764300
12610686900
12549909200
13598683200
13452684400
13501236000
11828504400
13416527900
13547600700
14960148700
14842974700
