59428300
107884300
88141500
130865100
90728800
164768700
130955000
218092900
191798000
175369300
28443700
208741100
209163800
120726300
120402100
466758600
419555000
337367500
505722200
292796600
332026300
200196900
325555100
304835000
520590300
476792200
390639800
104957900
74141300
420110300
553167200
518017700
486111000
436979500
414684300
611097200
178703600
112329300
505049000
490566500
439748200
629906800
542729600
576786900
496366600
733201800
746607400
682487400
632937800
714598400
637051800
632829000
583757300
659166800
566026500
573176100
558009300
547193300
772354900
751026900
795795600
646952300
700146200
696729200
818865100
831730900
719105700
597837500
572106200
551507300
821521400
843670100
777214800
827077000
758217400
714414600
859184400
796817200
744734400
798177500
761772600
957757200
967354900
889211000
1088904000
1085568000
1081631700
1022141700
955282400
922702000
868122100
1109584100
1037106600
1157864400
1159806500
1077266600
1179904500
1050849000
983661200
957627600
1171504100
1146418400
1040301600
1028006500
1156865700
1071597000
1143163700
1017759900
1041469700
1008046900
1177107400
1105962000
1259232100
1137050200
1131750700
1126189400
1259660200
1140604800
1119264300
1116926600
1319590900
1311944100
1212055500
1189642400
1157869800
1136788600
1338273000
1210662100
1184376400
1343231300
1348419700
1369016400
1346303300
1373066000
1413386000
1145360100
1408548000
1364010000
