137252100
176955800
11399100
250517400
16326600
159538300
119921400
7821000
507246800
172060200
134860300
564119200
283136800
56415000
2495400
11073500
585200
713622000
431491200
401436200
706780900
716675300
61908800
55279800
3206400
182847200
1091363900
1015018800
878548700
864710200
715780600
615027500
347308600
1189584000
958064100
860153500
1013685500
611292900
483326500
531340000
568371300
817840200
815829200
745003900
1294350100
1072035800
801889300
680363600
948342100
687898500
433991700
193594900
401416700
1445632400
1258258800
1316498300
1074059100
1008250300
944695800
1694554500
1339438000
1128136200
943614200
855691300
1869403100
1362248800
1027339000
686989100
1167976900
1065659800
2191415300
1841890300
1774274800
1769108200
1799187200
1717345300
1732647800
1877234100
1463306300
1247441700
1156977500
2344994100
2234714800
2190328200
2335733000
2026354400
2527487900
2471781300
2070337600
2354562600
2237611700
1809570900
1289591000
1845287400
2424013000
2443729000
2241105500
2034361400
1983535100
1804861000
2360060800
2046672300
1990629000
1884833200
2268632900
2016011500
1657692100
2399327000
2276361000
2528468000
2348461000
2120876800
1855899500
1777635800
2546539500
2071080700
2235285800
2114359600
2043640800
1844232600
1772555000
2566020300
2524405900
2209462000
2095411900
2526011000
2698488800
2237444200
2403474800
2538358500
2187601200
2177865000
2033990700
2007703100
2751971000
2477376700
2745141200
2464529700
2496316000
2306982800
