609887600
780362000
313341100
453739000
420352300
1213663400
172048500
271988500
393321500
627723800
1079861800
2655328500
3006798300
597855300
2626877600
2745898200
3609931100
3931797700
4028343700
3999382800
5677855800
4401919000
4713587700
4807070800
5356473100
3445427200
3566556300
3674396600
5030067100
5123997100
2474966100
2643247000
2579559000
5223836100
5541332000
6579702300
6096188900
6118660800
6255115300
6343532600
6942815700
7087632100
7432691300
6713819700
6897975900
7064316400
7391385300
6851232500
7376395100
7401119900
510370700
3130299700
5138486400
5319938900
7477537700
8840694500
7226569900
7281124700
7378535900
7460599400
7608567700
8370287200
8216439000
8040697700
8062262200
8489914000
8738369800
9355136600
9267494300
9364975300
8216209700
8574360900
9113870300
9828947500
9943768600
9499552400
9772203000
9625056800
9581075500
10354269700
10524747600
10836800800
9670850200
9879917800
10003212300
10005685200
10379024700
10336582200
10574949900
11295212100
9488653800
9892821600
11580670600
11740824100
11218920900
11561089300
11909765700
10934230300
11142343600
11942587500
11411709000
11382442500
11917681300
11905064000
11788120200
12911461700
12203768400
11877296800
11800790300
12158233200
12116774100
12250062500
12649090800
12775669600
12794199800
12533853500
12724040700
12766523800
12451865800
12595455300
13344585600
13653731400
13797079500
14119657300
14204181200
13084942400
12897043300
13229345000
13512141300
13661342400
13333666300
13154254100
13243594200
13641692200
13964568900
14406544100
14489379000
14795903100
14882503900
15098451500
15357787700
14855964900
14912455900
14991687400
14816144200
14191864200
14326672200
14714469100
14532322500
14506989200
14935923100
15469127300
