309314600
853009500
1094781500
1752591500
1824306100
419180100
1337600600
1502246400
1794054500
456591500
1233997300
1488470700
2368848700
2741937500
2243031400
2356297900
2550730400
2802621900
2911199500
844953900
874497400
2738505700
3066743400
3187976300
3816580800
488835100
3806503300
4030933700
4717514400
4985265200
5420853800
5734472400
5979481000
6014307100
3750707600
6033080700
6380020000
6098719400
6662672400
7167873900
7204644100
6950291900
7415968200
2838958600
3030751800
7766065500
7744213300
8004978300
8139064300
8734599800
8862701100
9404555200
4500838200
9382240700
9436788500
10127703700
10516462200
9675708400
9874973600
10311720700
10494707500
10855681800
10430162100
11146893300
11374557900
11758000300
11949178700
12103366200
12278411500
12489538400
13334787100
8072877600
8825926500
11231148300
11381636500
13119808300
13638800200
8955603900
9041607000
13835954500
14062884000
13982715900
14262608300
14657646900
14808931900
12626339500
12681833800
16011077700
17380707100
17784105100
18316316400
18291029000
13953637400
18987007000
15763113900
16017412600
16450277100
19730691200
21088904200
21411353700
21742469600
21976864200
16427512400
20429917900
20789166200
22492550700
22792041000
15046792600
19260360900
23498951600
23816953200
23998430700
23966875800
24389157000
24707946800
24084498700
24531361400
24911975000
25116910300
25125484000
24888465900
24852887000
25362734100
25471772200
26148912200
25106425400
25213838000
25914956600
26807497700
25850857500
27282440300
20242790300
22751644100
22868284800
22968179300
27680112700
25757669800
26029852800
28109365600
28248444500
26530903000
28104296200
28148865400
29678153300
29795535700
