7947000
9459100
4493900
93045000
90991100
5680800
3712300
57853100
69986500
7055400
335743600
422722500
417229400
221321000
111224600
518251600
599879200
682407900
670132700
651253500
443003700
391969400
331806800
604492500
628542800
606650700
526593800
1079040700
977488900
57965200
212915700
15622100
157737000
7313100
1118821800
1093068200
1036374400
696181400
440961900
895907500
849427600
1177528700
1127813600
1027925700
1080580600
931212500
1417625200
756439600
674259700
895806300
1239092200
802584600
1147801400
1032030200
1038924200
932308100
812679800
1171287900
770802800
1347561500
1274342400
1018395000
898956900
931435300
1329645300
1590517300
1699656600
1648711000
1508228200
1367731700
1938296800
2297694000
2307254700
2138613300
2035923300
1916300500
2322390000
2236220300
2210513100
2108390900
1959977100
2157368800
1881583200
1905182600
1834297900
2385902300
2339713700
2322054500
2243382900
1902103400
1798040300
1591824700
2434225000
2551076500
2444791000
2332439500
2558594000
2542947700
2327424600
2177146500
2111115200
2582926900
2291753000
1948780100
1650394000
1431135800
2384746300
2272506700
2268354700
2218783000
2193038500
2564732400
2200471800
1582700400
1326532700
1109683800
1414154900
1921229400
2261955600
2315695100
2117141800
2764173100
2700738700
2702186700
2640440400
2813140100
2742305300
2805285300
2887441100
2781597000
3085728400
3145039600
3185549300
3087302300
3070387700
2959951200
3208377200
3250857700
3127735000
3299256900
3198418000
3087642100
2852650200
3187026100
3157255600
2753556800
2803927300
3431149200
2968730300
2922368700
2887982800
4015697400
3957335700
3759810400
3579641100
3471786600
3310710900
3477309600
3474704200
3649378700
3638707500
3849968700
3795150100
43436500
5204881100
5125984400
5100653000
2985813900
3132279000
5333411100
5035294700
