452842100
552607000
2182375600
2610442800
367803700
721955400
3240881600
666755200
711262800
3947222800
3534080600
3802609800
3993098000
1842063300
3387375400
3642741100
3634602400
4226062500
325129800
888192100
4811547600
4897548600
4859071700
5368598300
5841169700
5984464100
5678357000
5897313000
6267710700
6650401200
6634899800
7045481400
7254506900
7987089900
4908350100
5046221600
5449618400
7940454900
7801743700
8461940000
8684313300
8748079200
9528214800
9345828800
9577921000
9694418800
9987320200
10417827600
4905769900
6610396500
8354364700
9816747600
10421798300
9964652800
10784570800
11207646400
11079211900
11375472900
11482354600
8569936200
11047462700
11287929400
11618491700
11915425600
12712377300
12755299200
13033175700
13590924300
14139797200
11020436600
11092260000
11352878200
13801346900
14237709800
8764697600
12087931400
14504239600
15131802100
15597220200
16100372700
16434380200
16836524700
16777840400
14871383200
17247841800
11666265100
12047424200
16951198500
17616397800
17929296500
18300888900
18595654400
14476592500
14883183800
18099451600
18312774800
18469107000
18464091100
18610139500
18631143300
19321885600
19073851200
19141545300
19330267700
19694433200
20361834100
19069970300
19124798100
19606571200
20214179100
20930644600
22062686700
12019364600
13594654100
18622312900
19050472400
21718801900
19794353100
22333741300
22464900600
22423438100
17389388200
17424500300
19015756900
22414294600
22772140700
23506035500
24099028800
24836407700
23452355000
23839539000
23848373400
24344784100
24632322200
24590266900
24873620100
25561007600
25468949600
25590577900
23040174800
23319960300
25537733300
25720312900
25771250500
26579707900
26582400300
26738836700
26911593100
