24014400
169527400
27919000
91301800
27126100
102022700
61936200
243601200
237152800
303312100
325679100
263544800
99688500
29794700
110197600
72626500
50768100
402742700
377051100
258860100
421980800
385849500
477682300
643936700
669684300
663331500
553426600
572044700
439780900
415894400
692433100
545501100
517317400
725119500
563198500
545532000
406623700
391838500
678767000
587283000
555590400
449061100
408096200
760648400
761588100
764916600
765388800
587079300
783429400
622383000
603568100
787842600
784675900
646016600
814066700
707007800
795483600
749125800
760358900
733540400
987366700
819139800
778703300
686097100
795656800
668536800
1059753500
1061596400
1020861100
1072247900
905189300
898811200
761296000
1119095900
878027800
885714800
927659500
844681400
832739800
1174510700
1174748700
987185500
862221500
836568900
1191109400
1112087900
1062877900
948768100
1216583700
1078626000
977295500
876226300
741963600
965509100
1210454000
1023271000
876031500
818741800
1245535000
1156964100
1242132900
1146368000
1249920800
1246910600
1275881000
1254479000
1151572600
1079868300
1028707200
799323800
1320401500
1182234000
1241661600
1133406500
1251369500
1314509200
1168664100
1159757700
1036116900
1310132000
1320160600
1275405000
1223816100
1153744200
1237696900
1114219500
1305272300
1561820400
1498974400
