611232600
699936200
245721000
1217610800
1767933700
1616238700
1729338200
1798488000
966210900
1259669800
1284370300
1580719000
1016964800
1819869500
1935255200
2776883000
3507919800
3492852300
1397977000
1807171100
2787687800
2354689500
4006825800
3875143800
4074724800
3296965700
3576536300
3795557000
4204554800
4343078800
4342808200
4659595800
4662380300
4712395200
5327058800
5574669900
4251225200
4303987600
4643948600
5087051600
5502180400
5363896400
5510196900
5853557300
5521432300
4725138100
6352566700
6831832600
6856336600
5684058200
5419008300
5791373900
5714505800
5812912500
7614618100
7549226600
7444406500
7547294800
7306343800
6711082100
6726218900
6952212500
7279235200
8735088900
8363113600
8204070100
7995274600
8187635200
7943588100
8343645200
7708801500
7807819600
8141393800
8198072800
9408147300
9038952000
9098967700
8352623600
9167954700
8907934100
9022935600
9892793200
9926325900
9912017500
9854939400
9882571500
10082357900
8338606300
9407566900
9675507300
9632972200
9756223600
8935148300
8733535900
9464016100
9560125200
9780582800
10690413300
10594169400
10416166200
11785589000
10351930100
10390127000
10902232300
11027140000
11600285100
12413160000
13005504900
12232969400
12290548500
12323797900
12094314200
12008763500
12169288600
12420947400
12505822700
13406211800
11716253800
11576124700
12466896400
12456356600
12440248000
13669610200
13150783200
13700705900
13615359500
13691875300
13134578300
13812394600
13747217000
13923487500
13750983600
13698884300
