11799200
9398900
13634100
15016300
10707700
113340600
12069900
44068100
153680600
63790700
20588800
430254800
327772800
294653200
51056300
2827700
125000900
300811400
575173700
484082400
296964700
44404100
286849100
2154700
13231600
709982400
505940600
304250500
145596700
9827900
861913900
763964600
618709200
899456800
801044300
955597100
791089800
733683700
267254800
423084800
404541600
310874600
478335200
1146488300
1109071800
1085935400
974033100
821513600
616291900
956427800
635414800
556189100
311230700
178259500
1133983100
982429500
616154900
580551000
524819800
1166154600
941878500
372309500
352013100
285912800
1294312900
1261625300
1098477800
497981300
479133600
561363600
436677700
141346500
439251300
1254100800
1155641500
1070048000
1154417400
1402857900
887232700
1441033500
1314868900
1085239800
1081202700
1210754000
928051300
1276122900
1180393300
996765400
1584434900
1397059900
1219701600
1111260700
1476388000
1301935500
1584148400
1603966100
1605539300
1342602700
844325500
833613600
903499900
1860955100
1731850400
2017359000
1474640300
1321540400
1927568600
1833903200
1891101000
1572873000
1913546900
1659103400
1501390100
1142262600
1988796100
1954682400
1787713500
1606934700
1500683800
1956029400
1789664100
1686132500
2347894500
2249921300
1625719200
2222459400
1868960300
1643941600
2368771500
2347768000
2335225600
2018563700
2344449500
1829112800
2317986100
2223709400
2198817200
2260573500
1994448300
2202605600
2153685000
2287341100
1978974200
1914294200
1491756700
1402947400
1271712200
2103727200
2598260600
2918526300
2125769500
2110929100
3125715700
3031434900
