7745000
378292000
166555100
9336100
1145400
52843900
1570600
1077800
46467200
677000
39326600
80585100
1006300
2629940600
2256446100
2195003800
81992300
2367912600
2229523100
816149500
2175095800
2047464800
2004517700
5425700
6951000
760300
3309646700
1498078600
2045951700
983314100
2620185000
2045458800
44544600
775800
3254367900
3185030100
2942347900
1780837600
2606900
3169700
2172616100
1902573300
1538662400
193811700
429000
791900
1212300
3571184900
1511512600
1133786400
2147677300
2694920100
2452066000
2338591900
595800
1394300
6693100
654700
625700
811900
2188313200
897645200
638800
3380046100
3011876700
2905541200
2757756400
1309267500
4404876900
3863375400
2806404400
1783647600
2810613100
589900
47635800
1230500
5140518300
4592012800
3506069700
4895686700
4367765500
4326159600
4601872900
3845837900
2942230900
712235600
4885340000
5230040400
4867132800
3036380200
3036621400
1003672900
908002500
5043262100
4902909600
4063556300
3916254000
3698601100
5269329400
4930465000
2911928100
1690810800
3114507100
2854252400
4059760400
3694922700
3234093300
2115134000
2004597700
3120418300
1941753100
1562551400
4729067300
2715044200
1463740800
4426824400
3328444400
3240202900
698957500
5387606700
4193280200
3099046100
3083387700
1330859300
1264253600
1861675400
925256900
2114347600
1045548200
659603000
594129500
734600
5259665200
3793989500
3053426800
2597624000
5423335600
5388503200
4598340500
3582710800
5729190300
5696527200
2209123000
153208300
595600
749800
750100
5195261800
4037242500
716155100
8503600
908400
3348635400
1193672700
965763900
1810100
1931600
3220806600
917544800
707189300
128469100
1513500
3710671200
3069386500
1853797200
2103500
2041800
