140259500
330989100
314470400
475847500
176139200
517347500
164243300
132110000
547412500
354762000
641219300
216515200
659882400
1083119300
841924800
1811372800
1406165000
1238620600
1735954700
2319105100
2126850100
2476875800
2055794200
3421265600
3337050600
2921897800
2597855900
3852679200
3764558400
3993511700
4227284700
5026144800
4925425400
1040265100
2106400400
2237265600
2131214200
4179081600
4275778600
4083881500
4636129600
4395336900
4327999000
5493662800
5164624700
5619061600
5035249000
5641911200
6082806500
6606893700
5934239000
5654916500
5955725600
6281802300
6384420800
6440522000
6155770700
6004032600
6121724200
6535852700
7816114700
7914206600
7130476300
7658891000
7598896800
4646812700
4814820100
4867630000
6874634000
7863796500
7983195100
8081366200
8577753900
8245614000
8600037400
8305526400
8405699200
8597527600
8329751600
8803618600
8834175200
9066153500
9939203800
7922256600
7722752400
8043268000
8203652200
8971766100
8971361300
8687323300
8735839500
9107691300
9837215200
10183615100
9907816700
10882248100
11086391300
10610531300
10443864100
11002265300
11047711300
11257072400
11530264700
11443274000
11649689900
9853215200
9952069600
9845075700
11275683500
11579097000
11674005600
11817177800
11653848200
12478655800
12602074400
12525913800
12446806900
12771703200
12953872700
12966503400
13730507200
12618021800
13000950500
13052063000
13181660100
13530027300
13749692000
14433577800
12442831100
13544505500
13706665700
13957877000
14067435900
14344663100
14739856800
14914309600
14460309500
14139362700
14261402800
14359646300
14547174300
15100382800
15255114300
15161883900
15079080400
16034461500
16183340500
15766844400
16024291600
15542881800
16363687000
16454126700
16456888700
16358143800
20011900000
19833214900
19743436000
19548864300
10346698100
10175545800
19908290300
19703872500
