518634700
592690700
149157900
305787300
151467000
152450500
362270000
132770400
253419500
247536600
3676151000
3675960900
4128967900
4049698800
4103858700
3778102600
401038200
339786900
793625200
378987200
374803800
228812900
780115200
208128700
131479000
2040781100
271962600
5698821500
5840872000
5617112500
5364983000
4883508600
4490026300
4092861200
5830995900
5691240900
4608411900
3639529900
4553426400
4546920100
2454974000
3710416200
2336596700
6493839200
6535008500
6434413400
4967071300
2579126900
5860825400
5982813300
5862191600
6115729300
5954571700
5765130600
5857239300
6560393000
8135922100
7543101600
7339298500
7008588800
6403720600
3714345200
1959581600
947945400
2734769000
3964678300
9803495300
8642273500
6583302000
5859087700
7580582500
7774033200
7467519500
8029579400
10115705700
7983859700
4304335500
4415956600
3829407600
9125913900
9278814900
7655318100
6896350300
9233147400
9179074600
10144653100
9188208100
8411992500
8538965000
6836551500
10096635400
9456371900
9525148600
9808642100
4478946000
4667815200
4351243700
1291156600
688579400
12227659300
12156711600
10841857700
12327614100
10405487200
10359886100
12099442300
11018815200
9449617400
6343997800
12755120600
10520976600
12023507700
11232909900
12987948100
11496824400
10760227400
10375918000
10345896900
12500204500
11653875300
10726320000
11182870900
11036818300
14506253400
14283309300
13624454900
14099429100
13231270800
16105533800
16146109200
15364345800
15565881400
14661127400
14377278600
13983974600
15652322000
15685156300
15176091000
14068934200
13786837300
17552850500
16336574500
15930910800
16332012900
15707459200
14935916400
16837265600
16317014700
16163475900
14461300600
10713465800
10513211700
6418803100
4302633000
9112075100
