26422000
72435300
4893500
2016700
369704900
181420700
6104700
8565300
4731300
69855300
451433000
284508200
262907900
88324800
1808400
445536400
154307900
23410300
47012400
181031200
74157900
10999200
20137200
285566300
397655600
316188900
63192800
25676500
538827500
358201000
179886800
289127300
365740000
341001300
329975100
162129700
853842100
787866000
693224600
636541400
754756600
745328000
592896400
874173600
953559800
885957600
774351200
855208600
748757800
667781900
616844300
867385700
621003100
577113700
490666000
1011588900
947700200
813168400
735859000
728548200
666822900
568338300
528532700
1168216500
998323700
715971200
712347600
793190700
1227113300
1269207800
1120770900
1002340700
865834800
1315708400
715365800
349725300
310386800
118679100
64795000
1341338900
1342273800
1154023600
807772100
566513000
1453498600
1059836600
1397234900
1508577000
1422733600
1280421700
776868800
1562238800
1302463100
1467997400
1274194800
956053600
1540192700
1336042800
1233080800
1187172200
996294500
1603374700
1476742300
1304162500
1292222600
1198304300
1323169500
1345714900
1551681600
1474953400
1744277800
1683250700
1552142000
1729487600
1829028200
1588665500
1681864400
1520808300
1292937300
1051653900
1339542100
1694808000
1379364300
1354929200
1504798600
1876564800
1825413100
1682684500
1534148800
1170442800
665557400
1927796800
1782370300
1631098200
1846666000
1577063800
1481608500
1795036200
1439110600
1445286100
1014432800
1894914400
1824449100
1781490400
1444548300
1286492400
