312030100
628449800
513512100
652039600
1092907400
1056840700
611009700
647829700
660922700
278139900
307489400
386451600
476114700
334769400
1964961200
1297166400
1335596400
1492195100
2105922400
2381296000
2301450300
2164802900
1891232700
2130122700
1805088800
2618845500
2591398900
2877402400
1972740000
2300165500
2969429200
3554289900
3521593200
3602730900
3832254100
3541140400
2536489800
2346263600
2507031600
4243005400
3264390500
3994814100
4106198500
4222643200
3764350800
3611002100
5215097700
5061015300
6887620300
5280797200
5312859700
5548383100
5494056200
5965263500
6163268700
6006235200
6375657300
7108308700
7244381500
7370917400
7126979200
7373432600
3974490900
4034832900
4262448600
6522535600
6661880500
7748692700
8251199400
7815306000
7773104200
7866395200
8218299300
8175645300
8083056700
8224504800
8083285400
8385585800
8654095300
8907684300
8962354400
8792467200
8944808400
8684176400
9205579800
9087273900
10894221600
11170345500
11537150700
10603438200
10780605200
11010739800
10847000500
11011294700
10304218100
10393762100
10502980300
11327659700
9468978300
9343499100
9697317800
11246628400
12222465300
12535455400
11723189700
11993218100
11895340700
11744225400
12127626700
12063314900
12335371400
12172844800
12712749800
12491023800
12776746200
12835396800
12705670800
13317056800
12475988500
12733440600
12388943900
12323697900
12304620000
12684792200
12353536200
12601768000
13522663200
13247688000
13224037000
13730314500
14050036600
13467382800
13405557200
13736782000
13506707200
13683173500
13446785200
13550737800
14072991500
13587683200
13862766700
14583719200
14225738200
15293781100
14801368500
14825526400
14445522800
15497650300
15348089300
14773619300
14785022400
14820083200
14536177100
14606809000
14717978000
14799163500
