74566100
96317900
70616300
125460400
360625500
674557500
884737800
928686900
1321881100
1397769900
1458228500
112663400
8873900
49349000
799442400
896604200
1536545300
1764699600
1924436500
2076019900
2033891100
1661198000
1841646600
1853101800
1785928600
1662026300
1790293600
2382672900
2507431700
2389592300
2346839800
2488995400
284145200
239551000
2381026700
2678959100
2033048100
1968015900
2020280900
2012409300
1765289500
2765676800
2500863200
2458772400
2596635800
2706633600
2899135000
2732886500
3164771100
2991535700
2703445500
2942867400
2995550800
2981331300
2985423800
2912573000
3203934800
3170423800
3309025100
3008287400
3430185700
3497528400
3274290200
3510545900
3471460700
3625603600
3516289400
3445847800
3459758000
3456059500
3631347200
3444366600
3407540500
3290110700
3141349300
3195123900
3732478800
3759548400
4022970600
3906511800
3815691900
3329067100
3220800700
2783290900
3513195700
4055328500
3984458000
3899501300
3854905300
3923989800
3740079900
3602544800
4127862900
4135965000
4135987100
4160137000
4262681500
4193813100
4028149700
3900937400
4158319200
4102253800
4330664800
4341406100
4328988600
4274842100
4627480400
4711327000
4642717000
5464609300
4970276000
5437617900
5356350200
5463846700
5478555800
5409615800
5203454600
5207279200
4521277900
4273032900
6047513900
184427100
277775800
14219402600
14267709000
358981500
177474000
19909518200
19910097400
