498445800
596235900
235927400
420870900
400518800
447434800
442694600
652216100
509514600
717605800
129301800
417647100
584100000
634088700
734789300
273317000
372948000
798253100
719415100
1013697700
1675368300
1886115800
1860531100
1630138300
1565856000
1623239600
1758162400
2197857600
2202763700
1970955400
2119287900
2252722000
3099873300
3283745700
1625637300
1655574700
1619529100
1963698200
2286620400
2621686900
2815107100
3163893400
3764878400
3931196900
4056381900
4033153300
4009467600
4359352700
4603988200
4488599100
4837104300
3053053600
3353706100
4005234200
4051903500
4333706400
5560702800
5798549300
5811107200
4399182000
5640519700
5810274800
5723096300
5719886700
5916797000
6311811000
6878364000
5720720600
5835824600
5933857900
5842269000
6133220300
6573691500
7307180000
6814628600
6604453700
7040877900
7092635800
7334265800
7438712700
7744203900
3770582700
4292806600
5769984600
7018980100
7537366700
7304777500
7477905200
7607708100
7638840800
7870350000
8487721700
8607045600
8662486200
9048814400
8949217100
8483769100
8623985800
8743042900
8823465900
8212471700
8225172900
8340313000
8647712300
8959559200
8983444800
9039436300
9095148300
10257165300
10199448600
10033536200
9503693900
9668065300
9744303200
10039046500
10783952500
9805298600
11060802400
11494449500
11493851200
11613964100
10840177800
10773656400
11270073600
11568422200
11086318400
11464698300
11069541000
11483345900
11788013700
11747781300
11587757600
11772355900
11929036200
12509115200
12544030800
13365632300
7630833900
7369637800
11608531900
12096406000
12596125000
13122178700
13427298400
13033680000
12708837500
12932943300
12646329800
12852581000
12906116400
12708112500
12822078000
12842661600
12888218300
