569524300
482646000
842901700
1316094200
346856700
151022500
97059400
2176182300
2377983000
2414157800
1696501200
788265100
668220400
210526700
2952215600
2094959700
2253311400
2260889000
2559253300
2847400900
2188456400
416684200
300102700
175768400
97194400
2387018800
2198866300
113827600
218089000
5298004300
4726371400
4653296900
4992223500
4919122400
3993934600
3873342200
3870454800
1662053400
5440220300
5536138100
5163463400
3897037000
3379228800
4322597700
3374987100
865819300
882511600
5400039400
5179847500
5048146800
6534966100
6678549400
2965564600
2948066800
1570426600
1388900700
1174823300
326984400
1171662800
5800311200
5280660400
4706431900
8830827500
8445210000
259492500
274689600
274949500
269697400
7597181700
7370485200
6008191300
3516972100
1371946300
8639201900
8792904800
6539552100
7869122800
9348259500
8898731800
8695938500
7202430600
6559582200
6410619700
9161258600
9295239300
8755896500
6588008900
5206839000
10724324900
9260927400
9148988300
8604090300
8057794500
11546105200
11381463800
11180381800
9647803700
8013433700
7971158500
10264011600
10218895000
12063722400
11024044100
10653598000
9884072500
8420489700
8437923800
12223738200
10428466000
9959621900
12787168700
12370532100
11576867200
11701151000
11374020600
10784864800
10894968200
11264119500
14214512800
13407354600
12352190600
13850517400
13212444800
12816789300
12728377700
9694519200
8375592600
7481515300
14289925600
13716594500
12207924400
10764733500
10252131000
9653517900
11840317300
11949661600
