929600
5519900
2933100
7786100
996160900
653197800
1043100
636300
755800
8945600
1665846400
1414909200
1259680400
585507400
2345022100
2018291200
1507099000
499009800
311841300
6577300
922900
856700
905500
1782932700
1782410600
1586743600
2051700
43817400
834100
882800
3265158200
1971564600
1838595700
3076550800
1287521700
969702300
453884200
878200
1309600
42985900
935300
4891264000
3970858100
3404094900
1458653500
704638600
1017800
850600
5005935700
3850505600
3168048400
4495457600
3661657800
3681133900
3489872600
4208313000
3034016100
5674882600
5532878200
4479315000
3792393100
3154955900
4868780800
5078829300
5647640100
4669979400
5168126100
4470025000
4189575800
3585058400
5561402800
5493310800
4769191300
2485755900
5487682000
5033231400
4789922900
4964997100
4062625600
3517179900
2450270100
5739126300
3811016100
4722223900
3279732400
2660539200
1043100
4743600
882600
1056000
49127500
5871192500
4786366400
2885677900
2173734700
936129000
6010407000
4285191100
3633694000
1848694700
3562279500
3362242600
1309905900
1291229100
1192725000
6112600400
5418440100
4493282900
5498797600
4816205300
3971746300
3513463700
3327166200
4715997200
3647179700
2641532000
2060465300
5824860800
5502016400
3070978600
2604599400
2254408200
752033200
5685520300
4550150200
3821776100
5109097500
6058595700
6034962400
4899385500
5964769500
5588192100
6060329500
6293624400
5964728600
6212025300
6057123100
2206687300
230176600
4685500
930800
807300
39229200
58629100
3974022800
1545150300
952600
1429500
4447800
1500221500
273975100
512100
43339300
