225386700
300817700
437436800
270113500
277815800
657974600
933314800
176498100
3755722900
370935800
241886500
199138000
136053600
1994474300
824512900
391747300
3916738200
4012953000
2758832300
2857010300
785710700
2186471100
1613265400
276271900
4160113200
4075114800
2089104400
453948000
4950634600
5066458400
4748219400
4678911100
3803788900
3639412600
4131981900
6138401900
6286340100
5783405000
5531269200
4239788000
6306151600
7184883400
5698789100
1845236200
1239716900
6132036000
5745603300
4965004000
4354270100
6339505500
6490250200
6418719700
3210316200
8021322900
7843911500
8045495000
8322203000
6062122100
6192357000
5481279400
5499988700
5124414700
211840000
228793300
1066521300
372752900
326826000
8841360900
4312491900
3985386100
9409199700
9568039900
7109823200
7717969000
7422168200
8878675000
9095145300
7996101800
7684815200
7861495700
6780682200
8524145200
7143561000
7536953700
7821685300
2014098100
2811403000
9948051500
9870010300
8288537200
8658933700
6467437100
5433464000
10193927400
9500421700
9754431500
9402410200
9392734800
10134193000
9947637500
9090362300
9322610400
7598348200
11830539200
11832372400
11770632200
9940148800
9818766000
9761752600
9480389900
12601387600
10617690600
10402938300
12021594900
11847869200
12205798900
13641411500
13743394700
14075301600
14214917900
8542147200
8525766700
7993654700
7354058000
10731301900
12547752300
11212575400
11511098900
14658146300
14335244000
13601212200
12912102200
12377377700
11632337900
9398677800
8806079700
8777377500
16183591900
16564329600
14974441600
14786477800
16460795300
16598128200
15529529400
15233850600
15413307500
15175967000
15800618600
15289737600
14273517100
13904242700
