920400
1666700
352434000
810000
809700
2347800
513504800
1081400
2957700
675400
680600
581100
1097814200
894000
878500
3784696300
1219104700
737722300
952500
1165100
5164992000
3345783800
2800450100
5130869600
4004515000
3508197800
4132242500
3501778500
5147509900
4603593200
4940400500
4403911100
5401549500
5350420900
4791251400
4056711000
3095674600
5362967200
3376047000
4665028600
4626533400
1604126000
209090200
80232000
5186719400
898300
1710400
728700
1194400
815500
5885829000
5015480400
4615915500
3278979800
5327398400
4336644800
5934899400
5460579900
4935641800
4717704800
4436786500
6035167200
5784266400
5463604100
4482000100
3945183900
5903825500
4485172100
3523913100
2228959300
5998794200
5775565900
4352574200
3916882400
5827307400
4482825300
6212871100
5385431200
5052422300
4819867500
3874509300
5152087600
4046526100
5825539400
4478988100
4459257900
5617942700
4205765100
2623249600
2552676700
4806291000
4444700800
4065883300
4015367500
5107039500
5121676000
3869969100
3534700100
3389460500
6514283900
4750551100
4257229200
5760997800
4260004000
2589470200
6530782000
4145870400
3815390000
3604254000
2905499600
5100176000
4866768300
3299327400
2986479800
1683168800
5341641500
3755889300
403224800
6562515700
6484683500
6120948900
6526970200
6685645800
5021399900
2480039100
6089290900
5555158500
5306640400
5223056300
4585276700
5330521100
3654135100
3512844300
3242873200
2986053200
2010968200
1795939600
89651000
746000
6510229800
6742298200
5386847500
5189899200
3648250700
3628651800
2020879900
4088500
901800
1168400
6043581200
3920023800
1588126000
2099200
3507780400
1573138500
1221009300
7621100
1828100
2477400
821100
821500
984900
