397016600
385649200
560231300
1243764300
1140813300
1192050500
1057469400
634498700
792182900
1177092100
1268546600
2164772000
1800494300
2623942800
378128700
1438248200
1407882700
1780486900
1029828500
1113182000
1206094600
1253286100
1488382900
2046409200
1937633100
2092672000
2171187000
3176584900
2793617600
2735772500
3429247700
3868050200
3232175100
3760877500
3558162100
3394974400
3673004900
3938948900
3873163400
3603112500
4039541100
3603394300
3672832200
3751495500
4145069700
3748822000
3722590600
4102625400
4417263800
4137992500
4860918600
4842621100
5083294400
5048188700
4735171500
5109195800
5292551200
5136341700
5271938900
5066929000
5473129100
5459784900
5337995200
5418627800
5556021200
5770836400
5096396300
4834343400
5399662000
5270553600
5460366400
6102102200
5731073400
6039176100
6012496900
6325059400
6773064400
6014059000
5898305600
6236957500
6288792100
6564490200
7002206200
6887459500
7214069200
6781634600
6692772300
6950633700
7190974200
6225083900
6574350400
6776772000
7072675600
7583764100
7457915700
7597921300
7779490000
8096771700
7921856700
8052212700
7355528300
7528393200
7547319400
7790080500
8537897600
8658133500
8691184400
8741720700
8696469400
8675844000
9098974900
8082177800
8323194800
8639429200
9179011300
9080090500
9623080400
9789442100
10004274400
9943412700
9011541800
8974186600
9290465200
9546681000
9516530300
9283517400
9835572300
9652355000
10151641600
10499823300
10386076500
10288680900
10438794700
10631273900
10558427600
10636010900
10723441700
10101185000
10146131300
10395455900
10625598800
