624177000
828775100
815418700
488134300
650175300
1025251500
1294164200
1563851500
1593040300
613107800
756508200
946331700
1103768100
923985100
210729200
439456800
586499400
1207065900
874085800
2227625300
601365100
803340600
903838000
683796500
1091789700
2847702500
2969367800
2486789200
2458818600
2609988600
2727367400
2378858800
2440846800
2540020600
2432763600
3573809000
2346991300
2349364400
2707340900
3073732900
3315684400
2721233100
2643361100
3380299200
3534941000
4498313700
3868354300
3699465700
3961936600
4395826200
4059660200
4960013000
5096390000
4112102600
3944308300
4364940400
4301890200
4363528800
4242584900
4401024400
4656123900
5018270800
4601986700
4965201600
4899389000
5131067200
5377024600
4935848100
5031203700
5300936600
5405855100
5645118300
5717043100
5946801900
6083977400
5915014100
5958547800
6258435100
6306907200
6361712500
6729459200
6888792100
5843021100
5614985000
5926823300
6086808000
6386613100
6717810900
6810182300
6930651800
6906574200
6636803800
6183212100
6361722200
6642388500
7482761400
7566150100
7301363300
7883611600
7940113100
7899461700
8068993700
8202468600
8376248500
8480922800
7559852600
7747580800
8027940100
7733507500
8690918900
8022809700
8453002100
8759729500
8388574900
8843945600
9158009900
9096825100
9161463500
9508003900
9694737100
9767349000
10071635900
9440023400
9298168500
9434517200
9089955000
10162447700
10199761400
10257395400
8999817300
9479894100
9472732700
9426744500
9488663700
10356820900
10732152800
10580651500
10811098400
10645917000
10681637300
10854021400
10396133300
10778239200
10735805300
11124964000
11197987100
11032873900
11023711600
11084799100
11223929700
10727992300
