9333200
11922100
14776400
14650000
7265900
263411400
22269900
377318200
514148800
211340100
51773300
183432700
180475200
129358100
420860900
359411600
424686800
764096800
801576700
626279000
761023700
500762300
315006900
91712900
859010800
788130500
840767900
567981700
2412400
2805200
4099900
414254000
360144400
922837100
853495900
833943200
678363500
650396000
921029100
943349700
908610100
931280000
949889500
859912300
851264000
708191700
656888600
506447500
977666600
994933000
958371400
937428100
736319800
657199300
633943300
1181279100
1103931000
952642600
1207094700
1226571500
1190377400
1235233600
1182225500
1269712000
1183312600
1079779300
934238700
987581400
920384900
973726100
971249100
1596811200
1610651900
1615684300
1543030100
1797506900
1660891400
1616289100
1402902600
1676358000
1498220100
1903556400
1744184200
1955799000
1795273600
1986935800
1859299600
1791418500
1613194400
1508716300
1881722900
1745278100
1875231800
1705914400
1957605000
1693397900
1839879500
1606447400
1555296400
1499067100
2227592300
1989317800
1818098300
2075153000
2072098600
1785954100
1580707800
1519647100
2103554300
2075983500
1813514300
1536016800
1478434700
2275921700
2114143400
1811504100
1626941900
1545635000
1452097400
1487958800
1497551700
2113095100
2142345800
2370025300
2146336400
2298658800
2274410500
2292876100
2170101500
