133941700
627336100
258648400
487285800
339255300
186185300
189918900
245241500
265763400
351656500
163522700
506932900
467508700
386153700
531891400
146846200
418770800
477706900
382372600
410364600
1635517500
2012842800
2277798500
2256776200
2372789300
1816555600
1617956100
1529283300
1729330900
3339492300
1992171700
1707649800
1520880000
1737722900
2039250800
2340475500
2440190700
2396881500
2459409100
2600794500
3440043600
3270906600
4156703300
4280664900
4133378500
3043672500
3057219300
3418860300
3244668500
3266836200
4986968900
3054026600
3161510500
3253249000
3451873300
3793679100
4119186600
4490983800
4590293700
4438754900
4891558800
4487033200
4926385300
4645288700
5574250100
5420602700
4983210800
4781705500
4406235500
4789046200
4798701100
6268723100
5126496800
4586288100
4942952800
5011090500
5211783400
5891875000
6090703900
5784021300
6191157500
6494506400
5827792200
5413069100
5763553700
5894787000
6703134700
7020407700
7451925400
6965026300
6610812900
6941175700
8198029800
7234666500
7345054100
7069600500
7154986500
7302140000
6661626600
6982018500
6655013800
7045758000
7325635800
7842386500
8015097100
7989225800
8681375500
7025651800
7372963700
7205340600
7393437100
7709815500
9077114400
9267070500
8887211000
9227585300
9445878200
8560649500
8689598500
8449866100
8822933100
8714758800
8970743700
8809271400
8945872800
9774117100
9946710500
10172242400
10267987500
10232819900
10255494300
9656305800
9695889100
9596481600
9675986000
9812911600
9750078100
9579243500
9559520000
9864084000
10483957000
10520230000
10237401000
10737436700
10746905700
10421313700
10451369600
10593912400
