33618600
9780000
36920400
994500
2248100
47145600
10475100
9560900
9982300
3323900
8510300
11394400
6341800
17086600
687300
1015300
1732400
485751000
613522200
629774900
518909100
510804900
450837900
319132200
168150900
525590700
431653000
277752600
201084700
58279000
661908300
460167800
379194500
231748000
182891500
573520100
386367000
410687300
190028900
99171600
669266200
478799600
428428300
228961900
170371400
708159600
649511000
714899200
694633300
484820800
725086500
637985300
724805000
657668300
686006400
719369100
686199500
526048600
710287900
474063400
220153100
102849400
48825800
720527500
656398200
531408900
415663300
611346800
348423700
608123300
365802900
310854700
188401300
170000400
619926500
336375200
169645200
63092800
618227400
372980600
322138700
193930200
624928400
337264100
178179500
78420000
61439200
621186600
615113600
391618600
308348600
206153200
165685900
627072700
359443400
343215700
651152800
627933300
376734500
346390600
182014000
91256800
628071400
384603400
340691800
209580200
174990300
643382900
625662100
409357400
744876700
503916400
754317000
696388600
567991100
619705100
430954500
313497400
302087700
650876900
637683100
411834400
663356500
627634400
676959400
606362100
671753500
604995900
443160500
669445000
624014100
431320300
333120300
222486300
671428400
612673200
447743300
312425100
663927500
672110900
643526800
681698100
608255600
450141500
329009800
681309500
626928600
680720000
583782700
469173000
302552800
668097000
340315100
255266200
673502900
780472600
736780800
589993200
493526100
