226786400
657664800
947310500
655433300
348189000
113174400
118963900
337792700
374359800
531283000
175327600
498842600
2368880600
2172697200
2137342100
2190828400
2185438500
2312067000
1369517700
159083800
1147552000
797143100
3354702700
1304635300
456665800
3102528100
2896618800
1741764000
685989700
362652200
1809737800
1822302500
323832600
823788000
3790810200
597641000
3245615500
1144766800
4072005000
4046308700
3678579900
2725975300
4626299500
4959012600
5421112600
5548090600
2713312100
355746700
366317600
6003149700
5573745300
3369761200
1690864500
1898302900
343614800
3180294500
3517592800
3253476000
5932287600
5680525600
4566031100
4595514900
5867776400
4961968800
6983019200
3773485000
6812237400
7375219500
7401285300
3414035000
1520928400
6072910500
6232322000
6043953000
5743882000
6214962100
2265020200
466983100
226535700
153431400
392263200
7368051900
7351799700
7512228800
6859774400
7213197700
8019908700
6840256500
6878430000
5419938800
2933388500
3097950100
2496317800
1234228600
6553232800
9627498800
8751498400
7904532300
10228975200
8957545500
8508865100
8756499800
9562564900
7937433300
7555868800
11002534600
9041228500
8335810700
8441809600
7834575700
7811675900
8754323300
7398298400
6890308900
6205467600
11627756700
9931748100
10065878000
11057149900
10414102000
11337493300
11615150300
11797586100
11229062100
13039117600
10325231500
9706641100
9111054500
10821439900
10217825300
10004436300
11558992700
10298671000
13705071700
13621505400
13378405600
