421195800
816560200
912502300
1182064900
1578010100
818028500
794255300
1171589800
2498074000
529217100
762320500
1357598200
1544016000
1779819500
2291464800
1971565900
2188119300
1737174700
1819291400
2303676900
2377136700
3578607100
3738489400
3926414100
2394072100
2362234000
2690223600
2903565500
2832839400
3076290500
2940315600
3452103500
3636051000
3999099200
3563522600
3210073400
3013377800
3845993100
3510627200
5570459600
4200901600
4108352300
4594654700
4852829800
4141395500
4013227100
4442352300
4361588100
4294514500
4459698300
4469019900
4498721400
4273659300
4659057800
5733806100
5726160700
6025701100
6701833100
6019787600
5630643100
5687076100
5757575200
6222722200
6176541500
6120533300
6885057100
6798118200
7648149900
7767199500
6404692900
6468375400
6756810200
6774742100
6742883200
7968792100
7672333400
7279368300
6958151200
7320924200
7046863300
6795578000
8147260600
8130444700
7219785000
7059142400
7239161900
7241316300
7591686800
8797186600
9146061500
8783611900
8290420200
8352885900
8847346800
8510486800
8649205400
9244714100
8105264700
7732906700
8355900200
8410781800
9217337000
8955066400
8981746400
8549986400
9602745000
9536757200
9907190000
9483219200
9235460800
9225388900
9425074100
9394495500
9443026000
9759780200
9850258500
11116841800
9703789300
9659491900
9808405500
10104538800
10281860600
11151197400
10829762400
10540633900
10278159400
10344070800
10612618500
10929488300
10480662200
10472620100
10219901600
11756775100
11458214100
11474235400
11292995500
11029212400
11779054000
11445567700
11594880600
11830579700
11398531000
11219355700
10800633000
