8158300
1823000
7628900
23132900
2561400
194056100
12590800
417029400
239907900
229210500
231741600
240800900
22609400
79064900
147099400
120619000
57684300
24531000
9201300
11011700
8897600
9958600
583800700
481272200
501377000
462211900
335767300
225549900
597966400
403135700
182958000
60790400
9434500
616068700
393596800
222987700
157341400
80895800
589767500
447193100
398198800
626563000
418186000
200463300
184622500
50410000
561618100
345624400
198341600
175251500
68797400
642795600
651569100
548173300
556659900
548804600
352843000
275424300
637709600
444819700
212610500
546614600
571586500
322100900
296582400
127429900
119593700
573438400
328693600
287571900
580183500
345089200
577205300
351466400
297398900
577156900
332113200
322502100
119529200
66164700
587223100
340673200
590315700
327099500
91599700
50255500
18124400
591518100
314582100
127960100
81430000
64042100
572099500
345414600
275525100
598842000
586025400
331520900
131098100
608858300
555080600
598144400
353630100
322037400
614157900
588171300
625281300
572092800
408172700
612178100
606797100
322834600
158556000
674599000
512041200
627609400
578539600
397950100
634510700
642555900
523113100
631293800
580557200
408275100
321335700
211964800
668821700
560772800
439432900
301244100
653419200
551759400
671988300
538447400
436370200
299343200
649348900
513005000
481871300
275005300
679350600
546931800
692306900
669787900
579919500
452689700
318065500
