10752600
9260100
59863300
3299400
127111400
107970800
192551500
271899900
29741100
8988500
306377300
580715000
212014500
235798100
371293600
299369600
317508100
189024800
1247054300
952879800
1032523900
898416000
1395812100
1475464600
1496322700
1470270300
1250898800
1907800800
1688142400
1662596800
1240090600
1339224900
923818100
863856700
1033240700
2017834100
2200273500
2358197300
2617679600
1909385400
1879367100
1861791100
1867687600
2646952800
2301730200
1947278600
3148247300
3029292900
3020624600
3108864300
3210814900
3384886700
3379630800
3073641400
2829841900
2741682300
3660286900
3592388800
3385499700
3144180500
3631045000
3658160400
3448522700
3298364200
2650776700
2803911900
3138600300
3122109200
3066842000
3906359500
4244368700
3850741700
3581445800
3841563000
3995164100
4076920000
3796306200
4145473400
4097318900
4917629300
5040221000
5267974600
4519236000
4467654200
4587053800
4510801200
4616267400
5323013600
5290115300
1664889200
1720763700
1640731900
4895181400
5672986300
5565654700
5428960600
5427999700
5162052600
5919948900
5915528700
5835340600
5494658700
5554681200
5801450700
5659494500
5936675100
5831131800
5853340700
5624653900
5503981900
6330748600
6294128500
5973710300
6096456400
6216469700
5925833200
6478602800
6292098200
6238001300
5858352200
5817476200
6658505100
6021551200
5938605800
5940650800
6020639800
6028359100
6707801500
6615993700
6501095500
6346068400
7056577600
6997271100
7154367500
2821994400
2673251100
2646059300
2477944400
6195387600
7544980500
7692400000
9559989700
9440528900
9335095500
9066652000
9007039800
6748698000
6622913200
10390269100
10206355000
