6488900
9880300
10808000
18601000
3805300
10981000
171603800
239145300
333680700
505936900
323500000
175823700
225434600
43428800
7606200
9396800
13964000
635000
2332900
667496700
508531600
656612700
646790900
559547100
702321100
542511300
515230400
385639400
679551700
522620800
513268800
440666400
163088300
721128500
711132100
646873300
260694100
635322900
281270500
248054700
625041600
361474700
210521300
143384800
636423300
323520300
244649400
647474600
360527400
237069300
137960400
672652300
666424700
337324200
267392900
685039100
335054500
274421300
779438200
741239600
682258600
710754000
730780900
726061700
735387500
711850400
418538000
727886000
712418600
405722000
727834700
745737000
705089400
729392100
331453600
183379200
174550400
137735900
755575600
734157500
762325500
727265400
677695500
331135400
290205200
217755300
188186300
778956300
668673200
493242300
310476300
300602000
785085000
780628500
504949000
341092100
857940500
786292400
839302100
763533900
750362000
585389900
901733400
706690200
340186900
229338100
873872200
793423900
865599900
849352300
446193400
284445400
232305300
929204900
915639000
758632500
790425000
756330600
481623000
444273800
323453500
881074100
817884600
581331500
418444100
342757800
897519300
802468200
918011900
770360400
945090300
916584600
798605000
613281300
426707400
925935600
684270900
328155400
405901800
246091300
265512900
886750600
856234600
594699800
473276000
