3858600
60669200
10751600
22108000
28854800
12534400
67368400
13086000
390019700
636382500
506712000
70023300
7376500
3045600
13631700
1774700
648669400
502963600
746639000
524179800
199582300
60227500
47464000
520000
104502600
121651100
152524100
698288500
460340600
739913600
563480900
718157900
550866200
546077300
354551200
694777200
430888700
472827800
703123200
638045200
499896400
892040300
864641500
927005400
656514800
628462300
799917700
1018849200
1069662300
706269700
641382700
697482900
520370000
969177800
782277700
751410700
496945500
477305600
1081384400
820764400
1097823200
810334700
783339200
526734100
1118605400
1173981600
1103640400
903865800
805397400
589704100
1160291300
1249435000
1135677000
1126879600
846253600
1330972500
1138622300
1039747300
1195696800
1145611500
1364801200
1351169700
1527695200
1446291800
1912497100
1761669300
1724850300
1392965800
1505906700
1467172400
1393041500
1551897900
1387655900
1153874700
1155440700
1642095200
2066338700
2014091600
1944216700
1823765000
1959580600
1923797300
1725051300
1678816100
2207602800
2202044400
2052928400
1976518600
2191060700
1962357600
1976469600
1966422200
2234871800
2139177700
2009809300
1773084100
2296899600
2085630000
1699348800
2357077700
2186488400
2416690900
2216679100
1858672200
2233372200
2155030300
2290382100
2098358500
2262506000
2269032700
1974236600
2487396400
2349562700
2370394800
2195201400
2132230100
1987409200
1940919900
2625995300
2663221200
2476621600
2539827700
2456373300
