7304500
13097000
2026200
1901900
10252200
19501100
23876600
576900
1447800
6340100
250209000
31024600
7721500
8571000
10352100
312334300
360821500
544200200
407453500
242156500
99104900
9086800
12686500
464420700
353496400
367679300
321048500
163726800
551623100
402536900
339774500
551619900
424745800
334852700
448319500
338362000
326993700
140804000
121282500
611148500
559870700
565260900
443727100
338207000
200932900
146037300
594167000
376603200
187691500
159676000
573838600
446174400
346466600
224285300
560460300
476215800
341695100
222162700
623078000
592753000
621226000
616218700
392235300
212105000
612673200
394428200
157737800
619377700
412504600
558764800
628080000
517572800
377781000
559211300
325799600
571511200
561903400
306042100
299766500
575623600
304188700
142828000
573816900
568048900
347470400
272230800
163499100
587822400
588012700
353673400
590089500
319323000
154244700
111687300
82511100
574776100
287854000
158916800
147062600
104198100
598722900
565490400
392795300
601824000
578901900
613415500
582233800
597204600
343702200
597275900
380913500
300081800
188380500
162007900
625719300
577718300
398133300
284689700
228245600
613667200
627894400
589716000
402568600
620243600
597823900
404500400
320352100
597667600
404808200
400359900
316031000
627858700
587520900
389670500
305997900
222979700
645100400
590686100
422708100
645237500
592013200
630391300
623576900
386080800
348175400
