316068700
106968500
444628800
300077900
686905600
915931800
962547600
320584100
762809000
191819400
453493500
811403700
1458765500
1637479900
1233566000
1301459200
1671885100
2353783600
1273512600
1240059900
1254041900
1675321600
1866478900
2191195400
2460833400
1526975700
1582570500
1609851600
1848474600
2053269500
2645322700
2707336300
2822262200
2757967900
3159496400
2465965000
2595467700
2744540600
2859224100
2851214900
2779120500
3042765400
3498960500
3476208500
3637668200
3718673000
3763592500
3872284000
3839419800
3672709300
3368867100
3380611400
3624482700
3650929600
3980065300
5001608000
5345754200
4428002600
4426834900
4537747800
4538117500
4973132600
4559689900
4632708100
4640827100
4738895900
4924891000
3475875600
3617792000
3915629200
4072803400
5144088500
6276458800
5173924800
5273088500
5663184700
5807326700
6158817800
6218441500
6049803200
6198878100
6361633500
6803669200
5757487700
6050924900
6397445300
6270253100
6892727600
6922435500
7230241000
7143410500
7442456500
7106250100
7037316800
7333715700
7416932200
7654641600
7089449600
7339883700
7577653500
7516996300
7169324200
7350450200
7271638000
7650814200
7540214100
7856841400
7845186600
7822041400
8225068500
8301012200
8249773300
8796642300
9041169800
8656571200
8842126600
8773996300
9081106100
9147944600
8855016100
9060466500
9076368000
9038633300
9375697500
9452858300
9722852600
9338393300
9593301500
9700247200
10002791800
10293871800
10302238000
9980669000
10028780200
9878956200
10029523300
9611649500
9864706500
10045386500
10148700500
10275258100
10546694000
10460246200
10548182300
10561321100
10687339800
