405446200
163897600
102401000
847026200
1188153500
1715804500
2157302100
2643938600
3448406900
3671781800
2037432000
2704637700
3700986400
3975076700
3860830600
3430871800
4214550000
1225210500
1887352500
2138057600
4846317100
5912434500
7540132400
5080518500
8099626200
7815569800
7811981700
7162603900
6701752200
8034912400
8221311100
2192060100
2766907000
5827460800
8673817700
7829291600
9173508000
9191970900
9197551900
10307343100
9935210000
10528139800
6795107700
9379828000
9801706400
10475323600
11177647900
11280494700
11613833700
11639324900
11793849600
11857151800
11501751200
14465261500
11353173200
12847619200
12590623400
12902346500
13717737100
13222657500
13672021700
14807306200
15128073400
10316138500
13055015700
15805582000
16286648900
16801775800
17162493600
17130851000
17209997100
17875084700
17814829000
17855130900
16275232900
16293889200
17559453200
17899410300
19565772800
19920545300
20233190600
20178673100
20390007400
18042962200
21072780800
21432578400
21271250300
22728628500
19875907700
19891369200
22209007400
22268732000
22464926800
18868440200
20141958000
20342285600
21747937100
22831636600
23823519900
24524330100
19923964600
22662803400
23053734300
24199067000
24314675500
25041590500
24879551900
24739920000
25257767200
26218309100
27767523700
28205547600
28612235900
28446281900
25837971500
25628802800
28628380200
28483633700
28762081900
29491041300
29574251000
29865993100
29907294100
28716416100
30471558400
26024664900
28094719800
30295679300
30464740000
28854951200
29576622600
31559743800
31928142100
