344224000
354802300
318423100
479852200
390141800
369906800
443408300
1584787000
1052004900
545895500
602324700
690827500
458722100
633179500
602062800
540950300
230453300
781905600
996083200
1728791500
1758767100
1761949700
2702904700
2230173400
1945001600
2147389400
2503665100
2332969400
2671987500
3475292000
3538305500
2212049900
1778630300
1490605000
2252437800
2012960300
2120642900
2041742400
2046610400
2475374800
3970184500
4081317400
3232338300
3484772100
3589062800
3897755500
4120206900
3762080300
3410499900
3319951300
4033952800
3962202600
3919957100
4149256300
4054823700
4377567100
4723518800
4325584800
3979101600
4427809600
4388820200
4270397800
4374090300
4094012600
5628339100
4737375400
5055171700
4662286300
4783044900
4534908700
5742817700
5717450900
5652365400
5821545100
5325279200
5708906900
6279180900
6385350100
5798909300
5772364700
5781254400
5808406100
5336223200
5550553400
5187008000
5673887800
5572297200
6325167800
6522749900
6612481700
6461495300
6826103000
6541370400
6525491000
6454795400
6757316700
7186289900
7055959800
6903653800
6176490300
6221482400
6266888500
6406704300
6526569700
7368994300
7335589000
6596434900
6562417500
6913283400
7068312300
8388764100
8036532900
8141473000
7808305600
8301698300
7681901200
7746208000
7930613100
7973610700
9300513000
7874861900
7874666500
8085550900
8000050600
8198088700
7898830800
7773704300
7961953900
8060924800
8092528200
9592460000
9853506300
9746884300
9552537200
10223789800
9267788500
8967626800
8881467500
9014045700
9678311000
9910435300
9979816300
10230450000
10706856900
11209451500
10182444700
10403392200
9996406200
10413194000
10320383100
11014192300
11226410600
11111339900
10613901200
11102140100
10844934200
10995836600
10735878600
11135137800
10925341900
10946073200
10958118000
