9284000
9141100
4519900
5073400
1116000
8428200
7197800
391079400
399679500
336232000
425018300
9310000
14168100
8893800
10538900
7928600
415426700
317548400
317433300
2964600
2380700
10474200
8858400
2760800
505915100
457966600
225271500
495712200
364009500
313542600
130671100
117905200
524754700
494104900
399587600
302883300
130161000
527288900
499383700
396425900
314684100
159428500
528430300
499982400
552396200
519402800
360883600
341656700
149529300
521598000
382556200
335762800
176484300
470738500
302996600
494526400
271953900
507490700
500448500
246855300
499279300
250687500
92622700
32068600
513384000
499918000
301068500
507929200
282564000
482685800
301380600
208504400
129384000
88540500
519317600
296136300
503303700
309552800
531652900
526796900
506101100
319530700
504761200
287691700
257347900
123062100
73820800
535806900
503441900
527869900
298215100
529364300
538739000
542575000
526565300
544724000
493525100
534328300
324412900
532069900
548749700
552716600
504076400
363533000
610112400
572277600
483692500
341075600
238919500
549668700
502664000
335007500
283554200
156460500
565262600
502406800
354275000
278613300
575655500
505700200
387526600
246001500
577577800
501440600
384645900
572810500
531547600
590845200
494768000
554131200
340637400
301150500
172595700
542705300
364685200
271611300
170283200
135475400
