1014662700
1190946500
696430700
778826400
2231994400
1598164100
1873855200
2124510200
1225710400
1558396500
1363048600
2116288600
2892099100
2845887300
2756311400
2045076900
1897433600
1839317500
2095557700
5105539700
5497861800
5503975300
5556417000
4863389400
4547931600
5485159600
5718733700
6167756500
6792619900
7156022000
5431510700
5270793800
5324735700
6999613600
7601207800
7610316500
7781090100
7957853600
8806537400
8784472000
9409171800
7161907300
7388009300
10411679100
10446153700
9569402000
9793002300
10236625300
12742255900
9764062800
12399483200
12788389100
13034711000
7093945100
8853755800
10193692300
11706015500
14512020100
11278169600
12314026100
14292192400
14444945000
14606361400
10902194800
10786491800
13694046400
15658834000
16631128700
17047416300
14449256400
14038621600
16920691700
17587069900
18338910200
18198941200
19071708700
18602643500
18845736200
19072228500
17056614400
18930075100
14009758200
16248644000
19405394900
19690986900
20982888100
21282201600
21806840500
21816163600
22775212700
23075330200
20419688000
20605255700
20316795300
20594237700
23416615800
21346110300
21590704600
22626687400
25186820300
25754002100
25780297900
21250454400
21499645700
23293797600
24943208500
25440004000
26641647900
24297198600
25466454700
26594256700
27752130900
27478897100
28090156200
28058311200
27958019700
28136635100
29265514500
30280882300
30881301200
30749103500
30538059800
25788545500
27924547300
28448123000
28521917800
30426082200
31620059700
31069898100
29545702200
29486069600
29547874800
29745517000
30990920700
29400170100
29587661800
32183746600
