11095900
2033100
185962800
277501000
235054500
268288700
64862100
181957600
170560100
333461600
178579600
561837500
391519300
468629900
390081900
380053400
201949800
13217400
15955400
6638800
15959900
34669100
661797300
612347800
503593100
681046500
702577600
620770300
706649400
714334800
605666600
722044800
591893600
644943100
535314800
780761900
568012800
492880600
377919600
289339400
730197300
549809000
283904800
128646700
117880600
714151800
713016500
554825500
778143800
525183500
372920100
743637000
563969200
287342600
410383400
395576800
959191900
871952300
709828200
593821000
735453100
591739600
514537900
307096200
503094200
682411900
889389400
812371700
604435100
1098827100
1112399000
1024215300
950237400
1100348200
1051073200
993925400
854475800
976702200
992890200
1186398300
1038649000
828980500
756660300
633575900
1042350400
849296600
751406900
1045666400
815280800
768067500
643474600
1050621600
1075217200
820127700
644732600
551976700
512684900
1072255700
873987800
780400500
661625400
1169885500
1020333200
960793100
728115200
1082951900
883107600
1085294300
893981100
783308600
700124100
1120061900
881137400
1121340000
871644100
783309400
714846400
1085086800
963348300
922528800
816927800
768868400
1219913600
1031929800
1076064900
914267300
753630100
890398700
1279638900
1293741400
1054245900
882568400
775891100
1316468100
1107130900
1322951200
1324040500
1098535600
1334092700
1058533000
1330413600
1087880500
1061028500
1244407000
1227355500
1141531700
1367544900
1367404200
