4030200
3181600
1552800
76343500
2674500
269757100
4121400
24684700
3152200
10363400
9388200
6856500
835500
54759200
93352800
66484000
219119500
10191400
656179400
727817200
787200700
797227200
618244800
251527000
595898700
488436000
639635700
335788000
808351200
686661600
677324900
477881900
845299800
953491200
848190900
707574700
443463600
983353400
822820600
1040644400
674017900
532376300
1007193600
950059500
858168700
900045900
804688800
1213947100
1321385900
1128441300
978295100
1194054200
1043054700
1000378800
947163900
1052266200
978780900
1334761300
1141293600
1291651800
1467985900
1489564400
1350493600
1355490200
1200522900
979437100
947004200
1425642400
1189891900
1099067000
1132016300
1073949900
1672885400
1406610200
1355674800
1731251500
1436842500
1379560300
1214410700
1645424200
1806017600
1700790800
1775171400
1510792200
1410840300
1371068800
1378021500
1758508200
1653384200
1531669400
1910112400
2042564100
1863584200
1489288200
1337460300
1983613500
1865417000
1988718600
1939739700
1603464800
1760172800
1573755500
2096117500
1970017500
2153150600
1994340600
2285375500
2031530300
2303826000
2425449200
2335365500
2300038400
2011281300
1944193300
1792695400
2318643400
2323382000
2347031700
2013327100
1842810100
2341561200
2137885200
1498530500
1463004900
2461427000
2315420400
2006504500
2046756400
1875278000
1968253800
2455513200
2556172200
2239436300
2502163500
2435832700
2312677900
2123471600
2064181700
2009486800
1893124600
1996570300
2731349700
2647069900
2464095000
2602781000
2555446600
2425244500
2395747500
2598727400
2560307000
2460285800
2428409300
2361923900
3004845600
2961573100
2945177500
2942870300
