375149200
479931800
1103357500
1532550500
1596166100
484438800
835228900
1325561800
3604127000
3881962000
3291911900
3441194000
3755148500
3969275400
377147600
2559671000
3831720100
4138540200
4399218600
322324500
747860600
1806914100
4692236600
3994637000
4068760300
5306984400
5389471500
5926538800
6241661700
6369501800
6455177200
6418345400
10393125900
8495946000
8826474700
9769556200
10337020000
10946056600
5317720100
6727561700
9461089800
11189114900
12257397500
4816166900
7889176200
10390201900
12809229900
7824872300
12244463100
12479867800
12970725500
13282989700
12635108600
14111613300
14095119700
14318466700
12837483100
12615186400
12697359200
14750649500
14778386100
15262786900
15224887600
15365931500
15141913200
15265428400
15569464400
16438827600
16558265300
18077160800
17958538800
17681005300
17797189500
17862113100
18821688800
13815619400
15761162600
18511517900
14489492700
16327680200
16735895500
18282545600
18647656000
19595027500
20213154000
19622463400
19426629700
20974692600
21034088500
21596460700
20945950700
21071629400
21420074300
21785053800
19208912000
20447935500
21446143600
21672536800
21763752400
17349370300
18836805400
18797773700
19888293400
21934496900
22697690400
22567678100
22711373700
22716967000
25389468100
25150630700
20097267100
20048600400
20252173900
24823169200
26425321600
23829837800
28086322100
23855905200
24531944100
24704512300
27700969500
28186744000
25864113400
27009584600
27207780000
27811190000
28340762300
28166626300
27948944300
28043978000
28430019300
24618226400
24574446400
29247561500
29533629000
30103752200
30187801400
30195546600
30344435000
30675887600
29263613300
29219548000
29435942400
30488507500
30992113800
31388416200
31622340600
31933903200
32723738200
31804080800
32261075300
32794535400
32831363100
33116246700
29014591400
33196627800
33471879800
34015671300
34265371100
32117190000
34280148900
34434977900
34447842000
29600581400
32460568500
34788789100
34815321400
