8341700
108578100
129474900
1076600
6204400
60521700
26275800
1971800
301103500
333214600
381643200
799098800
613427200
561156400
829161100
794261300
10349200
51988000
9253200
19221200
224197200
859952400
638781200
590899300
509343500
327092300
843754900
761879200
594055000
897256200
794955500
647221000
454098500
986347100
871050100
867532900
883771100
897670000
715357400
531877700
478575300
933463700
907588600
860743900
497312700
348405800
1033321800
762989700
1043389600
1130406000
1250503400
1058542800
1190627300
876946600
1230265600
1017794700
1276049500
1063499600
1136062900
893113800
1369478200
1000708700
766567500
653270700
704760100
1418829200
1140343100
991538400
1392192500
1552052200
1495200200
1188181300
915115100
1096958200
962978400
871903700
1533461300
1474917300
1318795500
1101540600
1602452700
1620185900
1570106600
1360718500
1617088400
1613043300
1250328500
1681346300
1629876400
1372117300
1307324800
1726346900
1666693900
1453104900
1252784700
1148274000
1612407500
1562874400
1572352000
1624618600
1698103100
1764927500
1882127300
1595417300
1541975000
1931011600
1905754900
1594125800
1544255600
1389056600
1762731000
1487016000
1504990900
1353610100
1311921400
2038207600
1903939900
2019564400
2063380200
1858595700
2022789200
1942824900
1896971200
1696610900
1715874100
1329947200
1460965800
1392942300
1309673300
2104761800
2084717000
1954665600
1904955000
2168655800
2048406100
2127266400
2046171100
2079646900
1797638500
1735179600
