476160200
577493400
548332600
1630896000
517112700
369038500
375272500
338187200
435238200
2338727700
1842628600
1643107200
378504700
3154616600
3171818100
2585313600
2767178700
534557100
258248800
150497300
228210200
2840284100
2159454600
2295962500
1499753400
2720651800
2943136000
2937757200
2726797000
3551499900
5759227200
4964938400
5053026700
3557451600
3240923400
3528430600
6756400700
6748724700
6405323400
4803348500
4531883100
2556493800
1911512800
157756300
256282100
8726336700
1864886200
1561084500
149605900
381669300
415511300
308986700
591230600
4012267600
2106655100
4029950700
7522579000
7693264100
6837908000
6991011000
9179670900
8136328200
8364126700
8461348500
8985994600
7796451700
9308265500
9198101200
8604020600
8325331700
10137003900
9724138800
9733592900
9773425700
9783221000
9739378300
9851563600
9506657500
8910823200
8818845900
8859635300
8103916600
9666475600
9403335500
8479689400
8669616600
9051647500
9511700100
10039344200
8663852300
7782484700
7890780200
11265309500
11605402600
10705714900
8004949700
8470802400
8480828500
11955622700
11868614800
12584853600
12586385500
11715799900
12530163900
12648206400
12728641700
12021181400
11693294900
10393491200
10418743100
12858825100
14050959200
13912040200
11026929100
9638661500
3052509500
2105971400
4317980200
13554997100
11033253900
11241208000
11365904000
11132896700
14244408700
14210137200
12185213500
9818061400
9500335300
12989514900
11829161000
13595984500
14980945500
12901898300
11586025700
12126413700
11922958500
13943308000
12960938800
12937309200
12039464700
12007231800
16356282300
14283371200
14621668500
14092903300
14338356400
11776925000
16725371800
16820101600
16076264600
15168038400
16530120500
17772995100
16632379100
14688835400
13100409700
12711761400
17454927600
17593176300
18025547000
18351246100
