112850000
277941700
420157900
187080700
274153500
302042000
111159400
622594700
863471100
1414869100
1015195900
878852700
459679900
1516520700
1000014300
669737200
258804300
119996400
187725400
202643400
486064500
159722200
300892500
336065300
147304500
186779000
166254000
306079000
4209356900
4357629100
3751987100
3235212600
4610561100
4891816900
4562796900
3376411600
1370292900
3366507300
2053653900
301230600
304866000
258943600
4205146300
2445891400
5662562700
4810643200
1494321800
4545950700
3736625400
3219350800
579665700
5790755300
5179453100
5524572000
5305701600
6924931200
5496274700
5607660300
4237388500
4333439600
8070043800
5448859100
1022842600
5827028200
8523497500
8621168400
8284869600
5181590400
2870063300
4360881600
5737187300
5678904700
685963700
839625700
6882454600
4342230800
3369761700
3219619200
8653844600
8661645800
6154991200
6807573000
5924989500
9059560300
8758458600
8477429700
8485204100
8984472800
7523434400
5115017600
4874551900
4949602100
8932613000
7655709800
6372590000
10853025400
10663579900
9940472700
9731924000
7871987600
7389759200
7463550100
10556011700
7082643100
6518247300
5716878400
5243144700
12237516400
11982178300
11166791700
11105792900
9809296300
12758779800
12948823500
13462736000
12020663600
13469624400
13312155600
10774092600
6857544800
7016923000
646595300
285088900
10780863100
10376976900
9541239500
14413328800
14512923500
11101333000
11193479100
14204031900
13940402200
12765519900
12930112000
17403382000
17424824400
17340509200
11090850800
11275349600
10879502500
17298414400
