437243400
664048800
1217772800
1665584100
1723072000
936251900
1906002200
2281418400
2503554900
2847952900
2987055400
3320675200
3823526100
8316649400
8352204900
8523909600
8675851300
9380150100
10285811800
10662513300
11185680600
11598072700
12165992700
12497542300
12945553900
13455411100
7747854400
8351378400
8482974400
9084715900
9787690100
10162655200
10416804100
10134661000
10512372400
10961611700
11063830300
11354459400
11823031800
12338909500
12955330600
13295707100
13580875800
1946126700
2310259000
2781721500
3676061100
4096560400
4601858500
4939449300
5049019400
5525419600
6232299900
6893547200
7379363300
7714214600
8512775900
8872756600
9069612400
9714110600
10402097700
10807213800
11130271700
11664481300
12085869400
12681276400
13118513700
13987064900
14746973100
15891578200
16781564100
17254187100
17660778700
18661203200
19307234500
19881700400
20443366400
20665655700
21529038100
22490830900
23584553700
23696034800
23831930400
23926653900
24091793800
25576889800
26802207100
26822024000
27236467700
27847587300
27625488800
27786293500
28414224700
28954733200
29362849400
30075339000
17658988500
18201116100
18671616300
19546215600
19918945500
20494595800
20764328700
21103058600
21980297200
22234407200
22693678100
32684176100
33616225800
1588543300
2096723000
2647569600
3275393600
3569567900
4313739700
5647285800
6117328000
6367935100
6734583300
7587457400
8223368500
8711864500
9254454300
9675869400
9853013600
10411510900
10599168100
11590707100
12581447100
12343467100
13039922800
13832066100
14446381400
15009274200
15696794800
16163414300
16754990900
17583685100
17521478500
17516177800
17767794400
18387116600
18616149300
19007388000
19291611000
19567254300
19903402300
20611476700
30866689700
33966341000
34102965300
34312179600
35345899500
36604917700
37180317100
37899484000
39559496900
40455157200
42744337200
45493512800
46758813500
48703136700
1872758900
2623429200
3513493600
4089160900
6244156900
6741901900
7419320100
7901665000
18227966400
18529190300
19598278900
20129914500
20446137200
20878622900
21809223900
22004171100
22286338300
22665628400
25076515400
25518603600
25446953600
25898694400
27655899100
28162463500
28613085000
32437454300
32459706700
32747111700
33120500100
33245085100
33236302600
33528435200
33831991100
34231112300
34703673100
35259878700
35624419100
36269407300
36845161300
37804028000
38239643200
38476733500
38758601700
39051304600
40024309500
40766368700
41162863500
41351522200
41921445600
42359329500
43039680600
43881553700
44422359300
44660265800
45644421600
49090082800
49441482600
50264818700
51224623300
51775599900
51946400100
52193071600
52778647900
53011037800
53770810200
54041395100
54562374800
2328275100
2845814800
3032364000
3320086800
3391730400
4412314800
5058697300
6028389400
6658227500
7025469900
10167308000
10932703800
11761726200
12281187600
12522359600
12917784300
16169968900
16810047300
17339569500
17992780200
18428368900
19095547200
19691315400
19889224600
19982657400
20567023300
30522142600
30654947000
30853699800
31328979800
31869469100
31963000600
32420535700
32748326500
32843266000
33605815800
34774364700
35181327200
35473113800
35521871800
35897603400
36613571400
36925018700
37213246400
37562684100
37760099600
38258723500
38738224500
38813130200
39338123400
39685475000
39779900000
40318870900
40881135600
41569854600
41738173200
41760871100
42080701500
42585267600
43373848500
43200202400
43553610300
43777896600
43958644000
45049403500
45057594800
45995057000
46753630100
47154330600
47543653200
47678123200
48199612400
48653188600
49180348300
49688829800
50303500700
50500253100
51576677900
52084707100
52358526200
53112042900
53409167300
53976209700
54303434800
54699437500
54985815700
735035100
1128245300
1780336100
1860724700
2556430800
3111400500
3303947200
3327586100
4371287500
4668760000
4626687200
4543368600
4643766700
4857569400
5043786400
5583392700
6272998700
6597985300
7086048100
7750043400
7929087000
8620219100
9088136100
9484327500
10093156000
10721303200
10859906100
10885471100
11453786000
11693232900
12071363100
12775464300
13127414200
13181889300
13360258300
13185905100
16756013800
18519464700
19115837600
19404558500
19763274400
20154857200
20854030800
21324568800
21992886700
21992453500
22418474600
22620758600
22739555800
22927979200
23867114200
23947489900
24091542600
24513067500
24977795200
25156477200
26063532600
26485338000
26874576100
27230935500
27699158300
28474138500
28937427500
30551000500
31111573600
32103309700
32456643600
34355835000
35353827300
35473260200
35812437500
36412548400
36784053800
38134220700
38485746700
40962347700
41457118100
41924432400
42715214400
44151456900
44990569500
45488536800
46068233000
46426532500
47133573400
47662585300
48796575500
49421569800
49600427700
50218995400
51089008400
51745588900
52353564100
53062539100
53796955500
60062769800
509884700
893495000
1744812200
2343667200
2814258900
3221760000
4699069600
5018347200
5665848300
6041953600
5572090400
5972508200
5874565800
6223534200
6334129000
6608233300
7356205900
6662004200
6658341600
6360748500
7043154700
8075793600
10260391200
10935053700
10653802900
10556410000
11488094900
11689691400
12076547400
12719984700
12895137000
12878950600
13067361100
22616457100
23083939600
23300164500
23936382700
24193200600
28509821000
28754201700
35640206200
47207010800
47715618400
48413720300
49120068200
49742462900
50084350400
51051784100
52246198100
53182199500
53556858900
53416491200
54506065000
54715108100
55527513800
60790256700
61091016700
61827944400
62670042600
63921342900
64344540500
22965955800
23511277500
23627777000
24613596200
25161654600
25773777800
25919393900
26121149800
26515556000
26605688700
27490393600
27598062200
27812814600
28080757600
29083694600
29167370800
31080035700
31523203700
31586872200
31973318000
32421686100
33746678400
36443730300
36573345500
37244455300
37924122800
44064785700
44698545900
44998968900
45497925600
49580056100
50151478800
50404690800
51397583200
51951536000
52732469600
53391361800
53867261600
54797015600
55011205200
55111169800
55219268400
55640339600
56102207800
56350388900
56682330100
57284615800
58032912400
58056986700
58720602800
58713065300
59282228600
60300779600
63455190900
65231039500
66094756500
66692814500
67243956500
67595847800
68302433300
68794630800
72969672900
73362045700
73586146000
74324799500
74636069300
75103199200
75215204000
84063051500
84923231900
85847341900
86410068300
86585675000
87250372600
87601871200
88069698100
87987174900
88431957300
88709956100
35786273800
36709218200
36774785700
42518729900
42962888400
48273256400
49018897300
49302083800
49262568400
50022392900
50609114300
50949885400
51324020400
51711815400
52882533000
53048719000
53264580200
54143979800
54491129400
54707198000
55977268700
56504342400
56431614300
56393545300
56919615500
57098101900
57787689700
59930865600
60667040300
61320691100
61608237200
61536247500
62331216500
62635731200
63484192600
63776657100
63822133200
64033779500
64150570400
64601371200
65139327700
65469912100
65777554700
66247816000
66381315300
66947273200
67369233600
67868508900
68587670900
69330406900
70427584400
70647099100
70911437500
71209424000
72048768700
73035556800
73949289700
74530902900
75522920000
76144024900
76794925200
77016929100
77493073200
78544999400
79346568200
79878387500
81072131700
81260098000
81608751600
82242375500
82576417600
83112773600
83655635300
84782991500
85796711300
86432001800
86961907900
87118986700
87789450800
88326253400
88542222100
89139777900
90084501400
91101260400
91988321400
92596240600
93451173200
93523394800
94286506300
94488081700
1304172400
6192085400
7150886800
7287350000
8017923500
8094052500
12243688500
12514170800
13594327700
13850119500
14072382200
14545103100
15168380100
15466865400
15336508500
15362114600
16013344400
16664640800
17027091900
18061863300
18065301300
18259319400
18612737200
21691059600
26718232300
26742187800
27366242500
27831989400
27960431100
33274126600
34046655200
34708643600
35592205500
35810050000
36412888900
37091346800
41092493500
41223260400
41867603200
43712813400
44214850500
44471217900
44794945800
45936637900
46537168800
47021848500
47872979800
48655603700
49127600300
49554998000
50096248600
50407718000
51043938300
52133166000
52786830900
53216648600
54669082800
55055330700
55759305000
56666395500
56853416000
57366974400
58709187900
59152319000
59315236300
60258308000
60294219200
61598965800
66525444500
67552219700
68108050200
68733009800
69451017400
69939158000
70126803600
70659361500
70894753200
71531783700
72293270600
72768945000
79402282300
80243181100
80531735800
81454277300
81956434500
90474630700
91270293100
92427376200
93012296700
93810648800
94839950000
95466822400
95845190100
109930025400
56031781000
56417226500
57079898900
57741425300
59852517700
60683953000
60683844800
62035080800
63710512600
64347347500
64627927900
65141103400
66030450500
66099204000
66260022000
66528652600
68506696500
68455133000
69480694300
70604234800
71426298100
71601335300
72256270100
72621695600
74142574200
74582528800
75071805100
75545116600
75831529800
77099533500
77579479800
78467406500
78903807300
79290031000
79804003200
80354641000
82533540000
83058429900
89961194600
90284430300
90767123700
91994619400
92813660200
93655441600
94111957700
98208765300
98753733500
99129819400
99668551900
100424867600
101659085800
102712949400
36220254000
36562145500
39430265500
39632949500
39936582100
40741018600
40807589100
41905315900
42111955000
42084059600
42678295600
42732259300
43506273700
43719936200
44091525300
44062630000
47024868000
47776608200
48144542000
48524564400
49229008300
49657723100
49931052600
50531647000
51120391000
52085296200
52260729800
52803145800
53262757100
53640845400
53967372000
54824990400
54840083500
59959347500
65581492900
66231205500
67071751500
67853561400
68746181900
68997299900
69207117000
69428055300
70101647600
70607945500
70902952800
71366066800
72480112400
72925805500
73372133300
74367838900
77092568800
77630874400
78415030500
80164129100
80668804100
81141321100
81680755000
81753940300
82598352400
82811886600
83322669600
83504857500
83944578600
90326983900
90707167400
91526522400
92697689900
93194550900
93851815800
94352991800
94733928200
99959838500
101108639900
101361122100
102218407500
102859652300
103384123900
103555118100
104136785100
104757218900
105259871300
105704346500
115332629800
115862294400
116346795700
116773679600
55295637600
56166695400
56426609900
57490612200
58077776900
58233534200
58654096300
58719578700
59164834800
59368127300
59556891100
59718166900
59951238400
60043817000
60377862700
61411184600
65324989400
65811887300
66423288300
66735935100
67106647100
67438947000
77741973400
78402885800
78544886400
78916796400
79175127600
80395130500
80442722500
80726947300
84366391400
84441178700
84942607900
87544278000
88417257200
88585555700
88703458900
88999424600
89257146100
90007805700
90798409400
90966136900
91110027800
91602627100
92630853900
93090705200
93673377800
95630628300
95883457200
96342508100
96739419100
97204106400
97508514400
97668589100
98807564800
99163701900
99503700100
99769286000
99842476500
100208162600
100561968200
100793952400
101074405400
101441236000
101846345800
101947688300
102613254900
102890325300
103391848000
103850693100
104244204800
104987184400
105302812400
105500836900
105791527500
106351169200
106668033200
107588629100
108069312300
108191509700
108470896600
108991751500
110437397800
110973366800
111995050900
112746128800
112948257200
113542380400
113282706600
114068221300
114524650800
114608911600
115181427100
115796118900
116107529600
116246379100
117015704100
117214091300
118141544300
118724657100
111208692500
111670020800
112302902700
112605604000
112908613500
113316200900
113870864500
114595236800
114962856000
116344332300
116656510300
117108373800
117407009300
118517038900
118502689800
119162080100
119643709800
121337865200
121721994500
122484396200
123041490500
123575619500
128297817700
128802370700
129013687200
129254681600
129603424400
129737289700
130437071600
130914018300
131828459100
132012487900
132604364000
133070199600
107177064600
108379928500
109331276200
114360957000
114584314100
115015145700
120365834800
121152441700
121373336900
121855649200
121958570800
123393725500
123664575400
123691487900
123865806600
124561342800
124829276300
125942059500
126070412000
126366746400
126802185600
127391740100
127732409400
128469701000
129081199600
130005246800
134666601100
135601156700
136948009300
862791000
26796533500
27227748700
27026361400
30625611700
30936636200
31167811600
31959810300
32243289100
32513926600
33272574600
33681874300
34312255400
34620302300
34763307300
34969277600
35800365600
35951757100
41628798500
49775407100
50665765000
51140630100
51597697600
51903312100
52395198100
53092971600
53662148700
54510611000
55071975500
55220758800
55608819900
55774885600
56372151700
56438726600
65999550000
66487602400
67122703900
67928246000
68590726900
69474513300
69929215900
70172395400
70849757100
71600377900
72463791000
73703389500
74325016300
74795976100
75260740800
75624270700
76099419400
76598586800
78950678600
79857637400
79669223100
80298032600
80850426600
81199742100
81570794900
82186388200
87688922300
88257612200
88869813400
91054765000
91476013700
91578270300
92269905700
93438949500
94048527200
94625549400
95119960800
95700061900
96136840400
97039916400
97473776700
98320850100
104494903200
104802966300
105151492800
105715768400
105944371600
106357960000
106294249200
106781853700
114559135400
115003345900
118230890300
118965285400
119654297500
119962342700
120311454600
128323363800
128611629800
129544819500
130251592700
130542119400
131544669600
132308554200
132861094400
133843241000
134201184600
134951925300
135195593000
135754668800
136469047100
138078750700
139090557700
139326531600
139490046200
142038797000
142472440000
143606162800
143913526100
144196770200
144921527000
145391089300
145712892200
146462752300
147133891200
147558453800
147993267800
142258187300
148641703400
149164918500
149369227700
150211404300
150416289000
150528841600
150823055800
151341950400
151929462600
152814061300
152992002000
152945786500
152922227200
129094320700
129514658400
131143515300
131601081400
132281442600
132943658000
133465144800
136372389400
136858112100
137522121800
138146621000
138240382600
145872231900
146343114100
146692182300
146707737700
147218730500
147633041000
148031631800
148125501500
148532960300
149570767600
149658615500
149905239000
150091165500
150806781700
151435854600
151663155300
156783706000
157193529900
157773748900
158447229000
158491701600
73812661700
74407338600
74360787400
75294641100
75590676300
76884969600
77463464800
77594981900
77786171400
78188343800
78515056000
79216912000
79524841000
80429812500
81573276000
82366592600
82518337000
82154271500
82481653500
83124176700
83950454800
84175997700
84353389200
84499803600
85713003700
86485136900
86957884500
88804771100
89191654000
89338079500
90140800600
91330997600
91881214900
92489556500
93291027300
94482095300
101214713400
101949987900
102028727800
112866404100
113819798000
114104965400
122321198000
122479764600
122907924500
123224896300
123706934300
129419266200
130500903700
130663047700
130970253900
131310396800
131549988700
132152544400
132519876600
132798744700
133261523300
133777345700
134178210000
134881623300
135381516300
135635143900
136163064000
136328045600
136790296400
137265018400
137727951200
137913619300
138763926000
139251607100
139924209300
140736950400
140918716500
141245041100
141216885700
141374746400
141850724400
143937728100
143942458000
144378466900
145474731700
146264471300
146750803000
147935261000
148700428900
148936338600
66615389600
66775911100
68644942500
69133378800
69597439000
70381031500
70643872400
71202962800
71750039100
72017050800
72377682100
73271894600
73892696100
73906375500
73890465800
74486151200
74783817100
74931871300
75504067800
76202429800
76739850100
77150699500
77527628800
77715007500
77833446900
78367541700
77937592000
78368469800
79116224500
80665713500
81488812000
81789946900
82584688100
83953164600
84334125700
84780440700
84730172000
87786192200
89033897000
89654256100
90015278900
90693374800
91153403100
91239515600
91890612900
92640398800
93160680400
93571893400
94323100800
94598141100
95049344100
95496756800
96585711300
97149594400
107623096400
108636276300
109477563900
109766695600
110665555200
111610968800
114289813000
114838538600
115395453300
116151885200
116318594000
116807970800
117331062100
117850213800
118790645900
119221958100
119645843700
120752654300
121724066000
122763994600
122993788200
123905452400
123886715900
128041731500
128867746100
129098501800
130050486400
131049888200
131368506000
131811556600
132489168200
133151266100
134082812400
134427026100
143087143800
143666181600
143770198200
144366544800
144669595800
145349605700
145944175800
146581853600
147288906400
137869141800
138047896000
138637663700
139634595700
139758510600
140425831700
140965855900
141463736500
141796085000
141984538100
142365299400
142479171200
142838366300
143087482500
144450287500
144374162500
145741954000
145766584500
148675343900
149354004500
149603605900
149569883100
150007638000
150234859900
151772981500
152270663000
152801929600
159137166300
159876736400
160263441800
160574316100
160882410800
161265072800
162198523200
162752777700
163062513100
163616576300
75990958700
77001114100
80966382200
81498475400
81753659800
82475519700
82555931000
83183053900
83772088700
84045575700
84480250900
85177735200
85301697700
86127151400
86603415300
87099328400
87907819900
92488112900
93222418600
93641911100
95487641900
95968420600
96499060600
96849487200
97162038400
97590808600
98871394500
99461549500
99943107200
99996772900
100362498600
100486057200
100980158000
101172185500
102928916200
103069637200
103656672800
104130327500
104409759800
104627408300
105253008700
106098850500
106612192600
117357480100
117588376900
117960655600
118755595600
119014831400
119745184000
120533361500
121253930200
121582519700
122064499300
122853732300
123188921200
123153920700
124283572100
127143195600
127913058100
128832525900
129074874800
129622416600
129932940300
130312426400
131094429800
131194339600
132262790700
132783660100
133092061000
134077861100
134767028200
134807576900
135141111400
135482461300
136013618200
136711438700
137184574300
138718675300
148446053900
148855165900
149638013600
151574980300
151990432600
152693300000
152752315800
154326783400
155104580600
155496288100
155962025600
156789046400
160280654100
160789974100
161550084600
162518272700
164441679500
164844760900
165348986000
110720960900
111001085000
111307445600
112260352200
112436688400
112935361600
113391633800
113831569400
114307825500
114677134700
114889392500
115120906300
116401258500
116658511600
117728507300
118147652100
118405796500
118602578200
119204267800
120915642400
121494327800
121883290900
121989387300
123406795800
124133087900
123981410800
124243564600
124428681800
124827531300
125227299600
125676765200
126431659500
127192132500
127844893800
128412923900
128928949400
129553963600
129848611500
130440563500
130777562400
131320689500
132751408500
133109977800
133699627900
134274150700
134262713000
135319682700
155810985500
156213460600
157039327500
157550386900
158117657700
158580519000
158871030900
159501312500
159711841200
160597580600
161605897300
162282306000
162670560900
163201708800
163423220800
164181966800
164690509600
166248504300
167954008200
168396761800
169149007900
169461203100
170545637400
171099316100
100404168900
101068486200
102199258800
103885275600
104198456700
104301084000
104988556900
105520594600
105972733100
106774873300
107143119100
107457185100
108773827100
108781160800
109122332400
109251666900
109911046400
110305439700
110878313200
111417483900
111456211300
112203508200
112513193300
118290678200
118307269500
118484589800
119172947800
119595622200
124672476800
134104846000
134978817100
135777325100
136430013700
136952789100
137270265600
137771000900
138576001600
139085839900
139575648000
140072485800
140459379500
140829485800
141306161400
141229620900
141760116600
141993277500
142660980900
143095690400
143982540400
144363463900
144479761600
144691125400
145038191200
158395913700
158983738400
159008285400
159480838800
159739361800
160339018800
160549215800
160951247200
167449322700
168426750700
171319065200
171972062100
172327244900
152017579000
152495416200
153095791900
153417169000
153538864000
154319094800
154527156800
155039861600
155167833700
155493466100
155536250900
156245755100
156563084700
156992051400
157484363000
157628076800
158488380400
158754086100
159055089500
159318571900
160181696000
162653651900
163237765900
163720595700
164199858900
164334957300
164384658300
164879203900
164993251400
165489096000
165418769100
165524779900
165953117300
166971439000
167997994000
168192155400
169164199300
173410043700
173505878100
174358537400
174990734100
174857780200
175293347600
177256082300
178328424900
147077283400
147428232300
147728220100
148521663700
149472846000
149690661400
150358518300
157546486800
157746733300
158139770500
158325420900
158625627100
158946849700
159844497900
160068456000
160336801600
160552202000
160569459500
160752898700
160871645400
160980073900
162592721300
163036182400
163568072800
163938622000
164875163300
180042398800
180415933400
181247595400
181736382000
186662635500
184326910300
184642903700
184716487100
185802699300
186623829200
187326190900
188476417800
189025664400
189952838200
190605007900
191307878600
191734890900
193858105000
194137712800
194162575500
194128387200
194396325000
195187455600
196187218700
155684394200
156018511500
157426097300
157898341000
158324496600
159035695300
159511714500
160300254900
160984014100
161523346100
161982122900
162496569400
163435146800
164089228000
164446738100
164741560200
164825175400
165713931500
165876207400
166327609400
166476327000
167240594900
168149047700
168982277100
169503295400
170819752500
171162270000
171632500200
172237205800
172671012400
173242368100
180205613200
180582525800
182488532500
183048798800
183151802200
183727046400
184701100600
187570687800
188032869200
188762953500
189197176100
192944804500
193700563100
193660590300
194102232000
194772042400
195032416500
195760966500
196390907900
196559151400
179109406200
180573641400
180814366700
181160374600
181555591000
181911401800
182125518900
182219320000
182538132000
182759259600
183181845600
183595527900
183726774700
184232681500
184421937000
184951496900
185648136100
186379932600
186909493200
187197372000
187576165400
188209832600
188530841400
188772841800
189086641400
189701692500
190621286900
191919792100
192791298600
193101078100
193359259700
194036636700
194205823100
194728538300
195395203800
195859888300
197585000800
197983868800
197968153200
198983674000
199485627400
199775767400
200317717700
200881058000
200930574600
200895538600
200971606100
201738148900
202040669500
202182906300
160059218300
160192046600
160954202900
163151815400
163275701300
163748974900
164557836500
165019020000
165277753600
165737703100
165923794500
165760677400
166233365600
166666093700
167181453600
167639177800
168089543900
168137062800
176797383800
177875048800
178530393900
181254567200
182075873900
182106115600
183201850100
183569017700
183708619000
184216483700
184421184100
184625555900
185426310900
186301931900
186517507400
187150459600
187427379100
187463712100
187926458600
188528904500
192389512700
192754552500
193719498700
193981718000
194571210800
195073448600
195923247100
196588793400
203264262200
203813330600
204350568200
204968554000
205619309800
206570393200
207124904300
207825759500
208032544000
181829643300
182087245800
182668767500
184168256600
185031872000
185770274500
186008665800
186120914500
187313837200
187750900600
187879742300
188266836200
188519226100
189080621600
189865741400
189908563100
190890057100
192021965400
192872469700
193276940700
193381763100
193914522300
194133964100
194489533800
199614472100
200343029000
200710920800
201722320700
202274647300
202742153600
203378194200
203899622400
204565978900
205149949400
205338845000
205707154100
205982963100
206325643300
206661950900
207058582600
207412780100
207799631300
208298801000
208393750800
208794620400
187520995100
187999780400
189178719500
189493605100
190157967300
190102460700
190342290300
190542379900
196001305000
196433219700
197404740000
198689802000
198945014400
198929997700
199140736200
199241429800
199826810300
200347061500
200359074200
200495605500
201153702600
201212573700
201818447500
201833122800
202399896200
202472277000
202620958600
202669321900
204313424400
204602020900
205486682100
205672078300
205966174200
206094072200
206002100200
206056679400
206155547200
206756779600
207326615400
207713133500
207982391800
211042481000
211537240000
214319355100
214747952000
215004578300
160276378700
160962273400
161432320700
161633840200
162279439800
162325159700
162947710500
163234790900
164088415200
165031988700
165429745300
165792766900
166179717100
166716060000
166816886600
167094679200
167531189200
167723962900
168253169400
168812981500
169089720700
169450534700
170492945100
170901656600
181052195800
181608125800
182149856100
181847903700
185644691300
186376358700
187479477900
188136380800
188655953200
189136089200
189449730800
189687575600
190188179900
193631838300
194450234400
195956837100
196184069200
196483310100
197471071300
198220665600
198675013600
199112560800
199698248300
199960918900
200475726300
200769348700
201040406600
201171360500
201822482600
202104517600
202451575500
202995628200
203609752800
204620744100
204994241500
205138373500
205278723200
205533893900
206328524200
206718586600
207256179800
207619998100
208000148800
208476974800
208642882500
208709428300
208860039400
209683906200
210268550300
210563167500
211313846600
211371446700
212905965100
213047282700
213438740700
213549852700
214283110400
161680601300
164132602100
165176280500
165726575400
166652084800
166970329900
167385904200
168067211900
168073521100
168686635900
168904856000
168994843900
169685947700
169771073200
169599711600
169714552700
169885595100
170208620100
171422070300
171944815600
172673833000
173203239900
173412546000
173376566900
174333271600
174927738800
175296552200
175839081700
176082167800
177195758300
177579231400
178006434200
178709930300
178905831300
179241432500
180071966700
180810205900
181228798500
181915163800
182851720800
183287359100
183879490500
184354956100
184799218300
185501406700
185925403800
186544941800
187206803400
194580820400
195558353700
196571733400
196596002900
197029167200
197611079600
197655557200
198213391600
198928937400
199126140900
200174704000
200763003900
201751413700
201900274600
202506802600
203318134100
204031075700
204473689300
205274930300
205386602500
208499316700
208664889800
210031048600
210219166800
210568175400
210863139200
211306688900
211539698700
211915848500
212191893400
212553572900
212364367100
213317586800
169327309600
171036544300
171160973500
171820156000
171837052000
172412783700
172326125700
190691495400
190967320400
218450855200
218957476800
219004563500
219394024500
219673129500
219679839000
220044406000
219865102300
220515570500
220808505000
220740166900
220743633500
220772045000
221086923000
221560075300
221480992300
192339615000
192798735100
193522812800
193910188500
194754075200
195367882000
195833635000
196927299800
197373038700
197610880500
198156301800
198864868100
198936364800
199013406200
199340912100
199562654600
199653061700
200195169300
200742135800
202727777200
203996993400
204343346400
212199375300
212475255300
213204113100
213807557200
214145384500
214386102200
214976660100
215330759300
215748448700
215810027900
216150298500
216306295400
216861083100
217201010900
217351959300
218179386600
218292269000
218653089600
219036395900
219268844200
219373559400
219617019200
219267304500
219634937100
219762396100
221062386400
221464872900
221615604900
222226755400
222621028500
222607136200
223015589900
223292303600
210669153400
210979999600
211486809100
212173246600
212106786600
212989258300
213333000600
213749114600
213916831600
214373071000
214554632500
217914210000
217887795200
217831942300
218451313300
218577269600
218631901000
218661300100
218933508900
219062268700
218899978200
218932271600
219037729700
219258428100
219500028700
219540855300
219644329600
219953386400
220344986600
220586236500
221036055900
221283749800
221401071200
221546029500
221760520500
222120710900
222409007100
222409032500
222800151200
222979610500
222986144600
223098889200
223321552800
223616888800
223901907300
223967354600
224095477100
224380461400
224655358100
224838901100
225192841300
225201702200
225287217900
225503400500
227137251300
227485074400
227665385300
228583318500
228875611100
228888325300
229061340800
229317278400
229389207000
229704641100
229745570700
229955695000
230269958000
230590556000
230457295700
230554920400
200701884000
201283859100
201354008500
202170918400
203131719700
203716644400
203872700400
204328573900
204374255600
204738961700
205011594300
205493396000
205968762700
205820404200
206262197500
206771665700
206903823500
207702368000
208470299400
220894446600
220925468000
221459349000
221915141400
222088390600
222325895000
222406826000
222355428300
222614241400
226056841800
226222253100
226496066900
226441707100
226414663500
226748768800
227148873700
227237539400
227444386500
227787332700
227798026300
227914447300
227753600500
227784210800
227885999100
227754589700
227819482000
227849961600
228044439400
228408375100
228229177000
230141057300
230370892700
230517918700
232135686100
232393921900
232518295600
232731189300
232797300900
204601179200
204776011000
208351377400
208652919700
210927046200
211636593400
211968760500
212472284500
222033735500
222206357600
222260972700
222717530200
222965742300
223047982400
223421245900
223525946400
223765074800
224527518300
224475794700
224657917500
224786066400
224920224100
225045119200
225300208100
225083345800
225297976800
225087290200
225207502100
225210782700
225135014300
225299794100
225212756900
225081752400
225086846300
225391398800
225676394600
225912389300
225814767900
225983982600
226168538100
226382712200
226325927800
226462121400
226811025900
227042434900
228249240500
228538029000
228465732400
228859518400
228911022000
228954548100
231413676800
231644261700
231676545200
231382123700
231678422600
231661667400
231703663700
231543578600
231669648200
231552406100
