1189600
17584000
2502500
7981000
10966300
9391000
13139500
11311300
330360500
257400100
27263100
8973100
8926600
11480000
10642400
1093400
3466800
5470400
4135300
11182600
95299100
584155500
417636100
366375900
168917700
724722100
662083900
376935300
262291300
289766000
102730100
82066400
704259700
453807900
392153800
176743500
142177900
701823200
718230400
463711900
424645900
172802700
134596900
726372000
450999800
695282900
513293900
313194000
238929200
107889400
754509400
726235000
456852400
432928400
183259100
747570400
717247700
773058000
643741500
589160000
348737600
226778900
743556100
464838400
160485900
88826200
69948300
757969300
751226900
773637600
694856100
764344400
710923500
554124900
756196800
738318300
522014700
410366300
782174700
683419500
581122400
794484700
666431300
559283900
388205100
788784100
690310800
563118500
785488800
715261100
576136400
402169100
776168900
716957700
569026300
801501000
672129200
623505400
799102700
681748100
605163200
395529400
254567400
805006900
661915800
656946600
633117000
343314200
811110800
812255800
706329900
791462400
741897300
564197300
426044300
263595500
644126100
647097600
366040800
815100700
696874200
630126400
393296800
648740200
812791500
748152200
593411400
656257000
684468200
675493800
383342000
306292500
794795200
560795000
474940500
278727600
221043800
682022300
377397300
352208500
690491800
397885800
346272900
688989900
378036200
361097700
192640800
703517500
693294300
416820300
692455000
363402900
197362600
128640800
694027300
382179200
348299100
217154500
717803800
707317600
382315900
376246900
217661900
